03:53:40 **** Build of configuration Default for project Blackmagic ****
make PROBE_HOST=f4discovery all 
  GIT     include/version.h
/bin/sh: 1: git: not found
diff: include/version.h: No such file or directory
  CC      target/adiv5.c
  CC      target/adiv5_swdp.c
  CC      command.c
  CC      target/cortexa.c
  CC      target/cortexm.c
  CC      crc32.c
  CC      target/efm32.c
  CC      exception.c
  CC      platforms/stm32/gdb_if.c
  CC      gdb_main.c
  CC      gdb_hostio.c
  CC      gdb_packet.c
  CC      hex_utils.c
  CC      target/lmi.c
  CC      target/lpc_common.c
  CC      target/lpc11xx.c
  CC      target/lpc15xx.c
  CC      target/lpc43xx.c
  CC      target/kinetis.c
  CC      main.c
  CC      morse.c
  CC      target/nrf51.c
  CC      platforms/f4discovery/platform.c
  CC      target/sam3x.c
  CC      target/sam4l.c
  CC      target/samd.c
  CC      target/stm32f1.c
  CC      target/stm32f4.c
  CC      target/stm32l0.c
  CC      target/stm32l4.c
  CC      platforms/common/swdptap.c
  CC      target/swdptap_generic.c
  CC      target/target.c
  CC      platforms/common/cdcacm.c
  CC      platforms/stm32/traceswo.c
  CC      platforms/stm32/usbuart.c
  CC      platforms/stm32/serialno.c
  CC      platforms/common/timing.c
  CC      platforms/stm32/timing_stm32.c
  CC      target/adiv5_jtagdp.c
  CC      target/jtag_scan.c
  CC      platforms/stm32/jtagtap.c
  CC      target/jtagtap_generic.c
  LD      blackmagic
  OBJCOPY blackmagic.bin
03:54:21 **** Clean-only build of configuration Default for project Blackmagic ****
make PROBE_HOST=f4discovery clean 
  CLEAN
06:01:30 **** Build of configuration Default for project TP2_Move_correction ****
make all 
> Compiling main.c
arm-none-eabi-gcc -c -mcpu=cortex-m4 -O0 -ggdb -fomit-frame-pointer -falign-functions=16 -ffunction-sections -fdata-sections -fno-common -Wall -Wextra -Wundef -Wstrict-prototypes -DSTM32F4 -DSTM32F407xx -mthumb -mno-thumb-interwork -MD -MP -I. -I../ST main.c -o main.o
> Compiling gpio.c
arm-none-eabi-gcc -c -mcpu=cortex-m4 -O0 -ggdb -fomit-frame-pointer -falign-functions=16 -ffunction-sections -fdata-sections -fno-common -Wall -Wextra -Wundef -Wstrict-prototypes -DSTM32F4 -DSTM32F407xx -mthumb -mno-thumb-interwork -MD -MP -I. -I../ST gpio.c -o gpio.o
> Compiling timer.c
arm-none-eabi-gcc -c -mcpu=cortex-m4 -O0 -ggdb -fomit-frame-pointer -falign-functions=16 -ffunction-sections -fdata-sections -fno-common -Wall -Wextra -Wundef -Wstrict-prototypes -DSTM32F4 -DSTM32F407xx -mthumb -mno-thumb-interwork -MD -MP -I. -I../ST timer.c -o timer.o
> Compiling motor.c
arm-none-eabi-gcc -c -mcpu=cortex-m4 -O0 -ggdb -fomit-frame-pointer -falign-functions=16 -ffunction-sections -fdata-sections -fno-common -Wall -Wextra -Wundef -Wstrict-prototypes -DSTM32F4 -DSTM32F407xx -mthumb -mno-thumb-interwork -MD -MP -I. -I../ST motor.c -o motor.o
> Compiling selector.c
arm-none-eabi-gcc -c -mcpu=cortex-m4 -O0 -ggdb -fomit-frame-pointer -falign-functions=16 -ffunction-sections -fdata-sections -fno-common -Wall -Wextra -Wundef -Wstrict-prototypes -DSTM32F4 -DSTM32F407xx -mthumb -mno-thumb-interwork -MD -MP -I. -I../ST selector.c -o selector.o
> Compiling system_clock_config.c
arm-none-eabi-gcc -c -mcpu=cortex-m4 -O0 -ggdb -fomit-frame-pointer -falign-functions=16 -ffunction-sections -fdata-sections -fno-common -Wall -Wextra -Wundef -Wstrict-prototypes -DSTM32F4 -DSTM32F407xx -mthumb -mno-thumb-interwork -MD -MP -I. -I../ST ../ST/system_clock_config.c -o ../ST/system_clock_config.o
> Compiling stm32f4xx_ll_rcc.c
arm-none-eabi-gcc -c -mcpu=cortex-m4 -O0 -ggdb -fomit-frame-pointer -falign-functions=16 -ffunction-sections -fdata-sections -fno-common -Wall -Wextra -Wundef -Wstrict-prototypes -DSTM32F4 -DSTM32F407xx -mthumb -mno-thumb-interwork -MD -MP -I. -I../ST ../ST/stm32f4xx_ll_rcc.c -o ../ST/stm32f4xx_ll_rcc.o
> Compiling system_stm32f4xx.c
arm-none-eabi-gcc -c -mcpu=cortex-m4 -O0 -ggdb -fomit-frame-pointer -falign-functions=16 -ffunction-sections -fdata-sections -fno-common -Wall -Wextra -Wundef -Wstrict-prototypes -DSTM32F4 -DSTM32F407xx -mthumb -mno-thumb-interwork -MD -MP -I. -I../ST ../ST/system_stm32f4xx.c -o ../ST/system_stm32f4xx.o
> Compiling startup_stm32f407xx.s
arm-none-eabi-gcc -x assembler-with-cpp -c -mcpu=cortex-m4 -mthumb -mno-thumb-interwork -I. -I../ST ../ST/startup_stm32f407xx.s -o ../ST/startup_stm32f407xx.o
> Linking move.elf
arm-none-eabi-gcc main.o gpio.o timer.o motor.o selector.o ../ST/system_clock_config.o ../ST/stm32f4xx_ll_rcc.o ../ST/system_stm32f4xx.o ../ST/startup_stm32f407xx.o  -mcpu=cortex-m4 -O0 -ggdb -fomit-frame-pointer -falign-functions=16 -ffunction-sections -fdata-sections -fno-common -nostartfiles  -mthumb -mno-thumb-interwork -Wl,--no-warn-mismatch,--gc-sections,--script=../ST/STM32F407VGTx_FLASH.ld  -o move.elf
> Creating move.list
arm-none-eabi-objdump -d move.elf > move.list
> Creating move.size
arm-none-eabi-nm --size-sort --print-size move.elf > move.size
> Creating move.mem
arm-none-eabi-nm --numeric-sort --print-size move.elf > move.mem
arm-none-eabi-size move.elf
   text	   data	    bss	    dec	    hex	filename
   5532	      4	   1556	   7092	   1bb4	move.elf
> Done
06:01:44 **** Incremental Build of configuration Default for project TP2_Move_correction ****
make all 
arm-none-eabi-size move.elf
   text	   data	    bss	    dec	    hex	filename
   5532	      4	   1556	   7092	   1bb4	move.elf
> Done
06:03:52 **** Incremental Build of configuration Default for project TP2_Move_correction ****
make all 
arm-none-eabi-size move.elf
   text	   data	    bss	    dec	    hex	filename
   5532	      4	   1556	   7092	   1bb4	move.elf
> Done
06:04:07 **** Incremental Build of configuration Default for project TP2_Move_correction ****
make all 
arm-none-eabi-size move.elf
   text	   data	    bss	    dec	    hex	filename
   5532	      4	   1556	   7092	   1bb4	move.elf
> Done
06:04:33 **** Incremental Build of configuration Default for project TP2_Move_correction ****
make all 
arm-none-eabi-size move.elf
   text	   data	    bss	    dec	    hex	filename
   5532	      4	   1556	   7092	   1bb4	move.elf
> Done
06:04:59 **** Incremental Build of configuration Default for project TP2_Move_correction ****
make all 
arm-none-eabi-size move.elf
   text	   data	    bss	    dec	    hex	filename
   5532	      4	   1556	   7092	   1bb4	move.elf
> Done
06:05:39 **** Clean-only build of configuration Default for project TP2_Move_correction ****
make clean 
> Cleaning
rm -f main.o gpio.o timer.o motor.o selector.o ../ST/system_clock_config.o ../ST/stm32f4xx_ll_rcc.o ../ST/system_stm32f4xx.o ../ST/startup_stm32f407xx.o
rm main.d gpio.d timer.d motor.d selector.d ../ST/system_clock_config.d ../ST/stm32f4xx_ll_rcc.d ../ST/system_stm32f4xx.d
rm -f move.elf move.list move.size move.mem
> Done
09:24:56 **** Build of configuration Default for project Exercise1 ****
make all 
arm-none-eabi-ar rcs libssp.a
arm-none-eabi-ar rcs libssp_nonshared.a
Compiler Options
arm-none-eabi-gcc -c -mcpu=cortex-m4 -O2 -ggdb -fomit-frame-pointer -falign-functions=16 -fno-strict-aliasing -fstack-protector-all -L . -ffunction-sections -fdata-sections -fno-common -mfloat-abi=hard -mfpu=fpv4-sp-d16 -fsingle-precision-constant -Wall -Wextra -Wundef -Wstrict-prototypes -Wno-implicit-fallthrough -Wa,-alms=build/lst/ -DCORTEX_USE_FPU=TRUE -DSTDOUT_SD=SDU1 -DSTDIN_SD=SDU1 -DARM_MATH_CM4 -D__FPU_PRESENT -DTHUMB_PRESENT -mno-thumb-interwork -DTHUMB_NO_INTERWORKING -MD -MP -MF .dep/build.d -I. -I../e-puck2_main-processor/ChibiOS_ext/os/hal/include -I../e-puck2_main-processor/ChibiOS_ext/os/hal/ports/STM32/STM32F4xx -I../e-puck2_main-processor/src/epuck1x -I../e-puck2_main-processor/src/ -I../e-puck2_main-processor/ChibiOS//os/common/ports/ARMCMx/devices/STM32F4xx -I../e-puck2_main-processor/ChibiOS//os/ext/CMSIS/include -I../e-puck2_main-processor/ChibiOS//os/ext/CMSIS/ST -I../e-puck2_main-processor/ChibiOS//os/rt/include -I../e-puck2_main-processor/ChibiOS//os/rt/ports/ARMCMx -I../e-puck2_main-processor/ChibiOS//os/rt/ports/ARMCMx/compilers/GCC -I../e-puck2_main-processor/ChibiOS//os/hal/osal/rt -I../e-puck2_main-processor/ChibiOS//os/hal/include -I../e-puck2_main-processor/ChibiOS//os/hal/ports/common/ARMCMx -I../e-puck2_main-processor/ChibiOS//os/hal/ports/STM32/STM32F4xx -I../e-puck2_main-processor/ChibiOS//os/hal/ports/STM32/LLD -I../e-puck2_main-processor/ChibiOS//os/hal/ports/STM32/LLD/DACv1 -I../e-puck2_main-processor/ChibiOS//os/hal/ports/STM32/LLD/GPIOv2 -I../e-puck2_main-processor/ChibiOS//os/hal/ports/STM32/LLD/I2Cv1 -I../e-puck2_main-processor/ChibiOS//os/hal/ports/STM32/LLD/OTGv1 -I../e-puck2_main-processor/ChibiOS//os/hal/ports/STM32/LLD/RTCv2 -I../e-puck2_main-processor/ChibiOS//os/hal/ports/STM32/LLD/SPIv1 -I../e-puck2_main-processor/ChibiOS//os/hal/ports/STM32/LLD/TIMv1 -I../e-puck2_main-processor/ChibiOS//os/hal/ports/STM32/LLD/USARTv1 -I../e-puck2_main-processor/ChibiOS//os/hal/ports/STM32/LLD/FSMCv1 -I../e-puck2_main-processor/ChibiOS_ext//os/hal/boards/epuck2 -I../e-puck2_main-processor/ChibiOS//test/rt -I../e-puck2_main-processor/ChibiOS//os/various -I../e-puck2_main-processor/ChibiOS//os/hal/lib/streams -I../e-puck2_main-processor/aseba -I../e-puck2_main-processor/ChibiOS_ext//ext/fatfs/src -I../e-puck2_main-processor/src main.c -o main.o

[1;34mCompiling crt0_v7m.s[0m
[1;34mCompiling chcoreasm_v7m.s[0m
[1;34mCompiling main.c[0m
[1;34mCompiling spi3_slave_lld.c[0m
[1;34mCompiling dcmi_lld.c[0m
[1;34mCompiling dcmi.c[0m
[1;34mCompiling spi3_slave.c[0m
[1;34mCompiling audio_thread.c[0m
[1;34mCompiling microphone.c[0m
[1;34mCompiling mp45dt02_processing.c[0m
[1;34mCompiling play_melody.c[0m
[1;34mCompiling button.c[0m
[1;34mCompiling camera.c[0m
[1;34mCompiling dcmi_camera.c[0m
[1;34mCompiling ov2640.c[0m
[1;34mCompiling ov7670.c[0m
[1;34mCompiling po6030.c[0m
[1;34mCompiling po8030.c[0m
[1;34mCompiling cmd.c[0m
[1;34mCompiling Asercom.c[0m
[1;34mCompiling Asercom2.c[0m
[1;34mCompiling DataEEPROM.c[0m
[1;34mCompiling e_I2C_protocol.c[0m
[1;34mCompiling e_acc.c[0m
[1;34mCompiling e_ad_conv.c[0m
[1;34mCompiling e_micro.c[0m
[1;34mCompiling e_prox.c[0m
[1;34mCompiling e_lsm330.c[0m
[1;34mCompiling e_common.c[0m
[1;34mCompiling e_sound.c[0m
[1;34mCompiling e_agenda.c[0m
[1;34mCompiling e_led.c[0m
[1;34mCompiling e_motors.c[0m
[1;34mCompiling e_remote_control.c[0m
[1;34mCompiling e_init_port.c[0m
[1;34mCompiling e_uart_char.c[0m
[1;34mCompiling utility.c[0m
[1;34mCompiling exti.c[0m
[1;34mCompiling flash.c[0m
[1;34mCompiling i2c_bus.c[0m
[1;34mCompiling ir_remote.c[0m
[1;34mCompiling leds.c[0m
[1;34mCompiling memory_protection.c[0m
[1;34mCompiling motors.c[0m
[1;34mCompiling panic.c[0m
[1;34mCompiling selector.c[0m
[1;34mCompiling battery_level.c[0m
[1;34mCompiling ground.c[0m
[1;34mCompiling imu.c[0m
[1;34mCompiling mpu9250.c[0m
[1;34mCompiling proximity.c[0m
[1;34mCompiling serial_comm.c[0m
[1;34mCompiling spi_comm.c[0m
[1;34mCompiling sdio.c[0m
[1;34mCompiling usbcfg.c[0m
[1;34mCompiling uc_usage.c[0m
[1;34mCompiling malloc_lock.c[0m
[1;34mCompiling newlib_syscalls.c[0m
[1;34mCompiling port.c[0m
[1;34mCompiling communication.c[0m
[1;34mCompiling config_flash_storage.c[0m
[1;34mCompiling vl53l0x_api.c[0m
[1;34mCompiling vl53l0x_api_calibration.c[0m
[1;34mCompiling vl53l0x_api_core.c[0m
[1;34mCompiling vl53l0x_api_ranging.c[0m
[1;34mCompiling vl53l0x_api_strings.c[0m
[1;34mCompiling vl53l0x_i2c_platform.c[0m
[1;34mCompiling vl53l0x_platform.c[0m
[1;34mCompiling VL53L0X.c[0m
[1;34mCompiling serial_datagram.c[0m
[1;34mCompiling cmp.c[0m
[1;34mCompiling cmp_mem_access.c[0m
[1;34mCompiling crc16.c[0m
[1;34mCompiling crc32.c[0m
[1;34mCompiling messagebus.c[0m
[1;34mCompiling parameter.c[0m
[1;34mCompiling parameter_msgpack.c[0m
[1;34mCompiling parameter_print.c[0m
[1;34mCompiling fat.c[0m
[1;34mCompiling play_sound_file.c[0m
[1;34mCompiling behaviors.c[0m
[1;34mCompiling ircom.c[0m
[1;34mCompiling ircomReceive.c[0m
[1;34mCompiling ircomTools.c[0m
[1;34mCompiling ircomMessages.c[0m
[1;34mCompiling ircomSend.c[0m
[1;34mCompiling transceiver.c[0m
[1;34mCompiling crt1.c[0m
[1;34mCompiling vectors.c[0m
[1;34mCompiling chsys.c[0m
[1;34mCompiling chdebug.c[0m
[1;34mCompiling chvt.c[0m
[1;34mCompiling chschd.c[0m
[1;34mCompiling chthreads.c[0m
[1;34mCompiling chtm.c[0m
[1;34mCompiling chstats.c[0m
[1;34mCompiling chdynamic.c[0m
[1;34mCompiling chregistry.c[0m
[1;34mCompiling chsem.c[0m
[1;34mCompiling chmtx.c[0m
[1;34mCompiling chcond.c[0m
[1;34mCompiling chevents.c[0m
[1;34mCompiling chmsg.c[0m
[1;34mCompiling chmboxes.c[0m
[1;34mCompiling chqueues.c[0m
[1;34mCompiling chmemcore.c[0m
[1;34mCompiling chheap.c[0m
[1;34mCompiling chmempools.c[0m
[1;34mCompiling chcore.c[0m
[1;34mCompiling chcore_v7m.c[0m
[1;34mCompiling osal.c[0m
[1;34mCompiling hal.c[0m
[1;34mCompiling hal_queues.c[0m
[1;34mCompiling hal_mmcsd.c[0m
[1;34mCompiling adc.c[0m
[1;34mCompiling can.c[0m
[1;34mCompiling dac.c[0m
[1;34mCompiling ext.c[0m
[1;34mCompiling gpt.c[0m
[1;34mCompiling i2c.c[0m
[1;34mCompiling i2s.c[0m
[1;34mCompiling icu.c[0m
[1;34mCompiling mac.c[0m
[1;34mCompiling mmc_spi.c[0m
[1;34mCompiling pal.c[0m
[1;34mCompiling pwm.c[0m
[1;34mCompiling rtc.c[0m
[1;34mCompiling sdc.c[0m
[1;34mCompiling serial.c[0m
[1;34mCompiling serial_usb.c[0m
[1;34mCompiling spi.c[0m
[1;34mCompiling st.c[0m
[1;34mCompiling uart.c[0m
[1;34mCompiling usb.c[0m
[1;34mCompiling nvic.c[0m
[1;34mCompiling stm32_dma.c[0m
[1;34mCompiling hal_lld.c[0m
[1;34mCompiling adc_lld.c[0m
[1;34mCompiling ext_lld_isr.c[0m
[1;34mCompiling can_lld.c[0m
[1;34mCompiling ext_lld.c[0m
[1;34mCompiling mac_lld.c[0m
[1;34mCompiling sdc_lld.c[0m
[1;34mCompiling dac_lld.c[0m
[1;34mCompiling pal_lld.c[0m
[1;34mCompiling i2c_lld.c[0m
[1;34mCompiling usb_lld.c[0m
[1;34mCompiling rtc_lld.c[0m
[1;34mCompiling i2s_lld.c[0m
[1;34mCompiling spi_lld.c[0m
[1;34mCompiling gpt_lld.c[0m
[1;34mCompiling icu_lld.c[0m
[1;34mCompiling pwm_lld.c[0m
[1;34mCompiling st_lld.c[0m
[1;34mCompiling serial_lld.c[0m
[1;34mCompiling uart_lld.c[0m
[1;34mCompiling board.c[0m
[1;34mCompiling test.c[0m
[1;34mCompiling testthd.c[0m
[1;34mCompiling testsem.c[0m
[1;34mCompiling testmtx.c[0m
[1;34mCompiling testmsg.c[0m
[1;34mCompiling testmbox.c[0m
[1;34mCompiling testevt.c[0m
[1;34mCompiling testheap.c[0m
[1;34mCompiling testpools.c[0m
[1;34mCompiling testdyn.c[0m
[1;34mCompiling testqueues.c[0m
[1;34mCompiling testsys.c[0m
[1;34mCompiling testbmk.c[0m
[1;34mCompiling shell.c[0m
[1;34mCompiling memstreams.c[0m
[1;34mCompiling chprintf.c[0m
[1;34mCompiling fatfs_diskio.c[0m
[1;34mCompiling fatfs_syscall.c[0m
[1;34mCompiling ff.c[0m
[1;34mCompiling unicode.c[0m
[1;34mCompiling vm-buffer.c[0m
[1;34mCompiling can-buffer.c[0m
[1;34mCompiling can-net.c[0m
[1;34mCompiling natives.c[0m
[1;34mCompiling vm.c[0m
[1;34mCompiling aseba_can_interface.c[0m
[1;34mCompiling aseba_node.c[0m
[1;34mCompiling skel_user.c[0m
[1;34mCompiling aseba_bridge.c[0m
[1;34mLinking build/Project_template.elf[0m
[1;34mCreating build/Project_template.hex[0m
[1;34mCreating build/Project_template.bin[0m
[1;34mCreating build/Project_template.dmp[0m

   text	   data	    bss	    dec	    hex	filename
  47908	   2948	   6236	  57092	   df04	build/Project_template.elf
[1;34mCreating build/Project_template.list[0m

[1;34mDone[0m
09:30:09 **** Incremental Build of configuration Default for project Exercise1 ****
make all 
make: Nothing to be done for 'all'.
09:30:52 **** Incremental Build of configuration Default for project Exercise1 ****
make all 
make: Nothing to be done for 'all'.
09:31:38 **** Incremental Build of configuration Default for project Exercise1 ****
make all 
make: Nothing to be done for 'all'.
09:58:22 **** Build of configuration Default for project Exercise1 ****
make all 
[1;34mCompiling main.c[0m
[1;34mLinking build/Project_template.elf[0m
[1;34mCreating build/Project_template.hex[0m
[1;34mCreating build/Project_template.bin[0m
[1;34mCreating build/Project_template.dmp[0m

   text	   data	    bss	    dec	    hex	filename
  47988	   2948	   6236	  57172	   df54	build/Project_template.elf
[1;34mCreating build/Project_template.list[0m

[1;34mDone[0m
09:58:59 **** Incremental Build of configuration Default for project Exercise1 ****
make all 
[1;34mCompiling main.c[0m
[1;34mLinking build/Project_template.elf[0m
[1;34mCreating build/Project_template.hex[0m
[1;34mCreating build/Project_template.bin[0m
[1;34mCreating build/Project_template.dmp[0m

   text	   data	    bss	    dec	    hex	filename
  47988	   2948	   6236	  57172	   df54	build/Project_template.elf
[1;34mCreating build/Project_template.list[0m

[1;34mDone[0m
09:59:03 **** Incremental Build of configuration Default for project Exercise1 ****
make all 
make: Nothing to be done for 'all'.
10:00:45 **** Incremental Build of configuration Default for project Exercise1 ****
make all 
[1;34mCompiling main.c[0m
[1;34mLinking build/Project_template.elf[0m
[1;34mCreating build/Project_template.hex[0m
[1;34mCreating build/Project_template.bin[0m
[1;34mCreating build/Project_template.dmp[0m

   text	   data	    bss	    dec	    hex	filename
  48116	   2948	   6252	  57316	   dfe4	build/Project_template.elf
[1;34mCreating build/Project_template.list[0m

[1;34mDone[0m
10:00:48 **** Incremental Build of configuration Default for project Exercise1 ****
make all 
make: Nothing to be done for 'all'.
10:03:54 **** Incremental Build of configuration Default for project Exercise1 ****
make all 
[1;34mCompiling main.c[0m
[1;34mLinking build/Project_template.elf[0m
[1;34mCreating build/Project_template.hex[0m
[1;34mCreating build/Project_template.bin[0m
[1;34mCreating build/Project_template.dmp[0m

   text	   data	    bss	    dec	    hex	filename
  48100	   2948	   6236	  57284	   dfc4	build/Project_template.elf
[1;34mCreating build/Project_template.list[0m

[1;34mDone[0m
10:03:56 **** Incremental Build of configuration Default for project Exercise1 ****
make all 
make: Nothing to be done for 'all'.
10:04:12 **** Incremental Build of configuration Default for project Exercise1 ****
make all 
make: Nothing to be done for 'all'.
10:04:14 **** Incremental Build of configuration Default for project Exercise1 ****
make all 
make: Nothing to be done for 'all'.
10:04:19 **** Incremental Build of configuration Default for project Exercise1 ****
make all 
make: Nothing to be done for 'all'.
10:04:23 **** Incremental Build of configuration Default for project Exercise1 ****
make all 
make: Nothing to be done for 'all'.
10:04:26 **** Incremental Build of configuration Default for project Exercise1 ****
make all 
make: Nothing to be done for 'all'.
10:08:22 **** Incremental Build of configuration Default for project Exercise1 ****
make all 
[1;34mCompiling main.c[0m
[1;34mLinking build/Project_template.elf[0m
[1;34mCreating build/Project_template.hex[0m
[1;34mCreating build/Project_template.bin[0m
[1;34mCreating build/Project_template.dmp[0m

   text	   data	    bss	    dec	    hex	filename
  47988	   2948	   6236	  57172	   df54	build/Project_template.elf
[1;34mCreating build/Project_template.list[0m

[1;34mDone[0m
10:08:45 **** Incremental Build of configuration Default for project Exercise1 ****
make all 
[1;34mCompiling main.c[0m
[1;34mLinking build/Project_template.elf[0m
[1;34mCreating build/Project_template.hex[0m
[1;34mCreating build/Project_template.bin[0m
[1;34mCreating build/Project_template.dmp[0m

   text	   data	    bss	    dec	    hex	filename
  48004	   2948	   6236	  57188	   df64	build/Project_template.elf
[1;34mCreating build/Project_template.list[0m

[1;34mDone[0m
10:08:48 **** Incremental Build of configuration Default for project Exercise1 ****
make all 
make: Nothing to be done for 'all'.
10:09:34 **** Incremental Build of configuration Default for project Exercise1 ****
make all 
[1;34mCompiling main.c[0m
[1;34mLinking build/Project_template.elf[0m
[1;34mCreating build/Project_template.hex[0m
[1;34mCreating build/Project_template.bin[0m
[1;34mCreating build/Project_template.dmp[0m

   text	   data	    bss	    dec	    hex	filename
  48084	   2948	   6252	  57284	   dfc4	build/Project_template.elf
[1;34mCreating build/Project_template.list[0m

[1;34mDone[0m
10:09:36 **** Incremental Build of configuration Default for project Exercise1 ****
make all 
make: Nothing to be done for 'all'.
10:10:02 **** Incremental Build of configuration Default for project Exercise1 ****
make all 
[1;34mCompiling main.c[0m
[1;34mLinking build/Project_template.elf[0m
[1;34mCreating build/Project_template.hex[0m
[1;34mCreating build/Project_template.bin[0m
[1;34mCreating build/Project_template.dmp[0m

   text	   data	    bss	    dec	    hex	filename
  48084	   2948	   6252	  57284	   dfc4	build/Project_template.elf
[1;34mCreating build/Project_template.list[0m

[1;34mDone[0m
10:10:04 **** Incremental Build of configuration Default for project Exercise1 ****
make all 
make: Nothing to be done for 'all'.
10:11:04 **** Incremental Build of configuration Default for project Exercise1 ****
make all 
[1;34mCompiling main.c[0m
[1;34mLinking build/Project_template.elf[0m
[1;34mCreating build/Project_template.hex[0m
[1;34mCreating build/Project_template.bin[0m
[1;34mCreating build/Project_template.dmp[0m

   text	   data	    bss	    dec	    hex	filename
  47988	   2948	   6236	  57172	   df54	build/Project_template.elf
[1;34mCreating build/Project_template.list[0m

[1;34mDone[0m
10:11:06 **** Incremental Build of configuration Default for project Exercise1 ****
make all 
make: Nothing to be done for 'all'.
10:15:56 **** Incremental Build of configuration Default for project Exercise1 ****
make all 
[1;34mCompiling main.c[0m
main.c: In function 'main':
main.c:25:5: error: too few arguments to function 'proximity_start'
     proximity_start();
     ^~~~~~~~~~~~~~~
In file included from main.c:11:0:
../e-puck2_main-processor/src/sensors/proximity.h:36:6: note: declared here
 void proximity_start(uint8_t mode);
      ^~~~~~~~~~~~~~~
main.c:28:6: error: 'cout' undeclared (first use in this function); did you mean 'cosl'?
      cout<<get_prox(2)<<endl;
      ^~~~
      cosl
main.c:28:6: note: each undeclared identifier is reported only once for each function it appears in
main.c:28:25: error: 'endl' undeclared (first use in this function); did you mean 'erfl'?
      cout<<get_prox(2)<<endl;
                         ^~~~
                         erfl
make: *** [../e-puck2_main-processor/ChibiOS//os/common/ports/ARMCMx/compilers/GCC/rules.mk:217: build/obj/main.o] Error 1
"make all" terminated with exit code 2. Build might be incomplete.
10:16:45 **** Incremental Build of configuration Default for project Exercise1 ****
make all 
[1;34mCompiling main.c[0m
main.c:5:2: error: invalid preprocessing directive #inlcude; did you mean #include?
 #inlcude <iostream>
  ^~~~~~~
  include
main.c: In function 'main':
main.c:25:5: error: too few arguments to function 'proximity_start'
     proximity_start();
     ^~~~~~~~~~~~~~~
In file included from main.c:11:0:
../e-puck2_main-processor/src/sensors/proximity.h:36:6: note: declared here
 void proximity_start(uint8_t mode);
      ^~~~~~~~~~~~~~~
main.c:28:6: error: 'cout' undeclared (first use in this function); did you mean 'cosl'?
      cout<<get_prox(2)<<endl;
      ^~~~
      cosl
main.c:28:6: note: each undeclared identifier is reported only once for each function it appears in
main.c:28:25: error: 'endl' undeclared (first use in this function); did you mean 'erfl'?
      cout<<get_prox(2)<<endl;
                         ^~~~
                         erfl
make: *** [../e-puck2_main-processor/ChibiOS//os/common/ports/ARMCMx/compilers/GCC/rules.mk:217: build/obj/main.o] Error 1
"make all" terminated with exit code 2. Build might be incomplete.
10:17:11 **** Incremental Build of configuration Default for project Exercise1 ****
make all 
[1;34mCompiling main.c[0m
main.c:5:10: fatal error: iostream: No such file or directory
 #include <iostream>
          ^~~~~~~~~~
compilation terminated.
make: *** [../e-puck2_main-processor/ChibiOS//os/common/ports/ARMCMx/compilers/GCC/rules.mk:217: build/obj/main.o] Error 1
"make all" terminated with exit code 2. Build might be incomplete.
10:19:23 **** Incremental Build of configuration Default for project Exercise1 ****
make all 
[1;34mCompiling main.c[0m
main.c: In function 'main':
main.c:24:5: error: too few arguments to function 'proximity_start'
     proximity_start();
     ^~~~~~~~~~~~~~~
In file included from main.c:10:0:
../e-puck2_main-processor/src/sensors/proximity.h:36:6: note: declared here
 void proximity_start(uint8_t mode);
      ^~~~~~~~~~~~~~~
make: *** [../e-puck2_main-processor/ChibiOS//os/common/ports/ARMCMx/compilers/GCC/rules.mk:217: build/obj/main.o] Error 1
"make all" terminated with exit code 2. Build might be incomplete.
10:19:41 **** Incremental Build of configuration Default for project Exercise1 ****
make all 
[1;34mCompiling main.c[0m
main.c: In function 'main':
main.c:26:5: error: too few arguments to function 'proximity_start'
     proximity_start();
     ^~~~~~~~~~~~~~~
In file included from main.c:10:0:
../e-puck2_main-processor/src/sensors/proximity.h:36:6: note: declared here
 void proximity_start(uint8_t mode);
      ^~~~~~~~~~~~~~~
make: *** [../e-puck2_main-processor/ChibiOS//os/common/ports/ARMCMx/compilers/GCC/rules.mk:217: build/obj/main.o] Error 1
"make all" terminated with exit code 2. Build might be incomplete.
10:19:51 **** Incremental Build of configuration Default for project Exercise1 ****
make all 
[1;34mCompiling main.c[0m
main.c: In function 'main':
main.c:25:5: error: too few arguments to function 'proximity_start'
     proximity_start();
     ^~~~~~~~~~~~~~~
In file included from main.c:10:0:
../e-puck2_main-processor/src/sensors/proximity.h:36:6: note: declared here
 void proximity_start(uint8_t mode);
      ^~~~~~~~~~~~~~~
make: *** [../e-puck2_main-processor/ChibiOS//os/common/ports/ARMCMx/compilers/GCC/rules.mk:217: build/obj/main.o] Error 1
"make all" terminated with exit code 2. Build might be incomplete.
10:20:02 **** Incremental Build of configuration Default for project Exercise1 ****
make all 
[1;34mCompiling main.c[0m
[1;34mLinking build/Project_template.elf[0m
[1;34mCreating build/Project_template.hex[0m
[1;34mCreating build/Project_template.bin[0m
[1;34mCreating build/Project_template.dmp[0m

   text	   data	    bss	    dec	    hex	filename
  48052	   2972	   6244	  57268	   dfb4	build/Project_template.elf
[1;34mCreating build/Project_template.list[0m

[1;34mDone[0m
10:20:26 **** Incremental Build of configuration Default for project Exercise1 ****
make all 
[1;34mCompiling main.c[0m
main.c: In function 'main':
main.c:25:5: error: too few arguments to function 'proximity_start'
     proximity_start();
     ^~~~~~~~~~~~~~~
In file included from main.c:10:0:
../e-puck2_main-processor/src/sensors/proximity.h:36:6: note: declared here
 void proximity_start(uint8_t mode);
      ^~~~~~~~~~~~~~~
make: *** [../e-puck2_main-processor/ChibiOS//os/common/ports/ARMCMx/compilers/GCC/rules.mk:217: build/obj/main.o] Error 1
"make all" terminated with exit code 2. Build might be incomplete.
10:20:35 **** Incremental Build of configuration Default for project Exercise1 ****
make all 
[1;34mCompiling main.c[0m
main.c: In function 'main':
main.c:27:5: error: too few arguments to function 'proximity_start'
     proximity_start();
     ^~~~~~~~~~~~~~~
In file included from main.c:11:0:
../e-puck2_main-processor/src/sensors/proximity.h:36:6: note: declared here
 void proximity_start(uint8_t mode);
      ^~~~~~~~~~~~~~~
make: *** [../e-puck2_main-processor/ChibiOS//os/common/ports/ARMCMx/compilers/GCC/rules.mk:217: build/obj/main.o] Error 1
"make all" terminated with exit code 2. Build might be incomplete.
10:21:02 **** Incremental Build of configuration Default for project Exercise1 ****
make all 
[1;34mCompiling main.c[0m
[1;34mLinking build/Project_template.elf[0m
[1;34mCreating build/Project_template.hex[0m
[1;34mCreating build/Project_template.bin[0m
[1;34mCreating build/Project_template.dmp[0m

   text	   data	    bss	    dec	    hex	filename
  53348	   3036	   7148	  63532	   f82c	build/Project_template.elf
[1;34mCreating build/Project_template.list[0m

[1;34mDone[0m
10:22:00 **** Incremental Build of configuration Default for project Exercise1 ****
make all 
make: Nothing to be done for 'all'.
10:22:42 **** Incremental Build of configuration Default for project Exercise1 ****
make all 
[1;34mCompiling main.c[0m
main.c: In function 'main':
main.c:27:5: error: too few arguments to function 'proximity_start'
     proximity_start();
     ^~~~~~~~~~~~~~~
In file included from main.c:11:0:
../e-puck2_main-processor/src/sensors/proximity.h:36:6: note: declared here
 void proximity_start(uint8_t mode);
      ^~~~~~~~~~~~~~~
make: *** [../e-puck2_main-processor/ChibiOS//os/common/ports/ARMCMx/compilers/GCC/rules.mk:217: build/obj/main.o] Error 1
"make all" terminated with exit code 2. Build might be incomplete.
10:24:55 **** Incremental Build of configuration Default for project Exercise1 ****
make all 
[1;34mCompiling main.c[0m
[1;34mLinking build/Project_template.elf[0m
[1;34mCreating build/Project_template.hex[0m
[1;34mCreating build/Project_template.bin[0m
[1;34mCreating build/Project_template.dmp[0m

   text	   data	    bss	    dec	    hex	filename
  54404	   3052	   7780	  65236	   fed4	build/Project_template.elf
[1;34mCreating build/Project_template.list[0m

[1;34mDone[0m
10:26:42 **** Incremental Build of configuration Default for project Exercise1 ****
make all 
make: Nothing to be done for 'all'.
10:26:45 **** Incremental Build of configuration Default for project Exercise1 ****
make all 
make: Nothing to be done for 'all'.
10:31:14 **** Incremental Build of configuration Default for project Exercise1 ****
make all 
make: Nothing to be done for 'all'.
10:34:26 **** Incremental Build of configuration Default for project Exercise1 ****
make all 
[1;34mCompiling main.c[0m
[1;34mLinking build/Project_template.elf[0m
[1;34mCreating build/Project_template.hex[0m
[1;34mCreating build/Project_template.bin[0m
[1;34mCreating build/Project_template.dmp[0m

   text	   data	    bss	    dec	    hex	filename
  56532	   3052	   7852	  67436	  1076c	build/Project_template.elf
[1;34mCreating build/Project_template.list[0m

[1;34mDone[0m
10:34:29 **** Incremental Build of configuration Default for project Exercise1 ****
make all 
make: Nothing to be done for 'all'.
10:36:09 **** Incremental Build of configuration Default for project Exercise1 ****
make all 
[1;34mCompiling main.c[0m
[1;34mLinking build/Project_template.elf[0m
[1;34mCreating build/Project_template.hex[0m
[1;34mCreating build/Project_template.bin[0m
[1;34mCreating build/Project_template.dmp[0m

   text	   data	    bss	    dec	    hex	filename
  56532	   3052	   7852	  67436	  1076c	build/Project_template.elf
[1;34mCreating build/Project_template.list[0m

[1;34mDone[0m
10:36:12 **** Incremental Build of configuration Default for project Exercise1 ****
make all 
make: Nothing to be done for 'all'.
10:36:25 **** Incremental Build of configuration Default for project Exercise1 ****
make all 
make: Nothing to be done for 'all'.
10:37:35 **** Incremental Build of configuration Default for project Exercise1 ****
make all 
[1;34mCompiling main.c[0m
[1;34mLinking build/Project_template.elf[0m
[1;34mCreating build/Project_template.hex[0m
[1;34mCreating build/Project_template.bin[0m
[1;34mCreating build/Project_template.dmp[0m

   text	   data	    bss	    dec	    hex	filename
  56548	   3052	   7852	  67452	  1077c	build/Project_template.elf
[1;34mCreating build/Project_template.list[0m

[1;34mDone[0m
10:37:37 **** Incremental Build of configuration Default for project Exercise1 ****
make all 
make: Nothing to be done for 'all'.
10:37:41 **** Incremental Build of configuration Default for project Exercise1 ****
make all 
make: Nothing to be done for 'all'.
10:41:12 **** Incremental Build of configuration Default for project Exercise1 ****
make all 
[1;34mCompiling main.c[0m
[1;34mLinking build/Project_template.elf[0m
[1;34mCreating build/Project_template.hex[0m
[1;34mCreating build/Project_template.bin[0m
[1;34mCreating build/Project_template.dmp[0m

   text	   data	    bss	    dec	    hex	filename
  55924	   3052	   7836	  66812	  104fc	build/Project_template.elf
[1;34mCreating build/Project_template.list[0m

[1;34mDone[0m
10:41:21 **** Incremental Build of configuration Default for project Exercise1 ****
make all 
make: Nothing to be done for 'all'.
10:41:24 **** Incremental Build of configuration Default for project Exercise1 ****
make all 
make: Nothing to be done for 'all'.
10:46:12 **** Incremental Build of configuration Default for project Exercise1 ****
make all 
[1;34mCompiling main.c[0m
main.c: In function 'main':
main.c:44:6: error: unknown type name 'inr'; did you mean 'int'?
      inr proxVal = get_prox(1);
      ^~~
      int
main.c:45:6: error: 'str_length' undeclared (first use in this function); did you mean 'strnlen'?
      str_length = sprintf(str, "Printing number %d!\n",proxVal);
      ^~~~~~~~~~
      strnlen
main.c:45:6: note: each undeclared identifier is reported only once for each function it appears in
main.c:45:27: error: 'str' undeclared (first use in this function); did you mean 'sbrk'?
      str_length = sprintf(str, "Printing number %d!\n",proxVal);
                           ^~~
                           sbrk
main.c:46:6: warning: implicit declaration of function 'ee_send_uart1_char'; did you mean 'e_send_uart1_char'? [-Wimplicit-function-declaration]
      ee_send_uart1_char(str, str_length);
      ^~~~~~~~~~~~~~~~~~
      e_send_uart1_char
make: *** [../e-puck2_main-processor/ChibiOS//os/common/ports/ARMCMx/compilers/GCC/rules.mk:217: build/obj/main.o] Error 1
"make all" terminated with exit code 2. Build might be incomplete.
10:46:19 **** Incremental Build of configuration Default for project Exercise1 ****
make all 
[1;34mCompiling main.c[0m
main.c: In function 'main':
main.c:44:6: error: unknown type name 'inr'; did you mean 'int'?
      inr proxVal = get_prox(1);
      ^~~
      int
main.c:45:6: error: 'str_length' undeclared (first use in this function); did you mean 'strnlen'?
      str_length = sprintf(str, "Printing number %d!\n",proxVal);
      ^~~~~~~~~~
      strnlen
main.c:45:6: note: each undeclared identifier is reported only once for each function it appears in
main.c:45:27: error: 'str' undeclared (first use in this function); did you mean 'sbrk'?
      str_length = sprintf(str, "Printing number %d!\n",proxVal);
                           ^~~
                           sbrk
make: *** [../e-puck2_main-processor/ChibiOS//os/common/ports/ARMCMx/compilers/GCC/rules.mk:217: build/obj/main.o] Error 1
"make all" terminated with exit code 2. Build might be incomplete.
10:46:36 **** Incremental Build of configuration Default for project Exercise1 ****
make all 
[1;34mCompiling main.c[0m
main.c: In function 'main':
main.c:43:6: error: 'str_length' undeclared (first use in this function); did you mean 'strnlen'?
      str_length = sprintf(str, "Printing number %d!\n",proxVal);
      ^~~~~~~~~~
      strnlen
main.c:43:6: note: each undeclared identifier is reported only once for each function it appears in
main.c:43:27: error: 'str' undeclared (first use in this function); did you mean 'sbrk'?
      str_length = sprintf(str, "Printing number %d!\n",proxVal);
                           ^~~
                           sbrk
make: *** [../e-puck2_main-processor/ChibiOS//os/common/ports/ARMCMx/compilers/GCC/rules.mk:217: build/obj/main.o] Error 1
"make all" terminated with exit code 2. Build might be incomplete.
10:46:51 **** Incremental Build of configuration Default for project Exercise1 ****
make all 
[1;34mCompiling main.c[0m
main.c: In function 'main':
main.c:44:6: error: 'str_length' undeclared (first use in this function); did you mean 'strnlen'?
      str_length = sprintf(str, "Printing number %d!\n",proxVal);
      ^~~~~~~~~~
      strnlen
main.c:44:6: note: each undeclared identifier is reported only once for each function it appears in
make: *** [../e-puck2_main-processor/ChibiOS//os/common/ports/ARMCMx/compilers/GCC/rules.mk:217: build/obj/main.o] Error 1
"make all" terminated with exit code 2. Build might be incomplete.
10:47:09 **** Incremental Build of configuration Default for project Exercise1 ****
make all 
[1;34mCompiling main.c[0m
[1;34mLinking build/Project_template.elf[0m
[1;34mCreating build/Project_template.hex[0m
[1;34mCreating build/Project_template.bin[0m
[1;34mCreating build/Project_template.dmp[0m

   text	   data	    bss	    dec	    hex	filename
  56148	   3052	   7836	  67036	  105dc	build/Project_template.elf
[1;34mCreating build/Project_template.list[0m

[1;34mDone[0m
10:47:13 **** Incremental Build of configuration Default for project Exercise1 ****
make all 
make: Nothing to be done for 'all'.
10:48:22 **** Incremental Build of configuration Default for project Exercise1 ****
make all 
[1;34mCompiling main.c[0m
main.c: In function 'main':
main.c:44:10: warning: unused variable 'proxVal' [-Wunused-variable]
      int proxVal = get_prox(1);
          ^~~~~~~
[1;34mLinking build/Project_template.elf[0m
[1;34mCreating build/Project_template.hex[0m
[1;34mCreating build/Project_template.bin[0m
[1;34mCreating build/Project_template.dmp[0m

   text	   data	    bss	    dec	    hex	filename
  56164	   3052	   7836	  67052	  105ec	build/Project_template.elf
[1;34mCreating build/Project_template.list[0m

[1;34mDone[0m
10:48:25 **** Incremental Build of configuration Default for project Exercise1 ****
make all 
make: Nothing to be done for 'all'.
10:49:41 **** Incremental Build of configuration Default for project Exercise1 ****
make all 
[1;34mCompiling main.c[0m
main.c: In function 'main':
main.c:45:10: warning: unused variable 'proxVal' [-Wunused-variable]
      int proxVal = get_prox(1);
          ^~~~~~~
[1;34mLinking build/Project_template.elf[0m
[1;34mCreating build/Project_template.hex[0m
[1;34mCreating build/Project_template.bin[0m
[1;34mCreating build/Project_template.dmp[0m

   text	   data	    bss	    dec	    hex	filename
  56164	   3052	   7836	  67052	  105ec	build/Project_template.elf
[1;34mCreating build/Project_template.list[0m

[1;34mDone[0m
10:49:48 **** Incremental Build of configuration Default for project Exercise1 ****
make all 
[1;34mCompiling main.c[0m
main.c: In function 'main':
main.c:45:10: warning: unused variable 'proxVal' [-Wunused-variable]
      int proxVal = get_prox(1);
          ^~~~~~~
[1;34mLinking build/Project_template.elf[0m
[1;34mCreating build/Project_template.hex[0m
[1;34mCreating build/Project_template.bin[0m
[1;34mCreating build/Project_template.dmp[0m

   text	   data	    bss	    dec	    hex	filename
  56148	   3052	   7836	  67036	  105dc	build/Project_template.elf
[1;34mCreating build/Project_template.list[0m

[1;34mDone[0m
10:49:50 **** Incremental Build of configuration Default for project Exercise1 ****
make all 
make: Nothing to be done for 'all'.
10:51:11 **** Incremental Build of configuration Default for project Exercise1 ****
make all 
[1;34mCompiling main.c[0m
main.c: In function 'main':
main.c:44:6: error: 'str_length' undeclared (first use in this function); did you mean 'strnlen'?
      str_length = sprintf(str, "Printing number %d!\n",value);
      ^~~~~~~~~~
      strnlen
main.c:44:6: note: each undeclared identifier is reported only once for each function it appears in
make: *** [../e-puck2_main-processor/ChibiOS//os/common/ports/ARMCMx/compilers/GCC/rules.mk:217: build/obj/main.o] Error 1
"make all" terminated with exit code 2. Build might be incomplete.
10:51:19 **** Incremental Build of configuration Default for project Exercise1 ****
make all 
[1;34mCompiling main.c[0m
[1;34mLinking build/Project_template.elf[0m
[1;34mCreating build/Project_template.hex[0m
[1;34mCreating build/Project_template.bin[0m
[1;34mCreating build/Project_template.dmp[0m

   text	   data	    bss	    dec	    hex	filename
  56084	   3052	   7836	  66972	  1059c	build/Project_template.elf
[1;34mCreating build/Project_template.list[0m

[1;34mDone[0m
10:51:22 **** Incremental Build of configuration Default for project Exercise1 ****
make all 
make: Nothing to be done for 'all'.
10:52:10 **** Incremental Build of configuration Default for project Exercise1 ****
make all 
[1;34mCompiling main.c[0m
[1;34mLinking build/Project_template.elf[0m
[1;34mCreating build/Project_template.hex[0m
[1;34mCreating build/Project_template.bin[0m
[1;34mCreating build/Project_template.dmp[0m

   text	   data	    bss	    dec	    hex	filename
  55988	   3052	   7836	  66876	  1053c	build/Project_template.elf
[1;34mCreating build/Project_template.list[0m

[1;34mDone[0m
10:52:13 **** Incremental Build of configuration Default for project Exercise1 ****
make all 
make: Nothing to be done for 'all'.
10:58:07 **** Incremental Build of configuration Default for project Exercise1 ****
make all 
make: Nothing to be done for 'all'.
10:58:10 **** Incremental Build of configuration Default for project Exercise1 ****
make all 
make: Nothing to be done for 'all'.
10:58:59 **** Incremental Build of configuration Default for project Exercise1 ****
make all 
make: Nothing to be done for 'all'.
10:59:02 **** Incremental Build of configuration Default for project Exercise1 ****
make all 
make: Nothing to be done for 'all'.
11:06:27 **** Incremental Build of configuration Default for project Exercise1 ****
make all 
make: Nothing to be done for 'all'.
11:08:07 **** Incremental Build of configuration Default for project Exercise1 ****
make all 
make: Nothing to be done for 'all'.
11:08:10 **** Incremental Build of configuration Default for project Exercise1 ****
make all 
make: Nothing to be done for 'all'.
11:09:25 **** Incremental Build of configuration Default for project Exercise1 ****
make all 
make: Nothing to be done for 'all'.
11:09:30 **** Incremental Build of configuration Default for project Exercise1 ****
make all 
make: Nothing to be done for 'all'.
11:09:32 **** Incremental Build of configuration Default for project Exercise1 ****
make all 
make: Nothing to be done for 'all'.
11:12:49 **** Build of configuration Default for project STM32L1xx-IRQ_STORM ****
make -j20 all 
Compiler Options
arm-none-eabi-gcc -c -mcpu=cortex-m4 -O2 -ggdb -fomit-frame-pointer -falign-functions=16 -ffunction-sections -fdata-sections -fno-common -flto -Wall -Wextra -Wundef -Wstrict-prototypes -Wa,-alms=build/lst/ -DCORTEX_USE_FPU=FALSE -DTHUMB_PRESENT -mno-thumb-interwork -DTHUMB_NO_INTERWORKING -MD -MP -MF .dep/build.d -I. -I../../../../os/common/ports/ARMCMx/devices/STM32L1xx -I../../../../os/ext/CMSIS/include -I../../../../os/ext/CMSIS/ST -I../../../../os/rt/include -I../../../../os/rt/ports/ARMCMx -I../../../../os/rt/ports/ARMCMx/compilers/GCC -I../../../../os/hal/osal/rt -I../../../../os/hal/include -I../../../../os/hal/ports/common/ARMCMx -I../../../../os/hal/ports/STM32/STM32L1xx -I../../../../os/hal/ports/STM32/LLD -I../../../../os/hal/ports/STM32/LLD/DACv1 -I../../../../os/hal/ports/STM32/LLD/GPIOv2 -I../../../../os/hal/ports/STM32/LLD/I2Cv1 -I../../../../os/hal/ports/STM32/LLD/RTCv2 -I../../../../os/hal/ports/STM32/LLD/SPIv1 -I../../../../os/hal/ports/STM32/LLD/TIMv1 -I../../../../os/hal/ports/STM32/LLD/USARTv1 -I../../../../os/hal/ports/STM32/LLD/USBv1 -I../../../../os/hal/boards/ST_STM32L_DISCOVERY -I../../../../test/rt -I../../../../os/hal/lib/streams -I../../../../os/various -I../../../../testhal/common main.c -o main.o

[1;34mCompiling crt0_v7m.s[0m
[1;34mCompiling chcoreasm_v7m.s[0m
[1;34mCompiling crt1.c[0m
[1;34mCompiling vectors.c[0m
[1;34mCompiling chsys.c[0m
[1;34mCompiling chvt.c[0m
[1;34mCompiling chdebug.c[0m
[1;34mCompiling chschd.c[0m
[1;34mCompiling chthreads.c[0m
[1;34mCompiling chtm.c[0m
[1;34mCompiling chdynamic.c[0m
[1;34mCompiling chregistry.c[0m
[1;34mCompiling chsem.c[0m
[1;34mCompiling chmtx.c[0m
[1;34mCompiling chcond.c[0m
[1;34mCompiling chmsg.c[0m
[1;34mCompiling chevents.c[0m
[1;34mCompiling chmboxes.c[0m
[1;34mCompiling chqueues.c[0m
[1;34mCompiling chmemcore.c[0m
[1;34mCompiling chheap.c[0m
../../../../os/rt/src/chschd.c: In function 'wakeup':
../../../../os/rt/src/chschd.c:290:5: warning: this statement may fall through [-Wimplicit-fallthrough=]
     chSemFastSignalI(tp->p_u.wtsemp);
     ^~~~~~~~~~~~~~~~~~~~~~~~~~~~~~~~
../../../../os/rt/src/chschd.c:294:3: note: here
   case CH_STATE_WTCOND:
   ^~~~
[1;34mCompiling chmempools.c[0m
[1;34mCompiling chcore.c[0m
[1;34mCompiling chcore_v7m.c[0m
[1;34mCompiling osal.c[0m
[1;34mCompiling hal.c[0m
[1;34mCompiling st.c[0m
[1;34mCompiling hal_queues.c[0m
[1;34mCompiling gpt.c[0m
[1;34mCompiling hal_mmcsd.c[0m
[1;34mCompiling pal.c[0m
[1;34mCompiling serial.c[0m
[1;34mCompiling nvic.c[0m
[1;34mCompiling stm32_dma.c[0m
[1;34mCompiling hal_lld.c[0m
[1;34mCompiling st_lld.c[0m
[1;34mCompiling pal_lld.c[0m
[1;34mCompiling gpt_lld.c[0m
[1;34mCompiling serial_lld.c[0m
[1;34mCompiling board.c[0m
[1;34mCompiling test.c[0m
[1;34mCompiling testthd.c[0m
[1;34mCompiling testsem.c[0m
[1;34mCompiling testmtx.c[0m
[1;34mCompiling testmsg.c[0m
[1;34mCompiling testmbox.c[0m
[1;34mCompiling testevt.c[0m
[1;34mCompiling testheap.c[0m
[1;34mCompiling testpools.c[0m
[1;34mCompiling testdyn.c[0m
[1;34mCompiling testqueues.c[0m
[1;34mCompiling testsys.c[0m
[1;34mCompiling testbmk.c[0m
[1;34mCompiling memstreams.c[0m
[1;34mCompiling chprintf.c[0m
[1;34mCompiling irq_storm.c[0m
[1;34mCompiling main.c[0m
[1;34mLinking build/ch.elf[0m
[1;34mCreating build/ch.hex[0m
[1;34mCreating build/ch.bin[0m
[1;34mCreating build/ch.dmp[0m
[1;34mCreating build/ch.list[0m

   text	   data	    bss	    dec	    hex	filename
   8528	    320	   4148	  12996	   32c4	build/ch.elf

[1;34mDone[0m
11:13:36 **** Incremental Build of configuration Default for project STM32L1xx-IRQ_STORM ****
make -j20 all 
make: Nothing to be done for 'all'.
11:13:39 **** Incremental Build of configuration Default for project STM32L1xx-IRQ_STORM ****
make -j20 all 
make: Nothing to be done for 'all'.
11:13:43 **** Incremental Build of configuration Default for project STM32L1xx-IRQ_STORM ****
make -j20 all 
make: Nothing to be done for 'all'.
11:15:13 **** Build of configuration Default for project Exercise1 ****
make all 
[1;34mCompiling crt0_v7m.s[0m
[1;34mCompiling chcoreasm_v7m.s[0m
[1;34mCompiling main.c[0m
[1;34mCompiling spi3_slave_lld.c[0m
[1;34mCompiling dcmi_lld.c[0m
[1;34mCompiling dcmi.c[0m
[1;34mCompiling spi3_slave.c[0m
[1;34mCompiling audio_thread.c[0m
[1;34mCompiling microphone.c[0m
[1;34mCompiling mp45dt02_processing.c[0m
[1;34mCompiling play_melody.c[0m
[1;34mCompiling button.c[0m
[1;34mCompiling camera.c[0m
[1;34mCompiling dcmi_camera.c[0m
[1;34mCompiling ov2640.c[0m
[1;34mCompiling ov7670.c[0m
[1;34mCompiling po6030.c[0m
[1;34mCompiling po8030.c[0m
[1;34mCompiling cmd.c[0m
[1;34mCompiling Asercom.c[0m
[1;34mCompiling Asercom2.c[0m
[1;34mCompiling DataEEPROM.c[0m
[1;34mCompiling e_I2C_protocol.c[0m
[1;34mCompiling e_acc.c[0m
[1;34mCompiling e_ad_conv.c[0m
[1;34mCompiling e_micro.c[0m
[1;34mCompiling e_prox.c[0m
[1;34mCompiling e_lsm330.c[0m
[1;34mCompiling e_common.c[0m
[1;34mCompiling e_sound.c[0m
[1;34mCompiling e_agenda.c[0m
[1;34mCompiling e_led.c[0m
[1;34mCompiling e_motors.c[0m
[1;34mCompiling e_remote_control.c[0m
[1;34mCompiling e_init_port.c[0m
[1;34mCompiling e_uart_char.c[0m
[1;34mCompiling utility.c[0m
[1;34mCompiling exti.c[0m
[1;34mCompiling flash.c[0m
[1;34mCompiling i2c_bus.c[0m
[1;34mCompiling ir_remote.c[0m
[1;34mCompiling leds.c[0m
[1;34mCompiling memory_protection.c[0m
[1;34mCompiling motors.c[0m
[1;34mCompiling panic.c[0m
[1;34mCompiling selector.c[0m
[1;34mCompiling battery_level.c[0m
[1;34mCompiling ground.c[0m
[1;34mCompiling imu.c[0m
[1;34mCompiling mpu9250.c[0m
[1;34mCompiling proximity.c[0m
[1;34mCompiling serial_comm.c[0m
[1;34mCompiling spi_comm.c[0m
[1;34mCompiling sdio.c[0m
[1;34mCompiling usbcfg.c[0m
[1;34mCompiling uc_usage.c[0m
[1;34mCompiling malloc_lock.c[0m
[1;34mCompiling newlib_syscalls.c[0m
[1;34mCompiling port.c[0m
[1;34mCompiling communication.c[0m
[1;34mCompiling config_flash_storage.c[0m
[1;34mCompiling vl53l0x_api.c[0m
[1;34mCompiling vl53l0x_api_calibration.c[0m
[1;34mCompiling vl53l0x_api_core.c[0m
[1;34mCompiling vl53l0x_api_ranging.c[0m
[1;34mCompiling vl53l0x_api_strings.c[0m
[1;34mCompiling vl53l0x_i2c_platform.c[0m
[1;34mCompiling vl53l0x_platform.c[0m
[1;34mCompiling VL53L0X.c[0m
[1;34mCompiling serial_datagram.c[0m
[1;34mCompiling cmp.c[0m
[1;34mCompiling cmp_mem_access.c[0m
[1;34mCompiling crc16.c[0m
[1;34mCompiling crc32.c[0m
[1;34mCompiling messagebus.c[0m
[1;34mCompiling parameter.c[0m
[1;34mCompiling parameter_msgpack.c[0m
[1;34mCompiling parameter_print.c[0m
[1;34mCompiling fat.c[0m
[1;34mCompiling play_sound_file.c[0m
[1;34mCompiling behaviors.c[0m
[1;34mCompiling ircom.c[0m
[1;34mCompiling ircomReceive.c[0m
[1;34mCompiling ircomTools.c[0m
[1;34mCompiling ircomMessages.c[0m
[1;34mCompiling ircomSend.c[0m
[1;34mCompiling transceiver.c[0m
[1;34mCompiling crt1.c[0m
[1;34mCompiling vectors.c[0m
[1;34mCompiling chsys.c[0m
[1;34mCompiling chdebug.c[0m
[1;34mCompiling chvt.c[0m
[1;34mCompiling chschd.c[0m
[1;34mCompiling chthreads.c[0m
[1;34mCompiling chtm.c[0m
[1;34mCompiling chstats.c[0m
[1;34mCompiling chdynamic.c[0m
[1;34mCompiling chregistry.c[0m
[1;34mCompiling chsem.c[0m
[1;34mCompiling chmtx.c[0m
[1;34mCompiling chcond.c[0m
[1;34mCompiling chevents.c[0m
[1;34mCompiling chmsg.c[0m
[1;34mCompiling chmboxes.c[0m
[1;34mCompiling chqueues.c[0m
[1;34mCompiling chmemcore.c[0m
[1;34mCompiling chheap.c[0m
[1;34mCompiling chmempools.c[0m
[1;34mCompiling chcore.c[0m
[1;34mCompiling chcore_v7m.c[0m
[1;34mCompiling osal.c[0m
[1;34mCompiling hal.c[0m
[1;34mCompiling hal_queues.c[0m
[1;34mCompiling hal_mmcsd.c[0m
[1;34mCompiling adc.c[0m
[1;34mCompiling can.c[0m
[1;34mCompiling dac.c[0m
[1;34mCompiling ext.c[0m
[1;34mCompiling gpt.c[0m
[1;34mCompiling i2c.c[0m
[1;34mCompiling i2s.c[0m
[1;34mCompiling icu.c[0m
[1;34mCompiling mac.c[0m
[1;34mCompiling mmc_spi.c[0m
[1;34mCompiling pal.c[0m
[1;34mCompiling pwm.c[0m
[1;34mCompiling rtc.c[0m
[1;34mCompiling sdc.c[0m
[1;34mCompiling serial.c[0m
[1;34mCompiling serial_usb.c[0m
[1;34mCompiling spi.c[0m
[1;34mCompiling st.c[0m
[1;34mCompiling uart.c[0m
[1;34mCompiling usb.c[0m
[1;34mCompiling nvic.c[0m
[1;34mCompiling stm32_dma.c[0m
[1;34mCompiling hal_lld.c[0m
[1;34mCompiling adc_lld.c[0m
[1;34mCompiling ext_lld_isr.c[0m
[1;34mCompiling can_lld.c[0m
[1;34mCompiling ext_lld.c[0m
[1;34mCompiling mac_lld.c[0m
[1;34mCompiling sdc_lld.c[0m
[1;34mCompiling dac_lld.c[0m
[1;34mCompiling pal_lld.c[0m
[1;34mCompiling i2c_lld.c[0m
[1;34mCompiling usb_lld.c[0m
[1;34mCompiling rtc_lld.c[0m
[1;34mCompiling i2s_lld.c[0m
[1;34mCompiling spi_lld.c[0m
[1;34mCompiling gpt_lld.c[0m
[1;34mCompiling icu_lld.c[0m
[1;34mCompiling pwm_lld.c[0m
[1;34mCompiling st_lld.c[0m
[1;34mCompiling serial_lld.c[0m
[1;34mCompiling uart_lld.c[0m
[1;34mCompiling board.c[0m
[1;34mCompiling test.c[0m
[1;34mCompiling testthd.c[0m
[1;34mCompiling testsem.c[0m
[1;34mCompiling testmtx.c[0m
[1;34mCompiling testmsg.c[0m
[1;34mCompiling testmbox.c[0m
[1;34mCompiling testevt.c[0m
[1;34mCompiling testheap.c[0m
[1;34mCompiling testpools.c[0m
[1;34mCompiling testdyn.c[0m
[1;34mCompiling testqueues.c[0m
[1;34mCompiling testsys.c[0m
[1;34mCompiling testbmk.c[0m
[1;34mCompiling shell.c[0m
[1;34mCompiling memstreams.c[0m
[1;34mCompiling chprintf.c[0m
[1;34mCompiling fatfs_diskio.c[0m
[1;34mCompiling fatfs_syscall.c[0m
[1;34mCompiling ff.c[0m
[1;34mCompiling unicode.c[0m
[1;34mCompiling vm-buffer.c[0m
[1;34mCompiling can-buffer.c[0m
[1;34mCompiling can-net.c[0m
[1;34mCompiling natives.c[0m
[1;34mCompiling vm.c[0m
[1;34mCompiling aseba_can_interface.c[0m
[1;34mCompiling aseba_node.c[0m
[1;34mCompiling skel_user.c[0m
[1;34mCompiling aseba_bridge.c[0m
[1;34mLinking build/Project_template.elf[0m
[1;34mCreating build/Project_template.hex[0m
[1;34mCreating build/Project_template.bin[0m
[1;34mCreating build/Project_template.dmp[0m

   text	   data	    bss	    dec	    hex	filename
  47972	   2948	   6236	  57156	   df44	build/Project_template.elf
[1;34mCreating build/Project_template.list[0m

[1;34mDone[0m
11:17:02 **** Incremental Build of configuration Default for project Exercise1 ****
make all 
make: Nothing to be done for 'all'.
11:17:06 **** Incremental Build of configuration Default for project Exercise1 ****
make all 
make: Nothing to be done for 'all'.
11:18:13 **** Incremental Build of configuration Default for project Exercise1 ****
make all 
[1;34mCompiling main.c[0m
main.c: In function 'main':
main.c:36:5: error: too few arguments to function 'proximity_start'
     proximity_start();
     ^~~~~~~~~~~~~~~
In file included from main.c:10:0:
../e-puck2_main-processor/src/sensors/proximity.h:36:6: note: declared here
 void proximity_start(uint8_t mode);
      ^~~~~~~~~~~~~~~
make: *** [../e-puck2_main-processor/ChibiOS//os/common/ports/ARMCMx/compilers/GCC/rules.mk:217: build/obj/main.o] Error 1
"make all" terminated with exit code 2. Build might be incomplete.
11:20:23 **** Incremental Build of configuration Default for project Exercise1 ****
make all 
[1;34mCompiling main.c[0m
main.c: In function 'main':
main.c:36:5: error: too few arguments to function 'proximity_start'
     proximity_start();
     ^~~~~~~~~~~~~~~
In file included from main.c:10:0:
../e-puck2_main-processor/src/sensors/proximity.h:36:6: note: declared here
 void proximity_start(uint8_t mode);
      ^~~~~~~~~~~~~~~
make: *** [../e-puck2_main-processor/ChibiOS//os/common/ports/ARMCMx/compilers/GCC/rules.mk:217: build/obj/main.o] Error 1
"make all" terminated with exit code 2. Build might be incomplete.
11:22:08 **** Incremental Build of configuration Default for project Exercise1 ****
make all 
[1;34mCompiling main.c[0m
[1;34mLinking build/Project_template.elf[0m
[1;34mCreating build/Project_template.hex[0m
[1;34mCreating build/Project_template.bin[0m
[1;34mCreating build/Project_template.dmp[0m

   text	   data	    bss	    dec	    hex	filename
  54852	   3052	   7780	  65684	  10094	build/Project_template.elf
[1;34mCreating build/Project_template.list[0m

[1;34mDone[0m
11:22:10 **** Incremental Build of configuration Default for project Exercise1 ****
make all 
make: Nothing to be done for 'all'.
11:23:57 **** Incremental Build of configuration Default for project Exercise1 ****
make all 
[1;34mCompiling main.c[0m
[1;34mLinking build/Project_template.elf[0m
[1;34mCreating build/Project_template.hex[0m
[1;34mCreating build/Project_template.bin[0m
[1;34mCreating build/Project_template.dmp[0m

   text	   data	    bss	    dec	    hex	filename
  54852	   3052	   7780	  65684	  10094	build/Project_template.elf
[1;34mCreating build/Project_template.list[0m

[1;34mDone[0m
11:26:08 **** Incremental Build of configuration Default for project Exercise1 ****
make all 
make: Nothing to be done for 'all'.
11:31:05 **** Incremental Build of configuration Default for project Exercise1 ****
make all 
[1;34mCompiling main.c[0m
main.c: In function 'main':
main.c:46:38: error: 'calibratedValues' undeclared (first use in this function); did you mean 'calibrate_ir'?
                                      calibratedValues[0], calibratedValues[1], calibratedValues[2], calibratedValues[3],
                                      ^~~~~~~~~~~~~~~~
                                      calibrate_ir
main.c:46:38: note: each undeclared identifier is reported only once for each function it appears in
make: *** [../e-puck2_main-processor/ChibiOS//os/common/ports/ARMCMx/compilers/GCC/rules.mk:217: build/obj/main.o] Error 1
"make all" terminated with exit code 2. Build might be incomplete.
11:31:34 **** Incremental Build of configuration Default for project Exercise1 ****
make all 
[1;34mCompiling main.c[0m
[1;34mLinking build/Project_template.elf[0m
[1;34mCreating build/Project_template.hex[0m
[1;34mCreating build/Project_template.bin[0m
[1;34mCreating build/Project_template.dmp[0m

   text	   data	    bss	    dec	    hex	filename
  54692	   3052	   7780	  65524	   fff4	build/Project_template.elf
[1;34mCreating build/Project_template.list[0m

[1;34mDone[0m
11:31:37 **** Incremental Build of configuration Default for project Exercise1 ****
make all 
make: Nothing to be done for 'all'.
11:38:27 **** Incremental Build of configuration Default for project Exercise1 ****
make all 
[1;34mCompiling main.c[0m
main.c:19:25: warning: extra tokens at end of #include directive
 #include "serial_comm.h">
                         ^
main.c:29:6: warning: function declaration isn't a prototype [-Wstrict-prototypes]
 void bodyLedOn(){
      ^~~~~~~~~
main.c:33:6: warning: function declaration isn't a prototype [-Wstrict-prototypes]
 void bodyLedOff(){
      ^~~~~~~~~~
main.c:64:6: warning: function declaration isn't a prototype [-Wstrict-prototypes]
 bool objectOnTheRight(){
      ^~~~~~~~~~~~~~~~
main.c: In function 'objectOnTheRight':
main.c:66:15: warning: implicit declaration of function 'get_calibrated_proxx'; did you mean 'get_calibrated_prox'? [-Wimplicit-function-declaration]
   int prox0 = get_calibrated_proxx(0);
               ^~~~~~~~~~~~~~~~~~~~
               get_calibrated_prox
main.c: At top level:
main.c:78:6: warning: function declaration isn't a prototype [-Wstrict-prototypes]
 bool objectOnTheLeft(){
      ^~~~~~~~~~~~~~~
main.c: In function 'main':
main.c:110:44: warning: unused variable 'messageForward' [-Wunused-variable]
       int messageForRight, messageForLeft, messageForward;
                                            ^~~~~~~~~~~~~~
[1;34mLinking build/Project_template.elf[0m
build/obj/main.o: In function `objectOnTheRight':
/home/acse-lab/Documents/Team1C/Exercise1//main.c:66: undefined reference to `get_calibrated_proxx'
collect2: error: ld returned 1 exit status
make: *** [../e-puck2_main-processor/ChibiOS//os/common/ports/ARMCMx/compilers/GCC/rules.mk:244: build/Project_template.elf] Error 1
"make all" terminated with exit code 2. Build might be incomplete.
11:38:37 **** Incremental Build of configuration Default for project Exercise1 ****
make all 
[1;34mCompiling main.c[0m
main.c:19:25: warning: extra tokens at end of #include directive
 #include "serial_comm.h">
                         ^
main.c:29:6: warning: function declaration isn't a prototype [-Wstrict-prototypes]
 void bodyLedOn(){
      ^~~~~~~~~
main.c:33:6: warning: function declaration isn't a prototype [-Wstrict-prototypes]
 void bodyLedOff(){
      ^~~~~~~~~~
main.c:64:6: warning: function declaration isn't a prototype [-Wstrict-prototypes]
 bool objectOnTheRight(){
      ^~~~~~~~~~~~~~~~
main.c:78:6: warning: function declaration isn't a prototype [-Wstrict-prototypes]
 bool objectOnTheLeft(){
      ^~~~~~~~~~~~~~~
main.c: In function 'main':
main.c:110:44: warning: unused variable 'messageForward' [-Wunused-variable]
       int messageForRight, messageForLeft, messageForward;
                                            ^~~~~~~~~~~~~~
[1;34mLinking build/Project_template.elf[0m
[1;34mCreating build/Project_template.hex[0m
[1;34mCreating build/Project_template.bin[0m
[1;34mCreating build/Project_template.dmp[0m

   text	   data	    bss	    dec	    hex	filename
  50052	   2988	   7084	  60124	   eadc	build/Project_template.elf
[1;34mCreating build/Project_template.list[0m

[1;34mDone[0m
11:38:40 **** Incremental Build of configuration Default for project Exercise1 ****
make all 
make: Nothing to be done for 'all'.
11:39:45 **** Incremental Build of configuration Default for project Exercise1 ****
make all 
[1;34mCompiling main.c[0m
main.c:19:25: warning: extra tokens at end of #include directive
 #include "serial_comm.h">
                         ^
main.c:29:6: warning: function declaration isn't a prototype [-Wstrict-prototypes]
 void bodyLedOn(){
      ^~~~~~~~~
main.c:33:6: warning: function declaration isn't a prototype [-Wstrict-prototypes]
 void bodyLedOff(){
      ^~~~~~~~~~
main.c:64:6: warning: function declaration isn't a prototype [-Wstrict-prototypes]
 bool objectOnTheRight(){
      ^~~~~~~~~~~~~~~~
main.c:78:6: warning: function declaration isn't a prototype [-Wstrict-prototypes]
 bool objectOnTheLeft(){
      ^~~~~~~~~~~~~~~
main.c: In function 'main':
main.c:119:11: warning: variable 'right_speed' set but not used [-Wunused-but-set-variable]
       int right_speed = MAX_SPEED;
           ^~~~~~~~~~~
main.c:118:11: warning: variable 'left_speed' set but not used [-Wunused-but-set-variable]
       int left_speed = MAX_SPEED;
           ^~~~~~~~~~
main.c:112:44: warning: unused variable 'messageForward' [-Wunused-variable]
       int messageForRight, messageForLeft, messageForward;
                                            ^~~~~~~~~~~~~~
[1;34mLinking build/Project_template.elf[0m
[1;34mCreating build/Project_template.hex[0m
[1;34mCreating build/Project_template.bin[0m
[1;34mCreating build/Project_template.dmp[0m

   text	   data	    bss	    dec	    hex	filename
  50020	   2988	   7084	  60092	   eabc	build/Project_template.elf
[1;34mCreating build/Project_template.list[0m

[1;34mDone[0m
11:39:47 **** Incremental Build of configuration Default for project Exercise1 ****
make all 
make: Nothing to be done for 'all'.
11:40:55 **** Incremental Build of configuration Default for project Exercise1 ****
make all 
[1;34mCompiling main.c[0m
main.c:19:25: warning: extra tokens at end of #include directive
 #include "serial_comm.h">
                         ^
main.c:29:6: warning: function declaration isn't a prototype [-Wstrict-prototypes]
 void bodyLedOn(){
      ^~~~~~~~~
main.c:33:6: warning: function declaration isn't a prototype [-Wstrict-prototypes]
 void bodyLedOff(){
      ^~~~~~~~~~
main.c:64:6: warning: function declaration isn't a prototype [-Wstrict-prototypes]
 bool objectOnTheRight(){
      ^~~~~~~~~~~~~~~~
main.c:78:6: warning: function declaration isn't a prototype [-Wstrict-prototypes]
 bool objectOnTheLeft(){
      ^~~~~~~~~~~~~~~
main.c: In function 'main':
main.c:120:11: warning: variable 'right_speed' set but not used [-Wunused-but-set-variable]
       int right_speed = MAX_SPEED;
           ^~~~~~~~~~~
main.c:119:11: warning: variable 'left_speed' set but not used [-Wunused-but-set-variable]
       int left_speed = MAX_SPEED;
           ^~~~~~~~~~
main.c:113:44: warning: unused variable 'messageForward' [-Wunused-variable]
       int messageForRight, messageForLeft, messageForward;
                                            ^~~~~~~~~~~~~~
[1;34mLinking build/Project_template.elf[0m
[1;34mCreating build/Project_template.hex[0m
[1;34mCreating build/Project_template.bin[0m
[1;34mCreating build/Project_template.dmp[0m

   text	   data	    bss	    dec	    hex	filename
  52948	   2988	   7084	  63020	   f62c	build/Project_template.elf
[1;34mCreating build/Project_template.list[0m

[1;34mDone[0m
11:40:57 **** Incremental Build of configuration Default for project Exercise1 ****
make all 
make: Nothing to be done for 'all'.
11:41:44 **** Incremental Build of configuration Default for project Exercise1 ****
make all 
[1;34mCompiling main.c[0m
main.c:19:25: warning: extra tokens at end of #include directive
 #include "serial_comm.h">
                         ^
main.c:29:6: warning: function declaration isn't a prototype [-Wstrict-prototypes]
 void bodyLedOn(){
      ^~~~~~~~~
main.c:33:6: warning: function declaration isn't a prototype [-Wstrict-prototypes]
 void bodyLedOff(){
      ^~~~~~~~~~
main.c:64:6: warning: function declaration isn't a prototype [-Wstrict-prototypes]
 bool objectOnTheRight(){
      ^~~~~~~~~~~~~~~~
main.c:78:6: warning: function declaration isn't a prototype [-Wstrict-prototypes]
 bool objectOnTheLeft(){
      ^~~~~~~~~~~~~~~
[1;34mLinking build/Project_template.elf[0m
[1;34mCreating build/Project_template.hex[0m
[1;34mCreating build/Project_template.bin[0m
[1;34mCreating build/Project_template.dmp[0m

   text	   data	    bss	    dec	    hex	filename
  52564	   2988	   6956	  62508	   f42c	build/Project_template.elf
[1;34mCreating build/Project_template.list[0m

[1;34mDone[0m
11:41:46 **** Incremental Build of configuration Default for project Exercise1 ****
make all 
make: Nothing to be done for 'all'.
11:42:59 **** Incremental Build of configuration Default for project Exercise1 ****
make all 
[1;34mCompiling main.c[0m
main.c:19:25: warning: extra tokens at end of #include directive
 #include "serial_comm.h">
                         ^
main.c:29:6: warning: function declaration isn't a prototype [-Wstrict-prototypes]
 void bodyLedOn(){
      ^~~~~~~~~
main.c:33:6: warning: function declaration isn't a prototype [-Wstrict-prototypes]
 void bodyLedOff(){
      ^~~~~~~~~~
main.c:64:6: warning: function declaration isn't a prototype [-Wstrict-prototypes]
 bool objectOnTheRight(){
      ^~~~~~~~~~~~~~~~
main.c:78:6: warning: function declaration isn't a prototype [-Wstrict-prototypes]
 bool objectOnTheLeft(){
      ^~~~~~~~~~~~~~~
[1;34mLinking build/Project_template.elf[0m
[1;34mCreating build/Project_template.hex[0m
[1;34mCreating build/Project_template.bin[0m
[1;34mCreating build/Project_template.dmp[0m

   text	   data	    bss	    dec	    hex	filename
  52564	   2988	   6956	  62508	   f42c	build/Project_template.elf
[1;34mCreating build/Project_template.list[0m

[1;34mDone[0m
11:43:01 **** Incremental Build of configuration Default for project Exercise1 ****
make all 
make: Nothing to be done for 'all'.
11:44:56 **** Incremental Build of configuration Default for project Exercise1 ****
make all 
[1;34mCompiling main.c[0m
main.c:19:25: warning: extra tokens at end of #include directive
 #include "serial_comm.h">
                         ^
main.c:29:6: warning: function declaration isn't a prototype [-Wstrict-prototypes]
 void bodyLedOn(){
      ^~~~~~~~~
main.c:33:6: warning: function declaration isn't a prototype [-Wstrict-prototypes]
 void bodyLedOff(){
      ^~~~~~~~~~
main.c:38:6: warning: function declaration isn't a prototype [-Wstrict-prototypes]
 bool objectOnTheRight(){
      ^~~~~~~~~~~~~~~~
main.c:52:6: warning: function declaration isn't a prototype [-Wstrict-prototypes]
 bool objectOnTheLeft(){
      ^~~~~~~~~~~~~~~
[1;34mLinking build/Project_template.elf[0m
[1;34mCreating build/Project_template.hex[0m
[1;34mCreating build/Project_template.bin[0m
[1;34mCreating build/Project_template.dmp[0m

   text	   data	    bss	    dec	    hex	filename
  52580	   2988	   6956	  62524	   f43c	build/Project_template.elf
[1;34mCreating build/Project_template.list[0m

[1;34mDone[0m
11:44:58 **** Incremental Build of configuration Default for project Exercise1 ****
make all 
make: Nothing to be done for 'all'.
11:45:14 **** Incremental Build of configuration Default for project Exercise1 ****
make all 
[1;34mCompiling main.c[0m
main.c:19:25: warning: extra tokens at end of #include directive
 #include "serial_comm.h">
                         ^
main.c:29:6: warning: function declaration isn't a prototype [-Wstrict-prototypes]
 void bodyLedOn(){
      ^~~~~~~~~
main.c:33:6: warning: function declaration isn't a prototype [-Wstrict-prototypes]
 void bodyLedOff(){
      ^~~~~~~~~~
main.c:38:6: warning: function declaration isn't a prototype [-Wstrict-prototypes]
 bool objectOnTheRight(){
      ^~~~~~~~~~~~~~~~
main.c:52:6: warning: function declaration isn't a prototype [-Wstrict-prototypes]
 bool objectOnTheLeft(){
      ^~~~~~~~~~~~~~~
[1;34mLinking build/Project_template.elf[0m
[1;34mCreating build/Project_template.hex[0m
[1;34mCreating build/Project_template.bin[0m
[1;34mCreating build/Project_template.dmp[0m

   text	   data	    bss	    dec	    hex	filename
  52580	   2988	   6956	  62524	   f43c	build/Project_template.elf
[1;34mCreating build/Project_template.list[0m

[1;34mDone[0m
11:45:29 **** Incremental Build of configuration Default for project Exercise1 ****
make all 
make: Nothing to be done for 'all'.
11:45:33 **** Incremental Build of configuration Default for project Exercise1 ****
make all 
make: Nothing to be done for 'all'.
11:45:49 **** Incremental Build of configuration Default for project Exercise1 ****
make all 
[1;34mCompiling main.c[0m
main.c:19:25: warning: extra tokens at end of #include directive
 #include "serial_comm.h">
                         ^
main.c:29:6: warning: function declaration isn't a prototype [-Wstrict-prototypes]
 void bodyLedOn(){
      ^~~~~~~~~
main.c:33:6: warning: function declaration isn't a prototype [-Wstrict-prototypes]
 void bodyLedOff(){
      ^~~~~~~~~~
main.c:38:6: warning: function declaration isn't a prototype [-Wstrict-prototypes]
 bool objectOnTheRight(){
      ^~~~~~~~~~~~~~~~
main.c:52:6: warning: function declaration isn't a prototype [-Wstrict-prototypes]
 bool objectOnTheLeft(){
      ^~~~~~~~~~~~~~~
[1;34mLinking build/Project_template.elf[0m
[1;34mCreating build/Project_template.hex[0m
[1;34mCreating build/Project_template.bin[0m
[1;34mCreating build/Project_template.dmp[0m

   text	   data	    bss	    dec	    hex	filename
  52564	   2988	   6956	  62508	   f42c	build/Project_template.elf
[1;34mCreating build/Project_template.list[0m

[1;34mDone[0m
11:45:51 **** Incremental Build of configuration Default for project Exercise1 ****
make all 
make: Nothing to be done for 'all'.
11:46:07 **** Incremental Build of configuration Default for project Exercise1 ****
make all 
make: Nothing to be done for 'all'.
11:46:17 **** Incremental Build of configuration Default for project Exercise1 ****
make all 
[1;34mCompiling main.c[0m
main.c:19:25: warning: extra tokens at end of #include directive
 #include "serial_comm.h">
                         ^
main.c:29:6: warning: function declaration isn't a prototype [-Wstrict-prototypes]
 void bodyLedOn(){
      ^~~~~~~~~
main.c:33:6: warning: function declaration isn't a prototype [-Wstrict-prototypes]
 void bodyLedOff(){
      ^~~~~~~~~~
main.c:38:6: warning: function declaration isn't a prototype [-Wstrict-prototypes]
 bool objectOnTheRight(){
      ^~~~~~~~~~~~~~~~
main.c:52:6: warning: function declaration isn't a prototype [-Wstrict-prototypes]
 bool objectOnTheLeft(){
      ^~~~~~~~~~~~~~~
[1;34mLinking build/Project_template.elf[0m
[1;34mCreating build/Project_template.hex[0m
[1;34mCreating build/Project_template.bin[0m
[1;34mCreating build/Project_template.dmp[0m

   text	   data	    bss	    dec	    hex	filename
  52580	   2988	   6956	  62524	   f43c	build/Project_template.elf
[1;34mCreating build/Project_template.list[0m

[1;34mDone[0m
11:46:19 **** Incremental Build of configuration Default for project Exercise1 ****
make all 
make: Nothing to be done for 'all'.
11:46:33 **** Incremental Build of configuration Default for project Exercise1 ****
make all 
make: Nothing to be done for 'all'.
11:46:56 **** Incremental Build of configuration Default for project Exercise1 ****
make all 
make: Nothing to be done for 'all'.
11:47:10 **** Incremental Build of configuration Default for project Exercise1 ****
make all 
[1;34mCompiling main.c[0m
main.c:19:25: warning: extra tokens at end of #include directive
 #include "serial_comm.h">
                         ^
main.c:29:6: warning: function declaration isn't a prototype [-Wstrict-prototypes]
 void bodyLedOn(){
      ^~~~~~~~~
main.c:33:6: warning: function declaration isn't a prototype [-Wstrict-prototypes]
 void bodyLedOff(){
      ^~~~~~~~~~
main.c:38:6: warning: function declaration isn't a prototype [-Wstrict-prototypes]
 bool objectOnTheRight(){
      ^~~~~~~~~~~~~~~~
main.c:52:6: warning: function declaration isn't a prototype [-Wstrict-prototypes]
 bool objectOnTheLeft(){
      ^~~~~~~~~~~~~~~
[1;34mLinking build/Project_template.elf[0m
[1;34mCreating build/Project_template.hex[0m
[1;34mCreating build/Project_template.bin[0m
[1;34mCreating build/Project_template.dmp[0m

   text	   data	    bss	    dec	    hex	filename
  52564	   2988	   6956	  62508	   f42c	build/Project_template.elf
[1;34mCreating build/Project_template.list[0m

[1;34mDone[0m
11:47:12 **** Incremental Build of configuration Default for project Exercise1 ****
make all 
make: Nothing to be done for 'all'.
11:47:27 **** Incremental Build of configuration Default for project Exercise1 ****
make all 
make: Nothing to be done for 'all'.
11:48:11 **** Incremental Build of configuration Default for project Exercise1 ****
make all 
[1;34mCompiling main.c[0m
[1;34mLinking build/Project_template.elf[0m
[1;34mCreating build/Project_template.hex[0m
[1;34mCreating build/Project_template.bin[0m
[1;34mCreating build/Project_template.dmp[0m

   text	   data	    bss	    dec	    hex	filename
  54692	   3052	   7780	  65524	   fff4	build/Project_template.elf
[1;34mCreating build/Project_template.list[0m

[1;34mDone[0m
11:48:13 **** Incremental Build of configuration Default for project Exercise1 ****
make all 
make: Nothing to be done for 'all'.
11:48:42 **** Incremental Build of configuration Default for project Exercise1 ****
make all 
make: Nothing to be done for 'all'.
11:48:44 **** Incremental Build of configuration Default for project Exercise1 ****
make all 
make: Nothing to be done for 'all'.
11:49:31 **** Incremental Build of configuration Default for project Exercise1 ****
make all 
make: Nothing to be done for 'all'.
11:49:36 **** Incremental Build of configuration Default for project Exercise1 ****
make all 
make: Nothing to be done for 'all'.
11:51:14 **** Incremental Build of configuration Default for project Exercise1 ****
make all 
[1;34mCompiling main.c[0m
main.c:15:10: warning: missing terminating " character
 #include "motors.h
          ^
main.c:15:10: error: #include expects "FILENAME" or <FILENAME>
 #include "motors.h
          ^~~~~~~~~
main.c: In function 'main':
main.c:40:5: warning: implicit declaration of function 'motors_init'; did you mean '_core_init'? [-Wimplicit-function-declaration]
     motors_init();
     ^~~~~~~~~~~
     _core_init
main.c:44:6: warning: implicit declaration of function 'left_motor_set_speed' [-Wimplicit-function-declaration]
      left_motor_set_speed(300);
      ^~~~~~~~~~~~~~~~~~~~
main.c:45:6: warning: implicit declaration of function 'right_motor_set_speed' [-Wimplicit-function-declaration]
      right_motor_set_speed(300);
      ^~~~~~~~~~~~~~~~~~~~~
make: *** [../e-puck2_main-processor/ChibiOS//os/common/ports/ARMCMx/compilers/GCC/rules.mk:217: build/obj/main.o] Error 1
"make all" terminated with exit code 2. Build might be incomplete.
11:51:36 **** Incremental Build of configuration Default for project Exercise1 ****
make all 
[1;34mCompiling main.c[0m
[1;34mLinking build/Project_template.elf[0m
[1;34mCreating build/Project_template.hex[0m
[1;34mCreating build/Project_template.bin[0m
[1;34mCreating build/Project_template.dmp[0m

   text	   data	    bss	    dec	    hex	filename
  52980	   2988	   7084	  63052	   f64c	build/Project_template.elf
[1;34mCreating build/Project_template.list[0m

[1;34mDone[0m
11:51:38 **** Incremental Build of configuration Default for project Exercise1 ****
make all 
make: Nothing to be done for 'all'.
11:52:22 **** Incremental Build of configuration Default for project Exercise1 ****
make all 
make: Nothing to be done for 'all'.
11:52:30 **** Incremental Build of configuration Default for project Exercise1 ****
make all 
make: Nothing to be done for 'all'.
11:52:48 **** Incremental Build of configuration Default for project Exercise1 ****
make all 
make: Nothing to be done for 'all'.
11:53:15 **** Incremental Build of configuration Default for project Exercise1 ****
make all 
[1;34mCompiling main.c[0m
[1;34mLinking build/Project_template.elf[0m
[1;34mCreating build/Project_template.hex[0m
[1;34mCreating build/Project_template.bin[0m
[1;34mCreating build/Project_template.dmp[0m

   text	   data	    bss	    dec	    hex	filename
  52980	   2988	   7084	  63052	   f64c	build/Project_template.elf
[1;34mCreating build/Project_template.list[0m

[1;34mDone[0m
11:53:18 **** Incremental Build of configuration Default for project Exercise1 ****
make all 
make: Nothing to be done for 'all'.
11:54:41 **** Incremental Build of configuration Default for project Exercise1 ****
make all 
make: Nothing to be done for 'all'.
11:54:42 **** Incremental Build of configuration Default for project Exercise1 ****
make all 
make: Nothing to be done for 'all'.
11:55:18 **** Incremental Build of configuration Default for project Exercise1 ****
make all 
make: Nothing to be done for 'all'.
11:56:49 **** Incremental Build of configuration Default for project Exercise1 ****
make all 
make: Nothing to be done for 'all'.
11:58:17 **** Incremental Build of configuration Default for project Exercise1 ****
make all 
[1;34mCompiling main.c[0m
[1;34mLinking build/Project_template.elf[0m
[1;34mCreating build/Project_template.hex[0m
[1;34mCreating build/Project_template.bin[0m
[1;34mCreating build/Project_template.dmp[0m

   text	   data	    bss	    dec	    hex	filename
  52580	   2988	   6956	  62524	   f43c	build/Project_template.elf
[1;34mCreating build/Project_template.list[0m

[1;34mDone[0m
11:58:19 **** Incremental Build of configuration Default for project Exercise1 ****
make all 
make: Nothing to be done for 'all'.
11:59:34 **** Incremental Build of configuration Default for project Exercise1 ****
make all 
make: Nothing to be done for 'all'.
11:59:36 **** Incremental Build of configuration Default for project Exercise1 ****
make all 
make: Nothing to be done for 'all'.
11:59:43 **** Incremental Build of configuration Default for project Exercise1 ****
make all 
make: Nothing to be done for 'all'.
12:00:01 **** Incremental Build of configuration Default for project Exercise1 ****
make all 
make: Nothing to be done for 'all'.
12:00:05 **** Incremental Build of configuration Default for project Exercise1 ****
make all 
make: Nothing to be done for 'all'.
12:00:07 **** Incremental Build of configuration Default for project Exercise1 ****
make all 
make: Nothing to be done for 'all'.
12:00:16 **** Incremental Build of configuration Default for project Exercise1 ****
make all 
make: Nothing to be done for 'all'.
12:00:34 **** Incremental Build of configuration Default for project Exercise1 ****
make all 
make: Nothing to be done for 'all'.
12:01:01 **** Incremental Build of configuration Default for project Exercise1 ****
make all 
make: Nothing to be done for 'all'.
12:02:00 **** Incremental Build of configuration Default for project Exercise1 ****
make all 
[1;34mCompiling main.c[0m
[1;34mLinking build/Project_template.elf[0m
[1;34mCreating build/Project_template.hex[0m
[1;34mCreating build/Project_template.bin[0m
[1;34mCreating build/Project_template.dmp[0m

   text	   data	    bss	    dec	    hex	filename
  52580	   2988	   6956	  62524	   f43c	build/Project_template.elf
[1;34mCreating build/Project_template.list[0m

[1;34mDone[0m
12:02:03 **** Incremental Build of configuration Default for project Exercise1 ****
make all 
make: Nothing to be done for 'all'.
12:02:12 **** Incremental Build of configuration Default for project Exercise1 ****
make all 
make: Nothing to be done for 'all'.
12:02:15 **** Incremental Build of configuration Default for project Exercise1 ****
make all 
make: Nothing to be done for 'all'.
12:03:07 **** Incremental Build of configuration Default for project Exercise1 ****
make all 
make: Nothing to be done for 'all'.
12:03:14 **** Incremental Build of configuration Default for project Exercise1 ****
make all 
make: Nothing to be done for 'all'.
12:03:17 **** Incremental Build of configuration Default for project Exercise1 ****
make all 
make: Nothing to be done for 'all'.
12:03:44 **** Incremental Build of configuration Default for project Exercise1 ****
make all 
[1;34mCompiling main.c[0m
[1;34mLinking build/Project_template.elf[0m
[1;34mCreating build/Project_template.hex[0m
[1;34mCreating build/Project_template.bin[0m
[1;34mCreating build/Project_template.dmp[0m

   text	   data	    bss	    dec	    hex	filename
  52580	   2988	   6956	  62524	   f43c	build/Project_template.elf
[1;34mCreating build/Project_template.list[0m

[1;34mDone[0m
12:03:46 **** Incremental Build of configuration Default for project Exercise1 ****
make all 
make: Nothing to be done for 'all'.
12:04:52 **** Incremental Build of configuration Default for project Exercise1 ****
make all 
[1;34mCompiling main.c[0m
[1;34mLinking build/Project_template.elf[0m
[1;34mCreating build/Project_template.hex[0m
[1;34mCreating build/Project_template.bin[0m
[1;34mCreating build/Project_template.dmp[0m

   text	   data	    bss	    dec	    hex	filename
  52644	   2988	   6956	  62588	   f47c	build/Project_template.elf
[1;34mCreating build/Project_template.list[0m

[1;34mDone[0m
12:04:55 **** Incremental Build of configuration Default for project Exercise1 ****
make all 
make: Nothing to be done for 'all'.
12:06:35 **** Incremental Build of configuration Default for project Exercise1 ****
make all 
[1;34mCompiling main.c[0m
[1;34mLinking build/Project_template.elf[0m
[1;34mCreating build/Project_template.hex[0m
[1;34mCreating build/Project_template.bin[0m
[1;34mCreating build/Project_template.dmp[0m

   text	   data	    bss	    dec	    hex	filename
  54932	   2980	  15900	  73812	  12054	build/Project_template.elf
[1;34mCreating build/Project_template.list[0m

[1;34mDone[0m
12:06:38 **** Incremental Build of configuration Default for project Exercise1 ****
make all 
make: Nothing to be done for 'all'.
12:07:35 **** Incremental Build of configuration Default for project Exercise1 ****
make all 
[1;34mCompiling main.c[0m
[1;34mLinking build/Project_template.elf[0m
[1;34mCreating build/Project_template.hex[0m
[1;34mCreating build/Project_template.bin[0m
[1;34mCreating build/Project_template.dmp[0m

   text	   data	    bss	    dec	    hex	filename
  58500	   2980	  15964	  77444	  12e84	build/Project_template.elf
[1;34mCreating build/Project_template.list[0m

[1;34mDone[0m
12:07:38 **** Incremental Build of configuration Default for project Exercise1 ****
make all 
make: Nothing to be done for 'all'.
12:08:40 **** Incremental Build of configuration Default for project Exercise1 ****
make all 
[1;34mCompiling main.c[0m
main.c:16:6: warning: function declaration isn't a prototype [-Wstrict-prototypes]
 bool objectOnTheRight(){
      ^~~~~~~~~~~~~~~~
main.c: In function 'objectOnTheRight':
main.c:18:15: warning: implicit declaration of function 'get_prox'; did you mean 'getopt'? [-Wimplicit-function-declaration]
   int prox0 = get_prox(0);
               ^~~~~~~~
               getopt
main.c: At top level:
main.c:30:6: warning: function declaration isn't a prototype [-Wstrict-prototypes]
 bool objectOnTheLeft(){
      ^~~~~~~~~~~~~~~
[1;34mLinking build/Project_template.elf[0m
[1;34mCreating build/Project_template.hex[0m
[1;34mCreating build/Project_template.bin[0m
[1;34mCreating build/Project_template.dmp[0m

   text	   data	    bss	    dec	    hex	filename
  58500	   2980	  15964	  77444	  12e84	build/Project_template.elf
[1;34mCreating build/Project_template.list[0m

[1;34mDone[0m
12:08:43 **** Incremental Build of configuration Default for project Exercise1 ****
make all 
make: Nothing to be done for 'all'.
12:08:53 **** Incremental Build of configuration Default for project Exercise1 ****
make all 
make: Nothing to be done for 'all'.
12:08:56 **** Incremental Build of configuration Default for project Exercise1 ****
make all 
make: Nothing to be done for 'all'.
12:08:59 **** Incremental Build of configuration Default for project Exercise1 ****
make all 
make: Nothing to be done for 'all'.
12:09:03 **** Incremental Build of configuration Default for project Exercise1 ****
make all 
make: Nothing to be done for 'all'.
12:11:17 **** Incremental Build of configuration Default for project Exercise1 ****
make all 
[1;34mCompiling main.c[0m
main.c:26:6: warning: function declaration isn't a prototype [-Wstrict-prototypes]
 bool objectOnTheRight(){
      ^~~~~~~~~~~~~~~~
main.c:40:6: warning: function declaration isn't a prototype [-Wstrict-prototypes]
 bool objectOnTheLeft(){
      ^~~~~~~~~~~~~~~
[1;34mLinking build/Project_template.elf[0m
[1;34mCreating build/Project_template.hex[0m
[1;34mCreating build/Project_template.bin[0m
[1;34mCreating build/Project_template.dmp[0m

   text	   data	    bss	    dec	    hex	filename
  59604	   3020	  16612	  79236	  13584	build/Project_template.elf
[1;34mCreating build/Project_template.list[0m

[1;34mDone[0m
12:11:34 **** Incremental Build of configuration Default for project Exercise1 ****
make all 
make: Nothing to be done for 'all'.
12:11:36 **** Incremental Build of configuration Default for project Exercise1 ****
make all 
make: Nothing to be done for 'all'.
12:11:40 **** Incremental Build of configuration Default for project Exercise1 ****
make all 
make: Nothing to be done for 'all'.
12:11:43 **** Incremental Build of configuration Default for project Exercise1 ****
make all 
make: Nothing to be done for 'all'.
12:12:21 **** Incremental Build of configuration Default for project Exercise1 ****
make all 
[1;34mCompiling main.c[0m
main.c:24:6: warning: function declaration isn't a prototype [-Wstrict-prototypes]
 bool objectOnTheRight(){
      ^~~~~~~~~~~~~~~~
main.c:38:6: warning: function declaration isn't a prototype [-Wstrict-prototypes]
 bool objectOnTheLeft(){
      ^~~~~~~~~~~~~~~
[1;34mLinking build/Project_template.elf[0m
[1;34mCreating build/Project_template.hex[0m
[1;34mCreating build/Project_template.bin[0m
[1;34mCreating build/Project_template.dmp[0m

   text	   data	    bss	    dec	    hex	filename
  59460	   2988	  16596	  79044	  134c4	build/Project_template.elf
[1;34mCreating build/Project_template.list[0m

[1;34mDone[0m
12:12:23 **** Incremental Build of configuration Default for project Exercise1 ****
make all 
make: Nothing to be done for 'all'.
12:12:46 **** Incremental Build of configuration Default for project Exercise1 ****
make all 
[1;34mCompiling main.c[0m
main.c:26:6: warning: function declaration isn't a prototype [-Wstrict-prototypes]
 bool objectOnTheRight(){
      ^~~~~~~~~~~~~~~~
main.c:40:6: warning: function declaration isn't a prototype [-Wstrict-prototypes]
 bool objectOnTheLeft(){
      ^~~~~~~~~~~~~~~
[1;34mLinking build/Project_template.elf[0m
[1;34mCreating build/Project_template.hex[0m
[1;34mCreating build/Project_template.bin[0m
[1;34mCreating build/Project_template.dmp[0m

   text	   data	    bss	    dec	    hex	filename
  59460	   2988	  16596	  79044	  134c4	build/Project_template.elf
[1;34mCreating build/Project_template.list[0m

[1;34mDone[0m
12:12:49 **** Incremental Build of configuration Default for project Exercise1 ****
make all 
make: Nothing to be done for 'all'.
12:12:58 **** Incremental Build of configuration Default for project Exercise1 ****
make all 
make: Nothing to be done for 'all'.
12:13:01 **** Incremental Build of configuration Default for project Exercise1 ****
make all 
make: Nothing to be done for 'all'.
12:13:33 **** Incremental Build of configuration Default for project Exercise1 ****
make all 
[1;34mCompiling main.c[0m
main.c:26:6: warning: function declaration isn't a prototype [-Wstrict-prototypes]
 bool objectOnTheRight(){
      ^~~~~~~~~~~~~~~~
main.c:40:6: warning: function declaration isn't a prototype [-Wstrict-prototypes]
 bool objectOnTheLeft(){
      ^~~~~~~~~~~~~~~
[1;34mLinking build/Project_template.elf[0m
[1;34mCreating build/Project_template.hex[0m
[1;34mCreating build/Project_template.bin[0m
[1;34mCreating build/Project_template.dmp[0m

   text	   data	    bss	    dec	    hex	filename
  59524	   3020	  16612	  79156	  13534	build/Project_template.elf
[1;34mCreating build/Project_template.list[0m

[1;34mDone[0m
12:13:40 **** Incremental Build of configuration Default for project Exercise1 ****
make all 
make: Nothing to be done for 'all'.
12:13:43 **** Incremental Build of configuration Default for project Exercise1 ****
make all 
make: Nothing to be done for 'all'.
12:13:45 **** Incremental Build of configuration Default for project Exercise1 ****
make all 
make: Nothing to be done for 'all'.
12:14:10 **** Incremental Build of configuration Default for project Exercise1 ****
make all 
[1;34mCompiling main.c[0m
main.c:26:6: warning: function declaration isn't a prototype [-Wstrict-prototypes]
 bool objectOnTheRight(){
      ^~~~~~~~~~~~~~~~
main.c:40:6: warning: function declaration isn't a prototype [-Wstrict-prototypes]
 bool objectOnTheLeft(){
      ^~~~~~~~~~~~~~~
[1;34mLinking build/Project_template.elf[0m
[1;34mCreating build/Project_template.hex[0m
[1;34mCreating build/Project_template.bin[0m
[1;34mCreating build/Project_template.dmp[0m

   text	   data	    bss	    dec	    hex	filename
  59604	   3020	  16612	  79236	  13584	build/Project_template.elf
[1;34mCreating build/Project_template.list[0m

[1;34mDone[0m
12:14:12 **** Incremental Build of configuration Default for project Exercise1 ****
make all 
make: Nothing to be done for 'all'.
12:14:47 **** Incremental Build of configuration Default for project Exercise1 ****
make all 
[1;34mCompiling main.c[0m
main.c:26:6: warning: function declaration isn't a prototype [-Wstrict-prototypes]
 bool objectOnTheRight(){
      ^~~~~~~~~~~~~~~~
main.c:40:6: warning: function declaration isn't a prototype [-Wstrict-prototypes]
 bool objectOnTheLeft(){
      ^~~~~~~~~~~~~~~
[1;34mLinking build/Project_template.elf[0m
[1;34mCreating build/Project_template.hex[0m
[1;34mCreating build/Project_template.bin[0m
[1;34mCreating build/Project_template.dmp[0m

   text	   data	    bss	    dec	    hex	filename
  63012	   3084	  17508	  83604	  14694	build/Project_template.elf
[1;34mCreating build/Project_template.list[0m

[1;34mDone[0m
12:14:49 **** Incremental Build of configuration Default for project Exercise1 ****
make all 
make: Nothing to be done for 'all'.
12:15:24 **** Incremental Build of configuration Default for project Exercise1 ****
make all 
[1;34mCompiling main.c[0m
main.c:26:6: warning: function declaration isn't a prototype [-Wstrict-prototypes]
 bool objectOnTheRight(){
      ^~~~~~~~~~~~~~~~
main.c:40:6: warning: function declaration isn't a prototype [-Wstrict-prototypes]
 bool objectOnTheLeft(){
      ^~~~~~~~~~~~~~~
main.c: In function 'main':
main.c:67:5: error: too many arguments to function 'calibrate_ir'
     calibrate_ir(0);
     ^~~~~~~~~~~~
In file included from main.c:20:0:
../e-puck2_main-processor/src/sensors/proximity.h:46:6: note: declared here
 void calibrate_ir(void);
      ^~~~~~~~~~~~
make: *** [../e-puck2_main-processor/ChibiOS//os/common/ports/ARMCMx/compilers/GCC/rules.mk:217: build/obj/main.o] Error 1
"make all" terminated with exit code 2. Build might be incomplete.
12:15:31 **** Incremental Build of configuration Default for project Exercise1 ****
make all 
[1;34mCompiling main.c[0m
main.c:26:6: warning: function declaration isn't a prototype [-Wstrict-prototypes]
 bool objectOnTheRight(){
      ^~~~~~~~~~~~~~~~
main.c:40:6: warning: function declaration isn't a prototype [-Wstrict-prototypes]
 bool objectOnTheLeft(){
      ^~~~~~~~~~~~~~~
[1;34mLinking build/Project_template.elf[0m
[1;34mCreating build/Project_template.hex[0m
[1;34mCreating build/Project_template.bin[0m
[1;34mCreating build/Project_template.dmp[0m

   text	   data	    bss	    dec	    hex	filename
  63076	   3084	  17508	  83668	  146d4	build/Project_template.elf
[1;34mCreating build/Project_template.list[0m

[1;34mDone[0m
12:15:33 **** Incremental Build of configuration Default for project Exercise1 ****
make all 
make: Nothing to be done for 'all'.
12:16:38 **** Incremental Build of configuration Default for project Exercise1 ****
make all 
[1;34mCompiling main.c[0m
main.c:30:6: warning: function declaration isn't a prototype [-Wstrict-prototypes]
 bool objectOnTheRight(){
      ^~~~~~~~~~~~~~~~
main.c:44:6: warning: function declaration isn't a prototype [-Wstrict-prototypes]
 bool objectOnTheLeft(){
      ^~~~~~~~~~~~~~~
[1;34mLinking build/Project_template.elf[0m
[1;34mCreating build/Project_template.hex[0m
[1;34mCreating build/Project_template.bin[0m
[1;34mCreating build/Project_template.dmp[0m

   text	   data	    bss	    dec	    hex	filename
  63076	   3084	  17508	  83668	  146d4	build/Project_template.elf
[1;34mCreating build/Project_template.list[0m

[1;34mDone[0m
12:16:41 **** Incremental Build of configuration Default for project Exercise1 ****
make all 
make: Nothing to be done for 'all'.
12:16:45 **** Incremental Build of configuration Default for project Exercise1 ****
make all 
make: Nothing to be done for 'all'.
12:16:47 **** Incremental Build of configuration Default for project Exercise1 ****
make all 
make: Nothing to be done for 'all'.
12:17:47 **** Incremental Build of configuration Default for project Exercise1 ****
make all 
[1;34mCompiling main.c[0m
main.c:30:6: warning: function declaration isn't a prototype [-Wstrict-prototypes]
 bool objectOnTheRight(){
      ^~~~~~~~~~~~~~~~
main.c:44:6: warning: function declaration isn't a prototype [-Wstrict-prototypes]
 bool objectOnTheLeft(){
      ^~~~~~~~~~~~~~~
[1;34mLinking build/Project_template.elf[0m
[1;34mCreating build/Project_template.hex[0m
[1;34mCreating build/Project_template.bin[0m
[1;34mCreating build/Project_template.dmp[0m

   text	   data	    bss	    dec	    hex	filename
  63332	   3084	  17508	  83924	  147d4	build/Project_template.elf
[1;34mCreating build/Project_template.list[0m

[1;34mDone[0m
12:17:49 **** Incremental Build of configuration Default for project Exercise1 ****
make all 
make: Nothing to be done for 'all'.
12:18:44 **** Incremental Build of configuration Default for project Exercise1 ****
make all 
[1;34mCompiling main.c[0m
main.c:30:6: warning: function declaration isn't a prototype [-Wstrict-prototypes]
 bool objectOnTheRight(){
      ^~~~~~~~~~~~~~~~
main.c:44:6: warning: function declaration isn't a prototype [-Wstrict-prototypes]
 bool objectOnTheLeft(){
      ^~~~~~~~~~~~~~~
[1;34mLinking build/Project_template.elf[0m
[1;34mCreating build/Project_template.hex[0m
[1;34mCreating build/Project_template.bin[0m
[1;34mCreating build/Project_template.dmp[0m

   text	   data	    bss	    dec	    hex	filename
  63236	   3084	  17508	  83828	  14774	build/Project_template.elf
[1;34mCreating build/Project_template.list[0m

[1;34mDone[0m
12:18:54 **** Incremental Build of configuration Default for project Exercise1 ****
make all 
make: Nothing to be done for 'all'.
12:18:57 **** Incremental Build of configuration Default for project Exercise1 ****
make all 
make: Nothing to be done for 'all'.
12:19:01 **** Incremental Build of configuration Default for project Exercise1 ****
make all 
make: Nothing to be done for 'all'.
12:19:03 **** Incremental Build of configuration Default for project Exercise1 ****
make all 
make: Nothing to be done for 'all'.
12:19:27 **** Incremental Build of configuration Default for project Exercise1 ****
make all 
[1;34mCompiling main.c[0m
main.c:30:6: warning: function declaration isn't a prototype [-Wstrict-prototypes]
 bool objectOnTheRight(){
      ^~~~~~~~~~~~~~~~
main.c:44:6: warning: function declaration isn't a prototype [-Wstrict-prototypes]
 bool objectOnTheLeft(){
      ^~~~~~~~~~~~~~~
[1;34mLinking build/Project_template.elf[0m
[1;34mCreating build/Project_template.hex[0m
[1;34mCreating build/Project_template.bin[0m
[1;34mCreating build/Project_template.dmp[0m

   text	   data	    bss	    dec	    hex	filename
  63236	   3084	  17508	  83828	  14774	build/Project_template.elf
[1;34mCreating build/Project_template.list[0m

[1;34mDone[0m
12:19:32 **** Incremental Build of configuration Default for project Exercise1 ****
make all 
make: Nothing to be done for 'all'.
12:20:22 **** Incremental Build of configuration Default for project Exercise1 ****
make all 
[1;34mCompiling main.c[0m
main.c:30:6: warning: function declaration isn't a prototype [-Wstrict-prototypes]
 bool objectOnTheRight(){
      ^~~~~~~~~~~~~~~~
main.c:44:6: warning: function declaration isn't a prototype [-Wstrict-prototypes]
 bool objectOnTheLeft(){
      ^~~~~~~~~~~~~~~
[1;34mLinking build/Project_template.elf[0m
[1;34mCreating build/Project_template.hex[0m
[1;34mCreating build/Project_template.bin[0m
[1;34mCreating build/Project_template.dmp[0m

   text	   data	    bss	    dec	    hex	filename
  63236	   3084	  17508	  83828	  14774	build/Project_template.elf
[1;34mCreating build/Project_template.list[0m

[1;34mDone[0m
12:21:03 **** Incremental Build of configuration Default for project Exercise1 ****
make all 
[1;34mCompiling main.c[0m
main.c:30:6: warning: function declaration isn't a prototype [-Wstrict-prototypes]
 bool objectOnTheRight(){
      ^~~~~~~~~~~~~~~~
main.c:44:6: warning: function declaration isn't a prototype [-Wstrict-prototypes]
 bool objectOnTheLeft(){
      ^~~~~~~~~~~~~~~
main.c: In function 'main':
main.c:78:43: warning: unused variable 'messageForward' [-Wunused-variable]
      int messageForRight, messageForLeft, messageForward;
                                           ^~~~~~~~~~~~~~
main.c:78:27: warning: variable 'messageForLeft' set but not used [-Wunused-but-set-variable]
      int messageForRight, messageForLeft, messageForward;
                           ^~~~~~~~~~~~~~
[1;34mLinking build/Project_template.elf[0m
[1;34mCreating build/Project_template.hex[0m
[1;34mCreating build/Project_template.bin[0m
[1;34mCreating build/Project_template.dmp[0m

   text	   data	    bss	    dec	    hex	filename
  63364	   3084	  17508	  83956	  147f4	build/Project_template.elf
[1;34mCreating build/Project_template.list[0m

[1;34mDone[0m
12:21:05 **** Incremental Build of configuration Default for project Exercise1 ****
make all 
make: Nothing to be done for 'all'.
12:21:09 **** Incremental Build of configuration Default for project Exercise1 ****
make all 
make: Nothing to be done for 'all'.
12:21:11 **** Incremental Build of configuration Default for project Exercise1 ****
make all 
make: Nothing to be done for 'all'.
12:22:08 **** Incremental Build of configuration Default for project Exercise1 ****
make all 
[1;34mCompiling main.c[0m
main.c:30:6: warning: function declaration isn't a prototype [-Wstrict-prototypes]
 bool objectOnTheRight(){
      ^~~~~~~~~~~~~~~~
main.c:44:6: warning: function declaration isn't a prototype [-Wstrict-prototypes]
 bool objectOnTheLeft(){
      ^~~~~~~~~~~~~~~
main.c: In function 'main':
main.c:78:43: warning: unused variable 'messageForward' [-Wunused-variable]
      int messageForRight, messageForLeft, messageForward;
                                           ^~~~~~~~~~~~~~
main.c:78:27: warning: variable 'messageForLeft' set but not used [-Wunused-but-set-variable]
      int messageForRight, messageForLeft, messageForward;
                           ^~~~~~~~~~~~~~
[1;34mLinking build/Project_template.elf[0m
[1;34mCreating build/Project_template.hex[0m
[1;34mCreating build/Project_template.bin[0m
[1;34mCreating build/Project_template.dmp[0m

   text	   data	    bss	    dec	    hex	filename
  63380	   3084	  17508	  83972	  14804	build/Project_template.elf
[1;34mCreating build/Project_template.list[0m

[1;34mDone[0m
12:22:12 **** Incremental Build of configuration Default for project Exercise1 ****
make all 
make: Nothing to be done for 'all'.
12:22:15 **** Incremental Build of configuration Default for project Exercise1 ****
make all 
make: Nothing to be done for 'all'.
12:22:18 **** Incremental Build of configuration Default for project Exercise1 ****
make all 
make: Nothing to be done for 'all'.
12:22:20 **** Incremental Build of configuration Default for project Exercise1 ****
make all 
make: Nothing to be done for 'all'.
12:24:12 **** Incremental Build of configuration Default for project Exercise1 ****
make all 
[1;34mCompiling main.c[0m
main.c:30:6: warning: function declaration isn't a prototype [-Wstrict-prototypes]
 bool objectOnTheRight(){
      ^~~~~~~~~~~~~~~~
main.c:44:6: warning: function declaration isn't a prototype [-Wstrict-prototypes]
 bool objectOnTheLeft(){
      ^~~~~~~~~~~~~~~
main.c: In function 'main':
main.c:78:43: warning: unused variable 'messageForward' [-Wunused-variable]
      int messageForRight, messageForLeft, messageForward;
                                           ^~~~~~~~~~~~~~
[1;34mLinking build/Project_template.elf[0m
[1;34mCreating build/Project_template.hex[0m
[1;34mCreating build/Project_template.bin[0m
[1;34mCreating build/Project_template.dmp[0m

   text	   data	    bss	    dec	    hex	filename
  63492	   3084	  17508	  84084	  14874	build/Project_template.elf
[1;34mCreating build/Project_template.list[0m

[1;34mDone[0m
12:24:21 **** Incremental Build of configuration Default for project Exercise1 ****
make all 
make: Nothing to be done for 'all'.
12:24:25 **** Incremental Build of configuration Default for project Exercise1 ****
make all 
make: Nothing to be done for 'all'.
12:24:27 **** Incremental Build of configuration Default for project Exercise1 ****
make all 
make: Nothing to be done for 'all'.
12:24:31 **** Incremental Build of configuration Default for project Exercise1 ****
make all 
make: Nothing to be done for 'all'.
12:24:34 **** Incremental Build of configuration Default for project Exercise1 ****
make all 
make: Nothing to be done for 'all'.
12:28:18 **** Incremental Build of configuration Default for project Exercise1 ****
make all 
make: Nothing to be done for 'all'.
12:28:20 **** Incremental Build of configuration Default for project Exercise1 ****
make all 
make: Nothing to be done for 'all'.
12:31:35 **** Incremental Build of configuration Default for project Exercise1 ****
make all 
[1;34mCompiling main.c[0m
main.c:30:6: warning: function declaration isn't a prototype [-Wstrict-prototypes]
 bool objectOnTheRight(){
      ^~~~~~~~~~~~~~~~
main.c:44:6: warning: function declaration isn't a prototype [-Wstrict-prototypes]
 bool objectOnTheLeft(){
      ^~~~~~~~~~~~~~~
main.c: In function 'main':
main.c:78:43: warning: unused variable 'messageForward' [-Wunused-variable]
      int messageForRight, messageForLeft, messageForward;
                                           ^~~~~~~~~~~~~~
[1;34mLinking build/Project_template.elf[0m
[1;34mCreating build/Project_template.hex[0m
[1;34mCreating build/Project_template.bin[0m
[1;34mCreating build/Project_template.dmp[0m

   text	   data	    bss	    dec	    hex	filename
  63492	   3084	  17508	  84084	  14874	build/Project_template.elf
[1;34mCreating build/Project_template.list[0m

[1;34mDone[0m
12:31:42 **** Incremental Build of configuration Default for project Exercise1 ****
make all 
make: Nothing to be done for 'all'.
12:34:17 **** Incremental Build of configuration Default for project Exercise1 ****
make all 
[1;34mCompiling main.c[0m
main.c:30:6: warning: function declaration isn't a prototype [-Wstrict-prototypes]
 bool objectOnTheRight(){
      ^~~~~~~~~~~~~~~~
main.c:48:6: warning: function declaration isn't a prototype [-Wstrict-prototypes]
 bool objectOnTheLeft(){
      ^~~~~~~~~~~~~~~
main.c: In function 'main':
main.c:82:43: warning: unused variable 'messageForward' [-Wunused-variable]
      int messageForRight, messageForLeft, messageForward;
                                           ^~~~~~~~~~~~~~
[1;34mLinking build/Project_template.elf[0m
[1;34mCreating build/Project_template.hex[0m
[1;34mCreating build/Project_template.bin[0m
[1;34mCreating build/Project_template.dmp[0m

   text	   data	    bss	    dec	    hex	filename
  63636	   3084	  17508	  84228	  14904	build/Project_template.elf
[1;34mCreating build/Project_template.list[0m

[1;34mDone[0m
12:34:19 **** Incremental Build of configuration Default for project Exercise1 ****
make all 
make: Nothing to be done for 'all'.
12:35:28 **** Incremental Build of configuration Default for project Exercise1 ****
make all 
[1;34mCompiling main.c[0m
main.c:30:6: warning: function declaration isn't a prototype [-Wstrict-prototypes]
 bool objectOnTheRight(){
      ^~~~~~~~~~~~~~~~
main.c:48:6: warning: function declaration isn't a prototype [-Wstrict-prototypes]
 bool objectOnTheLeft(){
      ^~~~~~~~~~~~~~~
main.c: In function 'main':
main.c:82:43: warning: unused variable 'messageForward' [-Wunused-variable]
      int messageForRight, messageForLeft, messageForward;
                                           ^~~~~~~~~~~~~~
[1;34mLinking build/Project_template.elf[0m
[1;34mCreating build/Project_template.hex[0m
[1;34mCreating build/Project_template.bin[0m
[1;34mCreating build/Project_template.dmp[0m

   text	   data	    bss	    dec	    hex	filename
  63636	   3084	  17508	  84228	  14904	build/Project_template.elf
[1;34mCreating build/Project_template.list[0m

[1;34mDone[0m
12:36:33 **** Incremental Build of configuration Default for project Exercise1 ****
make all 
[1;34mCompiling main.c[0m
main.c:30:6: warning: function declaration isn't a prototype [-Wstrict-prototypes]
 bool objectOnTheRight(){
      ^~~~~~~~~~~~~~~~
main.c:48:6: warning: function declaration isn't a prototype [-Wstrict-prototypes]
 bool objectOnTheLeft(){
      ^~~~~~~~~~~~~~~
main.c: In function 'main':
main.c:82:43: warning: unused variable 'messageForward' [-Wunused-variable]
      int messageForRight, messageForLeft, messageForward;
                                           ^~~~~~~~~~~~~~
[1;34mLinking build/Project_template.elf[0m
[1;34mCreating build/Project_template.hex[0m
[1;34mCreating build/Project_template.bin[0m
[1;34mCreating build/Project_template.dmp[0m

   text	   data	    bss	    dec	    hex	filename
  63636	   3084	  17508	  84228	  14904	build/Project_template.elf
[1;34mCreating build/Project_template.list[0m

[1;34mDone[0m
12:36:46 **** Incremental Build of configuration Default for project Exercise1 ****
make all 
make: Nothing to be done for 'all'.
12:38:23 **** Incremental Build of configuration Default for project Exercise1 ****
make all 
[1;34mCompiling main.c[0m
main.c:30:6: warning: function declaration isn't a prototype [-Wstrict-prototypes]
 bool objectOnTheRight(){
      ^~~~~~~~~~~~~~~~
main.c:48:6: warning: function declaration isn't a prototype [-Wstrict-prototypes]
 bool objectOnTheLeft(){
      ^~~~~~~~~~~~~~~
main.c: In function 'objectOnTheLeft':
main.c:52:7: warning: unused variable 'prox7' [-Wunused-variable]
   int prox7 = get_calibrated_prox(7);
       ^~~~~
main.c: In function 'main':
main.c:82:43: warning: unused variable 'messageForward' [-Wunused-variable]
      int messageForRight, messageForLeft, messageForward;
                                           ^~~~~~~~~~~~~~
[1;34mLinking build/Project_template.elf[0m
[1;34mCreating build/Project_template.hex[0m
[1;34mCreating build/Project_template.bin[0m
[1;34mCreating build/Project_template.dmp[0m

   text	   data	    bss	    dec	    hex	filename
  63636	   3084	  17508	  84228	  14904	build/Project_template.elf
[1;34mCreating build/Project_template.list[0m

[1;34mDone[0m
12:38:25 **** Incremental Build of configuration Default for project Exercise1 ****
make all 
make: Nothing to be done for 'all'.
12:40:07 **** Incremental Build of configuration Default for project Exercise1 ****
make all 
[1;34mCompiling main.c[0m
main.c:30:6: warning: function declaration isn't a prototype [-Wstrict-prototypes]
 bool objectOnTheRight(){
      ^~~~~~~~~~~~~~~~
main.c:48:6: warning: function declaration isn't a prototype [-Wstrict-prototypes]
 bool objectOnTheLeft(){
      ^~~~~~~~~~~~~~~
main.c: In function 'main':
main.c:82:43: warning: unused variable 'messageForward' [-Wunused-variable]
      int messageForRight, messageForLeft, messageForward;
                                           ^~~~~~~~~~~~~~
[1;34mLinking build/Project_template.elf[0m
[1;34mCreating build/Project_template.hex[0m
[1;34mCreating build/Project_template.bin[0m
[1;34mCreating build/Project_template.dmp[0m

   text	   data	    bss	    dec	    hex	filename
  63636	   3084	  17508	  84228	  14904	build/Project_template.elf
[1;34mCreating build/Project_template.list[0m

[1;34mDone[0m
12:40:09 **** Incremental Build of configuration Default for project Exercise1 ****
make all 
make: Nothing to be done for 'all'.
12:40:15 **** Incremental Build of configuration Default for project Exercise1 ****
make all 
make: Nothing to be done for 'all'.
12:40:26 **** Incremental Build of configuration Default for project Exercise1 ****
make all 
make: Nothing to be done for 'all'.
12:40:28 **** Incremental Build of configuration Default for project Exercise1 ****
make all 
make: Nothing to be done for 'all'.
12:40:36 **** Incremental Build of configuration Default for project Exercise1 ****
make all 
make: Nothing to be done for 'all'.
12:40:41 **** Incremental Build of configuration Default for project Exercise1 ****
make all 
make: Nothing to be done for 'all'.
12:40:46 **** Incremental Build of configuration Default for project Exercise1 ****
make all 
make: Nothing to be done for 'all'.
12:40:49 **** Incremental Build of configuration Default for project Exercise1 ****
make all 
make: Nothing to be done for 'all'.
12:40:59 **** Incremental Build of configuration Default for project Exercise1 ****
make all 
make: Nothing to be done for 'all'.
12:41:01 **** Incremental Build of configuration Default for project Exercise1 ****
make all 
make: Nothing to be done for 'all'.
12:41:07 **** Incremental Build of configuration Default for project Exercise1 ****
make all 
make: Nothing to be done for 'all'.
12:41:19 **** Incremental Build of configuration Default for project Exercise1 ****
make all 
make: Nothing to be done for 'all'.
12:42:00 **** Incremental Build of configuration Default for project Exercise1 ****
make all 
make: Nothing to be done for 'all'.
12:42:03 **** Incremental Build of configuration Default for project Exercise1 ****
make all 
make: Nothing to be done for 'all'.
12:42:09 **** Incremental Build of configuration Default for project Exercise1 ****
make all 
make: Nothing to be done for 'all'.
12:42:11 **** Incremental Build of configuration Default for project Exercise1 ****
make all 
make: Nothing to be done for 'all'.
12:42:23 **** Incremental Build of configuration Default for project Exercise1 ****
make all 
make: Nothing to be done for 'all'.
12:42:33 **** Incremental Build of configuration Default for project Exercise1 ****
make all 
make: Nothing to be done for 'all'.
12:42:44 **** Incremental Build of configuration Default for project Exercise1 ****
make all 
make: Nothing to be done for 'all'.
12:43:08 **** Incremental Build of configuration Default for project Exercise1 ****
make all 
make: Nothing to be done for 'all'.
12:43:32 **** Incremental Build of configuration Default for project Exercise1 ****
make all 
make: Nothing to be done for 'all'.
12:43:34 **** Incremental Build of configuration Default for project Exercise1 ****
make all 
make: Nothing to be done for 'all'.
12:49:04 **** Incremental Build of configuration Default for project Exercise1 ****
make all 
[1;34mCompiling main.c[0m
main.c:30:6: warning: function declaration isn't a prototype [-Wstrict-prototypes]
 bool objectOnTheRight(){
      ^~~~~~~~~~~~~~~~
main.c:48:6: warning: function declaration isn't a prototype [-Wstrict-prototypes]
 bool objectOnTheLeft(){
      ^~~~~~~~~~~~~~~
main.c: In function 'objectOnTheLeft':
main.c:57:47: error: 'str2' undeclared (first use in this function); did you mean 'str1'?
                     int str_length1 = sprintf(str2, "Sensor 5: %d, Sensor6: %d, Sensor7: %d\n",
                                               ^~~~
                                               str1
main.c:57:47: note: each undeclared identifier is reported only once for each function it appears in
main.c: In function 'main':
main.c:86:43: warning: unused variable 'messageForward' [-Wunused-variable]
      int messageForRight, messageForLeft, messageForward;
                                           ^~~~~~~~~~~~~~
make: *** [../e-puck2_main-processor/ChibiOS//os/common/ports/ARMCMx/compilers/GCC/rules.mk:217: build/obj/main.o] Error 1
"make all" terminated with exit code 2. Build might be incomplete.
12:49:20 **** Incremental Build of configuration Default for project Exercise1 ****
make all 
[1;34mCompiling main.c[0m
main.c:30:6: warning: function declaration isn't a prototype [-Wstrict-prototypes]
 bool objectOnTheRight(){
      ^~~~~~~~~~~~~~~~
main.c:48:6: warning: function declaration isn't a prototype [-Wstrict-prototypes]
 bool objectOnTheLeft(){
      ^~~~~~~~~~~~~~~
main.c: In function 'objectOnTheLeft':
main.c:57:47: error: 'str2' undeclared (first use in this function); did you mean 'str1'?
                     int str_length1 = sprintf(str2, "Sensor 5: %d, Sensor6: %d, Sensor7: %d\n",
                                               ^~~~
                                               str1
main.c:57:47: note: each undeclared identifier is reported only once for each function it appears in
make: *** [../e-puck2_main-processor/ChibiOS//os/common/ports/ARMCMx/compilers/GCC/rules.mk:217: build/obj/main.o] Error 1
"make all" terminated with exit code 2. Build might be incomplete.
12:49:29 **** Incremental Build of configuration Default for project Exercise1 ****
make all 
[1;34mCompiling main.c[0m
main.c:30:6: warning: function declaration isn't a prototype [-Wstrict-prototypes]
 bool objectOnTheRight(){
      ^~~~~~~~~~~~~~~~
main.c:48:6: warning: function declaration isn't a prototype [-Wstrict-prototypes]
 bool objectOnTheLeft(){
      ^~~~~~~~~~~~~~~
[1;34mLinking build/Project_template.elf[0m
[1;34mCreating build/Project_template.hex[0m
[1;34mCreating build/Project_template.bin[0m
[1;34mCreating build/Project_template.dmp[0m

   text	   data	    bss	    dec	    hex	filename
  63652	   3084	  17508	  84244	  14914	build/Project_template.elf
[1;34mCreating build/Project_template.list[0m

[1;34mDone[0m
12:49:31 **** Incremental Build of configuration Default for project Exercise1 ****
make all 
make: Nothing to be done for 'all'.
12:49:35 **** Incremental Build of configuration Default for project Exercise1 ****
make all 
make: Nothing to be done for 'all'.
12:49:38 **** Incremental Build of configuration Default for project Exercise1 ****
make all 
make: Nothing to be done for 'all'.
12:49:57 **** Incremental Build of configuration Default for project Exercise1 ****
make all 
make: Nothing to be done for 'all'.
12:50:00 **** Incremental Build of configuration Default for project Exercise1 ****
make all 
make: Nothing to be done for 'all'.
12:54:07 **** Incremental Build of configuration Default for project Exercise1 ****
make all 
[1;34mCompiling main.c[0m
main.c:30:6: warning: function declaration isn't a prototype [-Wstrict-prototypes]
 bool objectOnTheRight(){
      ^~~~~~~~~~~~~~~~
main.c: In function 'objectOnTheRight':
main.c:38:49: error: 'Sensor1' undeclared (first use in this function)
                 int str_length2 = sprintf(str2, Sensor1: %d, Sensor2: %d\n",
                                                 ^~~~~~~
main.c:38:49: note: each undeclared identifier is reported only once for each function it appears in
main.c:38:56: error: expected ')' before ':' token
                 int str_length2 = sprintf(str2, Sensor1: %d, Sensor2: %d\n",
                                                        ^
main.c:38:73: error: stray '\' in program
                 int str_length2 = sprintf(str2, Sensor1: %d, Sensor2: %d\n",
                                                                         ^
main.c:38:75: warning: missing terminating " character
                 int str_length2 = sprintf(str2, Sensor1: %d, Sensor2: %d\n",
                                                                           ^
main.c:38:75: error: missing terminating " character
                 int str_length2 = sprintf(str2, Sensor1: %d, Sensor2: %d\n",
                                                                           ^~
main.c: At top level:
main.c:47:6: warning: function declaration isn't a prototype [-Wstrict-prototypes]
 bool objectOnTheLeft(){
      ^~~~~~~~~~~~~~~
main.c:64:6: warning: function declaration isn't a prototype [-Wstrict-prototypes]
 bool objectInTheFront(){
      ^~~~~~~~~~~~~~~~
make: *** [../e-puck2_main-processor/ChibiOS//os/common/ports/ARMCMx/compilers/GCC/rules.mk:217: build/obj/main.o] Error 1
"make all" terminated with exit code 2. Build might be incomplete.
12:54:25 **** Incremental Build of configuration Default for project Exercise1 ****
make all 
[1;34mCompiling main.c[0m
main.c:30:6: warning: function declaration isn't a prototype [-Wstrict-prototypes]
 bool objectOnTheRight(){
      ^~~~~~~~~~~~~~~~
main.c:47:6: warning: function declaration isn't a prototype [-Wstrict-prototypes]
 bool objectOnTheLeft(){
      ^~~~~~~~~~~~~~~
main.c:64:6: warning: function declaration isn't a prototype [-Wstrict-prototypes]
 bool objectInTheFront(){
      ^~~~~~~~~~~~~~~~
[1;34mLinking build/Project_template.elf[0m
[1;34mCreating build/Project_template.hex[0m
[1;34mCreating build/Project_template.bin[0m
[1;34mCreating build/Project_template.dmp[0m

   text	   data	    bss	    dec	    hex	filename
  63732	   3084	  17508	  84324	  14964	build/Project_template.elf
[1;34mCreating build/Project_template.list[0m

[1;34mDone[0m
12:54:27 **** Incremental Build of configuration Default for project Exercise1 ****
make all 
make: Nothing to be done for 'all'.
13:09:46 **** Build of configuration Default for project Exercise1 ****
make all 
[1;34mCompiling crt0_v7m.s[0m
[1;34mCompiling chcoreasm_v7m.s[0m
[1;34mCompiling main.c[0m
main.c:26:6: warning: function declaration isn't a prototype [-Wstrict-prototypes]
 bool objectOnTheRight(){
      ^~~~~~~~~~~~~~~~
main.c: In function 'objectOnTheRight':
main.c:33:40: error: 'proxValues' undeclared (first use in this function)
                                        proxValues[0], proxValues[1]);
                                        ^~~~~~~~~~
main.c:33:40: note: each undeclared identifier is reported only once for each function it appears in
main.c: At top level:
main.c:44:6: warning: function declaration isn't a prototype [-Wstrict-prototypes]
 bool objectOnTheLeft(){
      ^~~~~~~~~~~~~~~
main.c: In function 'objectOnTheLeft':
main.c:51:40: error: 'proxValues' undeclared (first use in this function)
                                        proxValues[6], proxValues[7]);
                                        ^~~~~~~~~~
make: *** [../e-puck2_main-processor/ChibiOS//os/common/ports/ARMCMx/compilers/GCC/rules.mk:217: build/obj/main.o] Error 1
"make all" terminated with exit code 2. Build might be incomplete.
13:11:11 **** Incremental Build of configuration Default for project Exercise1 ****
make all 
[1;34mCompiling main.c[0m
main.c:26:6: warning: function declaration isn't a prototype [-Wstrict-prototypes]
 bool objectOnTheRight(){
      ^~~~~~~~~~~~~~~~
main.c:44:6: warning: function declaration isn't a prototype [-Wstrict-prototypes]
 bool objectOnTheLeft(){
      ^~~~~~~~~~~~~~~
main.c: In function 'objectOnTheLeft':
main.c:51:45: error: expected ')' before ']' token
                                        prox6], prox7);
                                             ^
main.c:50:84: warning: format '%d' expects a matching 'int' argument [-Wformat=]
   int str_length1 = sprintf(str1, "Object on the Left  ---- Sensor6: %d, Sensor7: %d\n",
                                                                                   ~^
main.c:51:45: error: expected ',' or ';' before ']' token
                                        prox6], prox7);
                                             ^
make: *** [../e-puck2_main-processor/ChibiOS//os/common/ports/ARMCMx/compilers/GCC/rules.mk:217: build/obj/main.o] Error 1
"make all" terminated with exit code 2. Build might be incomplete.
13:11:16 **** Incremental Build of configuration Default for project Exercise1 ****
make all 
[1;34mCompiling main.c[0m
main.c:26:6: warning: function declaration isn't a prototype [-Wstrict-prototypes]
 bool objectOnTheRight(){
      ^~~~~~~~~~~~~~~~
main.c:44:6: warning: function declaration isn't a prototype [-Wstrict-prototypes]
 bool objectOnTheLeft(){
      ^~~~~~~~~~~~~~~
[1;34mCompiling spi3_slave_lld.c[0m
[1;34mCompiling dcmi_lld.c[0m
[1;34mCompiling dcmi.c[0m
[1;34mCompiling spi3_slave.c[0m
[1;34mCompiling audio_thread.c[0m
[1;34mCompiling microphone.c[0m
[1;34mCompiling mp45dt02_processing.c[0m
[1;34mCompiling play_melody.c[0m
[1;34mCompiling button.c[0m
[1;34mCompiling camera.c[0m
[1;34mCompiling dcmi_camera.c[0m
[1;34mCompiling ov2640.c[0m
[1;34mCompiling ov7670.c[0m
[1;34mCompiling po6030.c[0m
[1;34mCompiling po8030.c[0m
[1;34mCompiling cmd.c[0m
[1;34mCompiling Asercom.c[0m
[1;34mCompiling Asercom2.c[0m
[1;34mCompiling DataEEPROM.c[0m
[1;34mCompiling e_I2C_protocol.c[0m
[1;34mCompiling e_acc.c[0m
[1;34mCompiling e_ad_conv.c[0m
[1;34mCompiling e_micro.c[0m
[1;34mCompiling e_prox.c[0m
[1;34mCompiling e_lsm330.c[0m
[1;34mCompiling e_common.c[0m
[1;34mCompiling e_sound.c[0m
[1;34mCompiling e_agenda.c[0m
[1;34mCompiling e_led.c[0m
[1;34mCompiling e_motors.c[0m
[1;34mCompiling e_remote_control.c[0m
[1;34mCompiling e_init_port.c[0m
[1;34mCompiling e_uart_char.c[0m
[1;34mCompiling utility.c[0m
[1;34mCompiling exti.c[0m
[1;34mCompiling flash.c[0m
[1;34mCompiling i2c_bus.c[0m
[1;34mCompiling ir_remote.c[0m
[1;34mCompiling leds.c[0m
[1;34mCompiling memory_protection.c[0m
[1;34mCompiling motors.c[0m
[1;34mCompiling panic.c[0m
[1;34mCompiling selector.c[0m
[1;34mCompiling battery_level.c[0m
[1;34mCompiling ground.c[0m
[1;34mCompiling imu.c[0m
[1;34mCompiling mpu9250.c[0m
[1;34mCompiling proximity.c[0m
[1;34mCompiling serial_comm.c[0m
[1;34mCompiling spi_comm.c[0m
[1;34mCompiling sdio.c[0m
[1;34mCompiling usbcfg.c[0m
[1;34mCompiling uc_usage.c[0m
[1;34mCompiling malloc_lock.c[0m
[1;34mCompiling newlib_syscalls.c[0m
[1;34mCompiling port.c[0m
[1;34mCompiling communication.c[0m
[1;34mCompiling config_flash_storage.c[0m
[1;34mCompiling vl53l0x_api.c[0m
[1;34mCompiling vl53l0x_api_calibration.c[0m
[1;34mCompiling vl53l0x_api_core.c[0m
[1;34mCompiling vl53l0x_api_ranging.c[0m
[1;34mCompiling vl53l0x_api_strings.c[0m
[1;34mCompiling vl53l0x_i2c_platform.c[0m
[1;34mCompiling vl53l0x_platform.c[0m
[1;34mCompiling VL53L0X.c[0m
[1;34mCompiling serial_datagram.c[0m
[1;34mCompiling cmp.c[0m
[1;34mCompiling cmp_mem_access.c[0m
[1;34mCompiling crc16.c[0m
[1;34mCompiling crc32.c[0m
[1;34mCompiling messagebus.c[0m
[1;34mCompiling parameter.c[0m
[1;34mCompiling parameter_msgpack.c[0m
[1;34mCompiling parameter_print.c[0m
[1;34mCompiling fat.c[0m
[1;34mCompiling play_sound_file.c[0m
[1;34mCompiling behaviors.c[0m
[1;34mCompiling ircom.c[0m
[1;34mCompiling ircomReceive.c[0m
[1;34mCompiling ircomTools.c[0m
[1;34mCompiling ircomMessages.c[0m
[1;34mCompiling ircomSend.c[0m
[1;34mCompiling transceiver.c[0m
[1;34mCompiling crt1.c[0m
[1;34mCompiling vectors.c[0m
[1;34mCompiling chsys.c[0m
[1;34mCompiling chdebug.c[0m
[1;34mCompiling chvt.c[0m
[1;34mCompiling chschd.c[0m
[1;34mCompiling chthreads.c[0m
[1;34mCompiling chtm.c[0m
[1;34mCompiling chstats.c[0m
[1;34mCompiling chdynamic.c[0m
[1;34mCompiling chregistry.c[0m
[1;34mCompiling chsem.c[0m
[1;34mCompiling chmtx.c[0m
[1;34mCompiling chcond.c[0m
[1;34mCompiling chevents.c[0m
[1;34mCompiling chmsg.c[0m
[1;34mCompiling chmboxes.c[0m
[1;34mCompiling chqueues.c[0m
[1;34mCompiling chmemcore.c[0m
[1;34mCompiling chheap.c[0m
[1;34mCompiling chmempools.c[0m
[1;34mCompiling chcore.c[0m
[1;34mCompiling chcore_v7m.c[0m
[1;34mCompiling osal.c[0m
[1;34mCompiling hal.c[0m
[1;34mCompiling hal_queues.c[0m
[1;34mCompiling hal_mmcsd.c[0m
[1;34mCompiling adc.c[0m
[1;34mCompiling can.c[0m
[1;34mCompiling dac.c[0m
[1;34mCompiling ext.c[0m
[1;34mCompiling gpt.c[0m
[1;34mCompiling i2c.c[0m
[1;34mCompiling i2s.c[0m
[1;34mCompiling icu.c[0m
[1;34mCompiling mac.c[0m
[1;34mCompiling mmc_spi.c[0m
[1;34mCompiling pal.c[0m
[1;34mCompiling pwm.c[0m
[1;34mCompiling rtc.c[0m
[1;34mCompiling sdc.c[0m
[1;34mCompiling serial.c[0m
[1;34mCompiling serial_usb.c[0m
[1;34mCompiling spi.c[0m
[1;34mCompiling st.c[0m
[1;34mCompiling uart.c[0m
[1;34mCompiling usb.c[0m
[1;34mCompiling nvic.c[0m
[1;34mCompiling stm32_dma.c[0m
[1;34mCompiling hal_lld.c[0m
[1;34mCompiling adc_lld.c[0m
[1;34mCompiling ext_lld_isr.c[0m
[1;34mCompiling can_lld.c[0m
[1;34mCompiling ext_lld.c[0m
[1;34mCompiling mac_lld.c[0m
[1;34mCompiling sdc_lld.c[0m
[1;34mCompiling dac_lld.c[0m
[1;34mCompiling pal_lld.c[0m
[1;34mCompiling i2c_lld.c[0m
[1;34mCompiling usb_lld.c[0m
[1;34mCompiling rtc_lld.c[0m
[1;34mCompiling i2s_lld.c[0m
[1;34mCompiling spi_lld.c[0m
[1;34mCompiling gpt_lld.c[0m
[1;34mCompiling icu_lld.c[0m
[1;34mCompiling pwm_lld.c[0m
[1;34mCompiling st_lld.c[0m
[1;34mCompiling serial_lld.c[0m
[1;34mCompiling uart_lld.c[0m
[1;34mCompiling board.c[0m
[1;34mCompiling test.c[0m
[1;34mCompiling testthd.c[0m
[1;34mCompiling testsem.c[0m
[1;34mCompiling testmtx.c[0m
[1;34mCompiling testmsg.c[0m
[1;34mCompiling testmbox.c[0m
[1;34mCompiling testevt.c[0m
[1;34mCompiling testheap.c[0m
[1;34mCompiling testpools.c[0m
[1;34mCompiling testdyn.c[0m
[1;34mCompiling testqueues.c[0m
[1;34mCompiling testsys.c[0m
[1;34mCompiling testbmk.c[0m
[1;34mCompiling shell.c[0m
[1;34mCompiling memstreams.c[0m
[1;34mCompiling chprintf.c[0m
[1;34mCompiling fatfs_diskio.c[0m
[1;34mCompiling fatfs_syscall.c[0m
[1;34mCompiling ff.c[0m
[1;34mCompiling unicode.c[0m
[1;34mCompiling vm-buffer.c[0m
[1;34mCompiling can-buffer.c[0m
[1;34mCompiling can-net.c[0m
[1;34mCompiling natives.c[0m
[1;34mCompiling vm.c[0m
[1;34mCompiling aseba_can_interface.c[0m
[1;34mCompiling aseba_node.c[0m
[1;34mCompiling skel_user.c[0m
[1;34mCompiling aseba_bridge.c[0m
[1;34mLinking build/Project_template.elf[0m
[1;34mCreating build/Project_template.hex[0m
[1;34mCreating build/Project_template.bin[0m
[1;34mCreating build/Project_template.dmp[0m

   text	   data	    bss	    dec	    hex	filename
  56996	   3052	   7852	  67900	  1093c	build/Project_template.elf
[1;34mCreating build/Project_template.list[0m

[1;34mDone[0m
13:11:37 **** Incremental Build of configuration Default for project Exercise1 ****
make all 
make: Nothing to be done for 'all'.
13:16:31 **** Incremental Build of configuration Default for project Exercise1 ****
make all 
[1;34mCompiling main.c[0m
main.c:26:6: warning: function declaration isn't a prototype [-Wstrict-prototypes]
 bool objectOnTheRight(){
      ^~~~~~~~~~~~~~~~
main.c:44:6: warning: function declaration isn't a prototype [-Wstrict-prototypes]
 bool objectOnTheLeft(){
      ^~~~~~~~~~~~~~~
[1;34mLinking build/Project_template.elf[0m
[1;34mCreating build/Project_template.hex[0m
[1;34mCreating build/Project_template.bin[0m
[1;34mCreating build/Project_template.dmp[0m

   text	   data	    bss	    dec	    hex	filename
  56996	   3052	   7852	  67900	  1093c	build/Project_template.elf
[1;34mCreating build/Project_template.list[0m

[1;34mDone[0m
13:16:33 **** Incremental Build of configuration Default for project Exercise1 ****
make all 
make: Nothing to be done for 'all'.
13:17:54 **** Incremental Build of configuration Default for project Exercise1 ****
make all 
[1;34mCompiling main.c[0m
main.c:26:6: warning: function declaration isn't a prototype [-Wstrict-prototypes]
 bool objectOnTheRight(){
      ^~~~~~~~~~~~~~~~
main.c:44:6: warning: function declaration isn't a prototype [-Wstrict-prototypes]
 bool objectOnTheLeft(){
      ^~~~~~~~~~~~~~~
main.c:60:6: warning: function declaration isn't a prototype [-Wstrict-prototypes]
 bool trapped(){
      ^~~~~~~
main.c: In function 'main':
main.c:99:10: warning: the address of 'trapped' will always evaluate as 'true' [-Waddress]
       if(trapped){
          ^~~~~~~
[1;34mLinking build/Project_template.elf[0m
[1;34mCreating build/Project_template.hex[0m
[1;34mCreating build/Project_template.bin[0m
[1;34mCreating build/Project_template.dmp[0m

   text	   data	    bss	    dec	    hex	filename
  56420	   3052	   7852	  67324	  106fc	build/Project_template.elf
[1;34mCreating build/Project_template.list[0m

[1;34mDone[0m
13:17:57 **** Incremental Build of configuration Default for project Exercise1 ****
make all 
make: Nothing to be done for 'all'.
13:19:32 **** Incremental Build of configuration Default for project Exercise1 ****
make all 
[1;34mCompiling main.c[0m
main.c:26:6: warning: function declaration isn't a prototype [-Wstrict-prototypes]
 bool objectOnTheRight(){
      ^~~~~~~~~~~~~~~~
main.c:45:6: warning: function declaration isn't a prototype [-Wstrict-prototypes]
 bool objectOnTheLeft(){
      ^~~~~~~~~~~~~~~
main.c:62:6: warning: function declaration isn't a prototype [-Wstrict-prototypes]
 bool objectInTheFront(){
      ^~~~~~~~~~~~~~~~
main.c:80:6: warning: function declaration isn't a prototype [-Wstrict-prototypes]
 bool objectOnTheBackRight(){
      ^~~~~~~~~~~~~~~~~~~~
main.c:96:6: warning: function declaration isn't a prototype [-Wstrict-prototypes]
 bool objectOnTheBackLeft(){
      ^~~~~~~~~~~~~~~~~~~
[1;34mLinking build/Project_template.elf[0m
[1;34mCreating build/Project_template.hex[0m
[1;34mCreating build/Project_template.bin[0m
[1;34mCreating build/Project_template.dmp[0m

   text	   data	    bss	    dec	    hex	filename
  57460	   3052	   7852	  68364	  10b0c	build/Project_template.elf
[1;34mCreating build/Project_template.list[0m

[1;34mDone[0m
13:19:35 **** Incremental Build of configuration Default for project Exercise1 ****
make all 
make: Nothing to be done for 'all'.
13:19:40 **** Incremental Build of configuration Default for project Exercise1 ****
make all 
make: Nothing to be done for 'all'.
13:19:54 **** Incremental Build of configuration Default for project Exercise1 ****
make all 
make: Nothing to be done for 'all'.
13:19:59 **** Incremental Build of configuration Default for project Exercise1 ****
make all 
make: Nothing to be done for 'all'.
13:20:01 **** Incremental Build of configuration Default for project Exercise1 ****
make all 
make: Nothing to be done for 'all'.
13:21:51 **** Incremental Build of configuration Default for project Exercise1 ****
make all 
[1;34mCompiling main.c[0m
main.c:26:6: warning: function declaration isn't a prototype [-Wstrict-prototypes]
 bool objectOnTheRight(){
      ^~~~~~~~~~~~~~~~
main.c:45:6: warning: function declaration isn't a prototype [-Wstrict-prototypes]
 bool objectOnTheLeft(){
      ^~~~~~~~~~~~~~~
main.c:62:6: warning: function declaration isn't a prototype [-Wstrict-prototypes]
 bool objectInTheFront(){
      ^~~~~~~~~~~~~~~~
main.c:80:6: warning: function declaration isn't a prototype [-Wstrict-prototypes]
 bool objectOnTheBackRight(){
      ^~~~~~~~~~~~~~~~~~~~
main.c:96:6: warning: function declaration isn't a prototype [-Wstrict-prototypes]
 bool objectOnTheBackLeft(){
      ^~~~~~~~~~~~~~~~~~~
[1;34mLinking build/Project_template.elf[0m
[1;34mCreating build/Project_template.hex[0m
[1;34mCreating build/Project_template.bin[0m
[1;34mCreating build/Project_template.dmp[0m

   text	   data	    bss	    dec	    hex	filename
  57172	   3052	   7852	  68076	  109ec	build/Project_template.elf
[1;34mCreating build/Project_template.list[0m

[1;34mDone[0m
13:21:54 **** Incremental Build of configuration Default for project Exercise1 ****
make all 
make: Nothing to be done for 'all'.
13:23:44 **** Incremental Build of configuration Default for project Exercise1 ****
make all 
[1;34mCompiling main.c[0m
main.c:26:6: warning: function declaration isn't a prototype [-Wstrict-prototypes]
 bool objectOnTheRight(){
      ^~~~~~~~~~~~~~~~
main.c:45:6: warning: function declaration isn't a prototype [-Wstrict-prototypes]
 bool objectOnTheLeft(){
      ^~~~~~~~~~~~~~~
main.c:62:6: warning: function declaration isn't a prototype [-Wstrict-prototypes]
 bool objectInTheFront(){
      ^~~~~~~~~~~~~~~~
main.c:80:6: warning: function declaration isn't a prototype [-Wstrict-prototypes]
 bool objectOnTheBackRight(){
      ^~~~~~~~~~~~~~~~~~~~
main.c:96:6: warning: function declaration isn't a prototype [-Wstrict-prototypes]
 bool objectOnTheBackLeft(){
      ^~~~~~~~~~~~~~~~~~~
[1;34mLinking build/Project_template.elf[0m
[1;34mCreating build/Project_template.hex[0m
[1;34mCreating build/Project_template.bin[0m
[1;34mCreating build/Project_template.dmp[0m

   text	   data	    bss	    dec	    hex	filename
  57172	   3052	   7852	  68076	  109ec	build/Project_template.elf
[1;34mCreating build/Project_template.list[0m

[1;34mDone[0m
13:23:45 **** Incremental Build of configuration Default for project Exercise1 ****
make all 
make: Nothing to be done for 'all'.
13:24:35 **** Incremental Build of configuration Default for project Exercise1 ****
make all 
[1;34mCompiling main.c[0m
main.c:26:6: warning: function declaration isn't a prototype [-Wstrict-prototypes]
 bool objectOnTheRight(){
      ^~~~~~~~~~~~~~~~
main.c:45:6: warning: function declaration isn't a prototype [-Wstrict-prototypes]
 bool objectOnTheLeft(){
      ^~~~~~~~~~~~~~~
main.c:62:6: warning: function declaration isn't a prototype [-Wstrict-prototypes]
 bool objectInTheFront(){
      ^~~~~~~~~~~~~~~~
main.c:80:6: warning: function declaration isn't a prototype [-Wstrict-prototypes]
 bool objectOnTheBackRight(){
      ^~~~~~~~~~~~~~~~~~~~
main.c:96:6: warning: function declaration isn't a prototype [-Wstrict-prototypes]
 bool objectOnTheBackLeft(){
      ^~~~~~~~~~~~~~~~~~~
[1;34mLinking build/Project_template.elf[0m
[1;34mCreating build/Project_template.hex[0m
[1;34mCreating build/Project_template.bin[0m
[1;34mCreating build/Project_template.dmp[0m

   text	   data	    bss	    dec	    hex	filename
  57172	   3052	   7852	  68076	  109ec	build/Project_template.elf
[1;34mCreating build/Project_template.list[0m

[1;34mDone[0m
13:24:37 **** Incremental Build of configuration Default for project Exercise1 ****
make all 
make: Nothing to be done for 'all'.
13:24:51 **** Incremental Build of configuration Default for project Exercise1 ****
make all 
make: Nothing to be done for 'all'.
13:26:39 **** Incremental Build of configuration Default for project Exercise1 ****
make all 
[1;34mCompiling main.c[0m
main.c:26:6: warning: function declaration isn't a prototype [-Wstrict-prototypes]
 bool objectOnTheRight(){
      ^~~~~~~~~~~~~~~~
main.c:45:6: warning: function declaration isn't a prototype [-Wstrict-prototypes]
 bool objectOnTheLeft(){
      ^~~~~~~~~~~~~~~
main.c:62:6: warning: function declaration isn't a prototype [-Wstrict-prototypes]
 bool objectInTheFront(){
      ^~~~~~~~~~~~~~~~
main.c:80:6: warning: function declaration isn't a prototype [-Wstrict-prototypes]
 bool objectOnTheBackRight(){
      ^~~~~~~~~~~~~~~~~~~~
main.c:96:6: warning: function declaration isn't a prototype [-Wstrict-prototypes]
 bool objectOnTheBackLeft(){
      ^~~~~~~~~~~~~~~~~~~
[1;34mLinking build/Project_template.elf[0m
[1;34mCreating build/Project_template.hex[0m
[1;34mCreating build/Project_template.bin[0m
[1;34mCreating build/Project_template.dmp[0m

   text	   data	    bss	    dec	    hex	filename
  57460	   3052	   7852	  68364	  10b0c	build/Project_template.elf
[1;34mCreating build/Project_template.list[0m

[1;34mDone[0m
13:26:41 **** Incremental Build of configuration Default for project Exercise1 ****
make all 
make: Nothing to be done for 'all'.
13:29:07 **** Incremental Build of configuration Default for project Exercise1 ****
make all 
[1;34mCompiling main.c[0m
main.c:26:6: warning: function declaration isn't a prototype [-Wstrict-prototypes]
 bool objectOnTheRight(){
      ^~~~~~~~~~~~~~~~
main.c:45:6: warning: function declaration isn't a prototype [-Wstrict-prototypes]
 bool objectOnTheLeft(){
      ^~~~~~~~~~~~~~~
main.c:62:6: warning: function declaration isn't a prototype [-Wstrict-prototypes]
 bool objectInTheFront(){
      ^~~~~~~~~~~~~~~~
main.c:80:6: warning: function declaration isn't a prototype [-Wstrict-prototypes]
 bool objectOnTheBackRight(){
      ^~~~~~~~~~~~~~~~~~~~
main.c:96:6: warning: function declaration isn't a prototype [-Wstrict-prototypes]
 bool objectOnTheBackLeft(){
      ^~~~~~~~~~~~~~~~~~~
[1;34mLinking build/Project_template.elf[0m
[1;34mCreating build/Project_template.hex[0m
[1;34mCreating build/Project_template.bin[0m
[1;34mCreating build/Project_template.dmp[0m

   text	   data	    bss	    dec	    hex	filename
  57460	   3052	   7852	  68364	  10b0c	build/Project_template.elf
[1;34mCreating build/Project_template.list[0m

[1;34mDone[0m
13:29:10 **** Incremental Build of configuration Default for project Exercise1 ****
make all 
make: Nothing to be done for 'all'.
13:29:12 **** Incremental Build of configuration Default for project Exercise1 ****
make all 
make: Nothing to be done for 'all'.
13:32:07 **** Incremental Build of configuration Default for project Exercise1 ****
make all 
[1;34mCompiling main.c[0m
main.c:26:6: warning: function declaration isn't a prototype [-Wstrict-prototypes]
 bool objectOnTheRight(){
      ^~~~~~~~~~~~~~~~
main.c:45:6: warning: function declaration isn't a prototype [-Wstrict-prototypes]
 bool objectOnTheLeft(){
      ^~~~~~~~~~~~~~~
main.c:62:6: warning: function declaration isn't a prototype [-Wstrict-prototypes]
 bool objectInTheFront(){
      ^~~~~~~~~~~~~~~~
main.c:80:6: warning: function declaration isn't a prototype [-Wstrict-prototypes]
 bool objectOnTheBackRight(){
      ^~~~~~~~~~~~~~~~~~~~
main.c:96:6: warning: function declaration isn't a prototype [-Wstrict-prototypes]
 bool objectOnTheBackLeft(){
      ^~~~~~~~~~~~~~~~~~~
[1;34mLinking build/Project_template.elf[0m
[1;34mCreating build/Project_template.hex[0m
[1;34mCreating build/Project_template.bin[0m
[1;34mCreating build/Project_template.dmp[0m

   text	   data	    bss	    dec	    hex	filename
  57460	   3052	   7852	  68364	  10b0c	build/Project_template.elf
[1;34mCreating build/Project_template.list[0m

[1;34mDone[0m
13:32:10 **** Incremental Build of configuration Default for project Exercise1 ****
make all 
make: Nothing to be done for 'all'.
13:32:24 **** Incremental Build of configuration Default for project Exercise1 ****
make all 
make: Nothing to be done for 'all'.
13:32:27 **** Incremental Build of configuration Default for project Exercise1 ****
make all 
make: Nothing to be done for 'all'.
13:32:30 **** Incremental Build of configuration Default for project Exercise1 ****
make all 
make: Nothing to be done for 'all'.
13:36:14 **** Incremental Build of configuration Default for project Exercise1 ****
make all 
[1;34mCompiling main.c[0m
main.c:26:6: warning: function declaration isn't a prototype [-Wstrict-prototypes]
 bool objectOnTheRight(){
      ^~~~~~~~~~~~~~~~
main.c:45:6: warning: function declaration isn't a prototype [-Wstrict-prototypes]
 bool objectOnTheLeft(){
      ^~~~~~~~~~~~~~~
main.c:62:6: warning: function declaration isn't a prototype [-Wstrict-prototypes]
 bool objectInTheFront(){
      ^~~~~~~~~~~~~~~~
main.c:80:6: warning: function declaration isn't a prototype [-Wstrict-prototypes]
 bool objectOnTheBackRight(){
      ^~~~~~~~~~~~~~~~~~~~
main.c:96:6: warning: function declaration isn't a prototype [-Wstrict-prototypes]
 bool objectOnTheBackLeft(){
      ^~~~~~~~~~~~~~~~~~~
[1;34mLinking build/Project_template.elf[0m
[1;34mCreating build/Project_template.hex[0m
[1;34mCreating build/Project_template.bin[0m
[1;34mCreating build/Project_template.dmp[0m

   text	   data	    bss	    dec	    hex	filename
  57460	   3052	   7852	  68364	  10b0c	build/Project_template.elf
[1;34mCreating build/Project_template.list[0m

[1;34mDone[0m
13:36:16 **** Incremental Build of configuration Default for project Exercise1 ****
make all 
make: Nothing to be done for 'all'.
13:37:21 **** Incremental Build of configuration Default for project Exercise1 ****
make all 
[1;34mCompiling main.c[0m
main.c:26:6: warning: function declaration isn't a prototype [-Wstrict-prototypes]
 bool objectOnTheRight(){
      ^~~~~~~~~~~~~~~~
main.c:45:6: warning: function declaration isn't a prototype [-Wstrict-prototypes]
 bool objectOnTheLeft(){
      ^~~~~~~~~~~~~~~
main.c:62:6: warning: function declaration isn't a prototype [-Wstrict-prototypes]
 bool objectInTheFront(){
      ^~~~~~~~~~~~~~~~
main.c:80:6: warning: function declaration isn't a prototype [-Wstrict-prototypes]
 bool objectOnTheBackRight(){
      ^~~~~~~~~~~~~~~~~~~~
main.c:96:6: warning: function declaration isn't a prototype [-Wstrict-prototypes]
 bool objectOnTheBackLeft(){
      ^~~~~~~~~~~~~~~~~~~
[1;34mLinking build/Project_template.elf[0m
[1;34mCreating build/Project_template.hex[0m
[1;34mCreating build/Project_template.bin[0m
[1;34mCreating build/Project_template.dmp[0m

   text	   data	    bss	    dec	    hex	filename
  57460	   3052	   7852	  68364	  10b0c	build/Project_template.elf
[1;34mCreating build/Project_template.list[0m

[1;34mDone[0m
13:37:23 **** Incremental Build of configuration Default for project Exercise1 ****
make all 
make: Nothing to be done for 'all'.
13:39:00 **** Incremental Build of configuration Default for project Exercise1 ****
make all 
[1;34mCompiling main.c[0m
main.c:26:6: warning: function declaration isn't a prototype [-Wstrict-prototypes]
 bool objectOnTheRight(){
      ^~~~~~~~~~~~~~~~
main.c:45:6: warning: function declaration isn't a prototype [-Wstrict-prototypes]
 bool objectOnTheLeft(){
      ^~~~~~~~~~~~~~~
main.c:62:6: warning: function declaration isn't a prototype [-Wstrict-prototypes]
 bool objectInTheFront(){
      ^~~~~~~~~~~~~~~~
main.c:80:6: warning: function declaration isn't a prototype [-Wstrict-prototypes]
 bool objectOnTheBackRight(){
      ^~~~~~~~~~~~~~~~~~~~
main.c:96:6: warning: function declaration isn't a prototype [-Wstrict-prototypes]
 bool objectOnTheBackLeft(){
      ^~~~~~~~~~~~~~~~~~~
[1;34mLinking build/Project_template.elf[0m
[1;34mCreating build/Project_template.hex[0m
[1;34mCreating build/Project_template.bin[0m
[1;34mCreating build/Project_template.dmp[0m

   text	   data	    bss	    dec	    hex	filename
  57460	   3052	   7852	  68364	  10b0c	build/Project_template.elf
[1;34mCreating build/Project_template.list[0m

[1;34mDone[0m
13:39:02 **** Incremental Build of configuration Default for project Exercise1 ****
make all 
make: Nothing to be done for 'all'.
13:40:32 **** Incremental Build of configuration Default for project Exercise1 ****
make all 
[1;34mCompiling main.c[0m
main.c:26:6: warning: function declaration isn't a prototype [-Wstrict-prototypes]
 bool objectOnTheRight(){
      ^~~~~~~~~~~~~~~~
main.c:45:6: warning: function declaration isn't a prototype [-Wstrict-prototypes]
 bool objectOnTheLeft(){
      ^~~~~~~~~~~~~~~
main.c:62:6: warning: function declaration isn't a prototype [-Wstrict-prototypes]
 bool objectInTheFront(){
      ^~~~~~~~~~~~~~~~
main.c:80:6: warning: function declaration isn't a prototype [-Wstrict-prototypes]
 bool objectOnTheBackRight(){
      ^~~~~~~~~~~~~~~~~~~~
main.c:96:6: warning: function declaration isn't a prototype [-Wstrict-prototypes]
 bool objectOnTheBackLeft(){
      ^~~~~~~~~~~~~~~~~~~
[1;34mLinking build/Project_template.elf[0m
[1;34mCreating build/Project_template.hex[0m
[1;34mCreating build/Project_template.bin[0m
[1;34mCreating build/Project_template.dmp[0m

   text	   data	    bss	    dec	    hex	filename
  57460	   3052	   7852	  68364	  10b0c	build/Project_template.elf
[1;34mCreating build/Project_template.list[0m

[1;34mDone[0m
13:40:45 **** Incremental Build of configuration Default for project Exercise1 ****
make all 
make: Nothing to be done for 'all'.
13:40:47 **** Incremental Build of configuration Default for project Exercise1 ****
make all 
make: Nothing to be done for 'all'.
13:50:03 **** Incremental Build of configuration Default for project Exercise1 ****
make all 
[1;34mCompiling main.c[0m
main.c:26:6: warning: function declaration isn't a prototype [-Wstrict-prototypes]
 bool objectOnTheRight(){
      ^~~~~~~~~~~~~~~~
main.c:45:6: warning: function declaration isn't a prototype [-Wstrict-prototypes]
 bool objectOnTheLeft(){
      ^~~~~~~~~~~~~~~
main.c:62:6: warning: function declaration isn't a prototype [-Wstrict-prototypes]
 bool objectInTheFront(){
      ^~~~~~~~~~~~~~~~
main.c:80:6: warning: function declaration isn't a prototype [-Wstrict-prototypes]
 bool objectOnTheBackRight(){
      ^~~~~~~~~~~~~~~~~~~~
main.c:96:6: warning: function declaration isn't a prototype [-Wstrict-prototypes]
 bool objectOnTheBackLeft(){
      ^~~~~~~~~~~~~~~~~~~
main.c: In function 'main':
main.c:143:22: error: 'prox' undeclared (first use in this function); did you mean 'prox7'?
   if(prox0 >  150 || prox 7 >150){
                      ^~~~
                      prox7
main.c:143:22: note: each undeclared identifier is reported only once for each function it appears in
main.c:143:27: error: expected ')' before numeric constant
   if(prox0 >  150 || prox 7 >150){
                           ^
main.c:147:19: error: expected expression before ')' token
    else if(prox > )
                   ^
main.c:147:9: warning: this 'if' clause does not guard... [-Wmisleading-indentation]
    else if(prox > )
         ^~
main.c:167:5: note: ...this statement, but the latter is misleadingly indented as if it were guarded by the 'if'
     right_motor_set_speed(right_speed);
     ^~~~~~~~~~~~~~~~~~~~~
main.c:134:10: warning: unused variable 'prox6' [-Wunused-variable]
      int prox6 = get_calibrated_prox(6);
          ^~~~~
main.c:133:10: warning: unused variable 'prox5' [-Wunused-variable]
      int prox5 = get_calibrated_prox(5);
          ^~~~~
main.c:132:10: warning: unused variable 'prox4' [-Wunused-variable]
      int prox4 = get_calibrated_prox(4);
          ^~~~~
main.c:131:10: warning: unused variable 'prox3' [-Wunused-variable]
      int prox3 = get_calibrated_prox(3);
          ^~~~~
main.c:130:10: warning: unused variable 'prox2' [-Wunused-variable]
      int prox2 = get_calibrated_prox(2);
          ^~~~~
main.c:129:10: warning: unused variable 'prox1' [-Wunused-variable]
      int prox1 = get_calibrated_prox(1);
          ^~~~~
make: *** [../e-puck2_main-processor/ChibiOS//os/common/ports/ARMCMx/compilers/GCC/rules.mk:217: build/obj/main.o] Error 1
"make all" terminated with exit code 2. Build might be incomplete.
13:50:21 **** Incremental Build of configuration Default for project Exercise1 ****
make all 
[1;34mCompiling main.c[0m
main.c:26:6: warning: function declaration isn't a prototype [-Wstrict-prototypes]
 bool objectOnTheRight(){
      ^~~~~~~~~~~~~~~~
main.c:45:6: warning: function declaration isn't a prototype [-Wstrict-prototypes]
 bool objectOnTheLeft(){
      ^~~~~~~~~~~~~~~
main.c:62:6: warning: function declaration isn't a prototype [-Wstrict-prototypes]
 bool objectInTheFront(){
      ^~~~~~~~~~~~~~~~
main.c:80:6: warning: function declaration isn't a prototype [-Wstrict-prototypes]
 bool objectOnTheBackRight(){
      ^~~~~~~~~~~~~~~~~~~~
main.c:96:6: warning: function declaration isn't a prototype [-Wstrict-prototypes]
 bool objectOnTheBackLeft(){
      ^~~~~~~~~~~~~~~~~~~
main.c: In function 'main':
main.c:143:22: error: 'prox' undeclared (first use in this function); did you mean 'prox7'?
   if(prox0 >  150 || prox 7 >150){
                      ^~~~
                      prox7
main.c:143:22: note: each undeclared identifier is reported only once for each function it appears in
main.c:143:27: error: expected ')' before numeric constant
   if(prox0 >  150 || prox 7 >150){
                           ^
main.c:134:10: warning: unused variable 'prox6' [-Wunused-variable]
      int prox6 = get_calibrated_prox(6);
          ^~~~~
main.c:133:10: warning: unused variable 'prox5' [-Wunused-variable]
      int prox5 = get_calibrated_prox(5);
          ^~~~~
main.c:132:10: warning: unused variable 'prox4' [-Wunused-variable]
      int prox4 = get_calibrated_prox(4);
          ^~~~~
main.c:131:10: warning: unused variable 'prox3' [-Wunused-variable]
      int prox3 = get_calibrated_prox(3);
          ^~~~~
main.c:130:10: warning: unused variable 'prox2' [-Wunused-variable]
      int prox2 = get_calibrated_prox(2);
          ^~~~~
main.c:129:10: warning: unused variable 'prox1' [-Wunused-variable]
      int prox1 = get_calibrated_prox(1);
          ^~~~~
make: *** [../e-puck2_main-processor/ChibiOS//os/common/ports/ARMCMx/compilers/GCC/rules.mk:217: build/obj/main.o] Error 1
"make all" terminated with exit code 2. Build might be incomplete.
13:50:44 **** Incremental Build of configuration Default for project Exercise1 ****
make all 
[1;34mCompiling main.c[0m
main.c:26:6: warning: function declaration isn't a prototype [-Wstrict-prototypes]
 bool objectOnTheRight(){
      ^~~~~~~~~~~~~~~~
main.c:45:6: warning: function declaration isn't a prototype [-Wstrict-prototypes]
 bool objectOnTheLeft(){
      ^~~~~~~~~~~~~~~
main.c:62:6: warning: function declaration isn't a prototype [-Wstrict-prototypes]
 bool objectInTheFront(){
      ^~~~~~~~~~~~~~~~
main.c:80:6: warning: function declaration isn't a prototype [-Wstrict-prototypes]
 bool objectOnTheBackRight(){
      ^~~~~~~~~~~~~~~~~~~~
main.c:96:6: warning: function declaration isn't a prototype [-Wstrict-prototypes]
 bool objectOnTheBackLeft(){
      ^~~~~~~~~~~~~~~~~~~
main.c: In function 'main':
main.c:134:10: warning: unused variable 'prox6' [-Wunused-variable]
      int prox6 = get_calibrated_prox(6);
          ^~~~~
main.c:133:10: warning: unused variable 'prox5' [-Wunused-variable]
      int prox5 = get_calibrated_prox(5);
          ^~~~~
main.c:132:10: warning: unused variable 'prox4' [-Wunused-variable]
      int prox4 = get_calibrated_prox(4);
          ^~~~~
main.c:131:10: warning: unused variable 'prox3' [-Wunused-variable]
      int prox3 = get_calibrated_prox(3);
          ^~~~~
main.c:130:10: warning: unused variable 'prox2' [-Wunused-variable]
      int prox2 = get_calibrated_prox(2);
          ^~~~~
main.c:129:10: warning: unused variable 'prox1' [-Wunused-variable]
      int prox1 = get_calibrated_prox(1);
          ^~~~~
[1;34mLinking build/Project_template.elf[0m
[1;34mCreating build/Project_template.hex[0m
[1;34mCreating build/Project_template.bin[0m
[1;34mCreating build/Project_template.dmp[0m

   text	   data	    bss	    dec	    hex	filename
  56804	   3052	   7852	  67708	  1087c	build/Project_template.elf
[1;34mCreating build/Project_template.list[0m

[1;34mDone[0m
13:50:47 **** Incremental Build of configuration Default for project Exercise1 ****
make all 
make: Nothing to be done for 'all'.
13:52:46 **** Incremental Build of configuration Default for project Exercise1 ****
make all 
[1;34mCompiling main.c[0m
main.c:26:6: warning: function declaration isn't a prototype [-Wstrict-prototypes]
 bool objectOnTheRight(){
      ^~~~~~~~~~~~~~~~
main.c:45:6: warning: function declaration isn't a prototype [-Wstrict-prototypes]
 bool objectOnTheLeft(){
      ^~~~~~~~~~~~~~~
main.c:62:6: warning: function declaration isn't a prototype [-Wstrict-prototypes]
 bool objectInTheFront(){
      ^~~~~~~~~~~~~~~~
main.c:80:6: warning: function declaration isn't a prototype [-Wstrict-prototypes]
 bool objectOnTheBackRight(){
      ^~~~~~~~~~~~~~~~~~~~
main.c:96:6: warning: function declaration isn't a prototype [-Wstrict-prototypes]
 bool objectOnTheBackLeft(){
      ^~~~~~~~~~~~~~~~~~~
main.c: In function 'main':
main.c:143:64: error: expected ')' before '{' token
   if((prox0 >  150 && prox0 <300) || (prox7 >150 && prox7 <300){
                                                                ^
main.c:173:5: error: expected expression before '}' token
     }
     ^
main.c:138:7: warning: unused variable 'right_speed' [-Wunused-variable]
   int right_speed = MAX_SPEED;
       ^~~~~~~~~~~
main.c:137:7: warning: unused variable 'left_speed' [-Wunused-variable]
   int left_speed = MAX_SPEED;
       ^~~~~~~~~~
main.c:134:10: warning: unused variable 'prox6' [-Wunused-variable]
      int prox6 = get_calibrated_prox(6);
          ^~~~~
main.c:133:10: warning: unused variable 'prox5' [-Wunused-variable]
      int prox5 = get_calibrated_prox(5);
          ^~~~~
main.c:132:10: warning: unused variable 'prox4' [-Wunused-variable]
      int prox4 = get_calibrated_prox(4);
          ^~~~~
main.c:131:10: warning: unused variable 'prox3' [-Wunused-variable]
      int prox3 = get_calibrated_prox(3);
          ^~~~~
main.c:130:10: warning: unused variable 'prox2' [-Wunused-variable]
      int prox2 = get_calibrated_prox(2);
          ^~~~~
main.c:129:10: warning: unused variable 'prox1' [-Wunused-variable]
      int prox1 = get_calibrated_prox(1);
          ^~~~~
make: *** [../e-puck2_main-processor/ChibiOS//os/common/ports/ARMCMx/compilers/GCC/rules.mk:217: build/obj/main.o] Error 1
"make all" terminated with exit code 2. Build might be incomplete.
13:52:55 **** Incremental Build of configuration Default for project Exercise1 ****
make all 
[1;34mCompiling main.c[0m
main.c:26:6: warning: function declaration isn't a prototype [-Wstrict-prototypes]
 bool objectOnTheRight(){
      ^~~~~~~~~~~~~~~~
main.c:45:6: warning: function declaration isn't a prototype [-Wstrict-prototypes]
 bool objectOnTheLeft(){
      ^~~~~~~~~~~~~~~
main.c:62:6: warning: function declaration isn't a prototype [-Wstrict-prototypes]
 bool objectInTheFront(){
      ^~~~~~~~~~~~~~~~
main.c:80:6: warning: function declaration isn't a prototype [-Wstrict-prototypes]
 bool objectOnTheBackRight(){
      ^~~~~~~~~~~~~~~~~~~~
main.c:96:6: warning: function declaration isn't a prototype [-Wstrict-prototypes]
 bool objectOnTheBackLeft(){
      ^~~~~~~~~~~~~~~~~~~
main.c: In function 'main':
main.c:134:10: warning: unused variable 'prox6' [-Wunused-variable]
      int prox6 = get_calibrated_prox(6);
          ^~~~~
main.c:133:10: warning: unused variable 'prox5' [-Wunused-variable]
      int prox5 = get_calibrated_prox(5);
          ^~~~~
main.c:132:10: warning: unused variable 'prox4' [-Wunused-variable]
      int prox4 = get_calibrated_prox(4);
          ^~~~~
main.c:131:10: warning: unused variable 'prox3' [-Wunused-variable]
      int prox3 = get_calibrated_prox(3);
          ^~~~~
main.c:130:10: warning: unused variable 'prox2' [-Wunused-variable]
      int prox2 = get_calibrated_prox(2);
          ^~~~~
main.c:129:10: warning: unused variable 'prox1' [-Wunused-variable]
      int prox1 = get_calibrated_prox(1);
          ^~~~~
[1;34mLinking build/Project_template.elf[0m
[1;34mCreating build/Project_template.hex[0m
[1;34mCreating build/Project_template.bin[0m
[1;34mCreating build/Project_template.dmp[0m

   text	   data	    bss	    dec	    hex	filename
  56836	   3052	   7852	  67740	  1089c	build/Project_template.elf
[1;34mCreating build/Project_template.list[0m

[1;34mDone[0m
13:52:59 **** Incremental Build of configuration Default for project Exercise1 ****
make all 
make: Nothing to be done for 'all'.
13:53:45 **** Incremental Build of configuration Default for project Exercise1 ****
make all 
[1;34mCompiling main.c[0m
main.c:26:6: warning: function declaration isn't a prototype [-Wstrict-prototypes]
 bool objectOnTheRight(){
      ^~~~~~~~~~~~~~~~
main.c:45:6: warning: function declaration isn't a prototype [-Wstrict-prototypes]
 bool objectOnTheLeft(){
      ^~~~~~~~~~~~~~~
main.c:62:6: warning: function declaration isn't a prototype [-Wstrict-prototypes]
 bool objectInTheFront(){
      ^~~~~~~~~~~~~~~~
main.c:80:6: warning: function declaration isn't a prototype [-Wstrict-prototypes]
 bool objectOnTheBackRight(){
      ^~~~~~~~~~~~~~~~~~~~
main.c:96:6: warning: function declaration isn't a prototype [-Wstrict-prototypes]
 bool objectOnTheBackLeft(){
      ^~~~~~~~~~~~~~~~~~~
main.c: In function 'main':
main.c:134:10: warning: unused variable 'prox6' [-Wunused-variable]
      int prox6 = get_calibrated_prox(6);
          ^~~~~
main.c:133:10: warning: unused variable 'prox5' [-Wunused-variable]
      int prox5 = get_calibrated_prox(5);
          ^~~~~
main.c:132:10: warning: unused variable 'prox4' [-Wunused-variable]
      int prox4 = get_calibrated_prox(4);
          ^~~~~
main.c:131:10: warning: unused variable 'prox3' [-Wunused-variable]
      int prox3 = get_calibrated_prox(3);
          ^~~~~
main.c:130:10: warning: unused variable 'prox2' [-Wunused-variable]
      int prox2 = get_calibrated_prox(2);
          ^~~~~
main.c:129:10: warning: unused variable 'prox1' [-Wunused-variable]
      int prox1 = get_calibrated_prox(1);
          ^~~~~
[1;34mLinking build/Project_template.elf[0m
[1;34mCreating build/Project_template.hex[0m
[1;34mCreating build/Project_template.bin[0m
[1;34mCreating build/Project_template.dmp[0m

   text	   data	    bss	    dec	    hex	filename
  56836	   3052	   7852	  67740	  1089c	build/Project_template.elf
[1;34mCreating build/Project_template.list[0m

[1;34mDone[0m
13:53:47 **** Incremental Build of configuration Default for project Exercise1 ****
make all 
make: Nothing to be done for 'all'.
13:55:06 **** Incremental Build of configuration Default for project Exercise1 ****
make all 
[1;34mCompiling main.c[0m
main.c:26:6: warning: function declaration isn't a prototype [-Wstrict-prototypes]
 bool objectOnTheRight(){
      ^~~~~~~~~~~~~~~~
main.c:45:6: warning: function declaration isn't a prototype [-Wstrict-prototypes]
 bool objectOnTheLeft(){
      ^~~~~~~~~~~~~~~
main.c:62:6: warning: function declaration isn't a prototype [-Wstrict-prototypes]
 bool objectInTheFront(){
      ^~~~~~~~~~~~~~~~
main.c:80:6: warning: function declaration isn't a prototype [-Wstrict-prototypes]
 bool objectOnTheBackRight(){
      ^~~~~~~~~~~~~~~~~~~~
main.c:96:6: warning: function declaration isn't a prototype [-Wstrict-prototypes]
 bool objectOnTheBackLeft(){
      ^~~~~~~~~~~~~~~~~~~
main.c: In function 'main':
main.c:134:10: warning: unused variable 'prox6' [-Wunused-variable]
      int prox6 = get_calibrated_prox(6);
          ^~~~~
main.c:133:10: warning: unused variable 'prox5' [-Wunused-variable]
      int prox5 = get_calibrated_prox(5);
          ^~~~~
main.c:132:10: warning: unused variable 'prox4' [-Wunused-variable]
      int prox4 = get_calibrated_prox(4);
          ^~~~~
main.c:131:10: warning: unused variable 'prox3' [-Wunused-variable]
      int prox3 = get_calibrated_prox(3);
          ^~~~~
main.c:130:10: warning: unused variable 'prox2' [-Wunused-variable]
      int prox2 = get_calibrated_prox(2);
          ^~~~~
main.c:129:10: warning: unused variable 'prox1' [-Wunused-variable]
      int prox1 = get_calibrated_prox(1);
          ^~~~~
[1;34mLinking build/Project_template.elf[0m
[1;34mCreating build/Project_template.hex[0m
[1;34mCreating build/Project_template.bin[0m
[1;34mCreating build/Project_template.dmp[0m

   text	   data	    bss	    dec	    hex	filename
  56836	   3052	   7852	  67740	  1089c	build/Project_template.elf
[1;34mCreating build/Project_template.list[0m

[1;34mDone[0m
13:55:07 **** Incremental Build of configuration Default for project Exercise1 ****
make all 
make: Nothing to be done for 'all'.
13:55:12 **** Incremental Build of configuration Default for project Exercise1 ****
make all 
make: Nothing to be done for 'all'.
13:55:14 **** Incremental Build of configuration Default for project Exercise1 ****
make all 
make: Nothing to be done for 'all'.
13:55:26 **** Incremental Build of configuration Default for project Exercise1 ****
make all 
make: Nothing to be done for 'all'.
13:55:28 **** Incremental Build of configuration Default for project Exercise1 ****
make all 
make: Nothing to be done for 'all'.
13:57:22 **** Incremental Build of configuration Default for project Exercise1 ****
make all 
[1;34mCompiling main.c[0m
main.c:26:6: warning: function declaration isn't a prototype [-Wstrict-prototypes]
 bool objectOnTheRight(){
      ^~~~~~~~~~~~~~~~
main.c:45:6: warning: function declaration isn't a prototype [-Wstrict-prototypes]
 bool objectOnTheLeft(){
      ^~~~~~~~~~~~~~~
main.c:62:6: warning: function declaration isn't a prototype [-Wstrict-prototypes]
 bool objectInTheFront(){
      ^~~~~~~~~~~~~~~~
main.c:80:6: warning: function declaration isn't a prototype [-Wstrict-prototypes]
 bool objectOnTheBackRight(){
      ^~~~~~~~~~~~~~~~~~~~
main.c:96:6: warning: function declaration isn't a prototype [-Wstrict-prototypes]
 bool objectOnTheBackLeft(){
      ^~~~~~~~~~~~~~~~~~~
main.c: In function 'main':
main.c:134:10: warning: unused variable 'prox6' [-Wunused-variable]
      int prox6 = get_calibrated_prox(6);
          ^~~~~
main.c:133:10: warning: unused variable 'prox5' [-Wunused-variable]
      int prox5 = get_calibrated_prox(5);
          ^~~~~
main.c:132:10: warning: unused variable 'prox4' [-Wunused-variable]
      int prox4 = get_calibrated_prox(4);
          ^~~~~
main.c:131:10: warning: unused variable 'prox3' [-Wunused-variable]
      int prox3 = get_calibrated_prox(3);
          ^~~~~
main.c:130:10: warning: unused variable 'prox2' [-Wunused-variable]
      int prox2 = get_calibrated_prox(2);
          ^~~~~
main.c:129:10: warning: unused variable 'prox1' [-Wunused-variable]
      int prox1 = get_calibrated_prox(1);
          ^~~~~
[1;34mLinking build/Project_template.elf[0m
[1;34mCreating build/Project_template.hex[0m
[1;34mCreating build/Project_template.bin[0m
[1;34mCreating build/Project_template.dmp[0m

   text	   data	    bss	    dec	    hex	filename
  56836	   3052	   7852	  67740	  1089c	build/Project_template.elf
[1;34mCreating build/Project_template.list[0m

[1;34mDone[0m
13:57:24 **** Incremental Build of configuration Default for project Exercise1 ****
make all 
make: Nothing to be done for 'all'.
13:57:28 **** Incremental Build of configuration Default for project Exercise1 ****
make all 
make: Nothing to be done for 'all'.
13:57:30 **** Incremental Build of configuration Default for project Exercise1 ****
make all 
make: Nothing to be done for 'all'.
13:57:45 **** Incremental Build of configuration Default for project Exercise1 ****
make all 
make: Nothing to be done for 'all'.
13:57:48 **** Incremental Build of configuration Default for project Exercise1 ****
make all 
make: Nothing to be done for 'all'.
13:57:50 **** Incremental Build of configuration Default for project Exercise1 ****
make all 
make: Nothing to be done for 'all'.
14:00:37 **** Incremental Build of configuration Default for project Exercise1 ****
make all 
[1;34mCompiling main.c[0m
main.c:26:6: warning: function declaration isn't a prototype [-Wstrict-prototypes]
 bool objectOnTheRight(){
      ^~~~~~~~~~~~~~~~
main.c:45:6: warning: function declaration isn't a prototype [-Wstrict-prototypes]
 bool objectOnTheLeft(){
      ^~~~~~~~~~~~~~~
main.c:62:6: warning: function declaration isn't a prototype [-Wstrict-prototypes]
 bool objectInTheFront(){
      ^~~~~~~~~~~~~~~~
main.c:80:6: warning: function declaration isn't a prototype [-Wstrict-prototypes]
 bool objectOnTheBackRight(){
      ^~~~~~~~~~~~~~~~~~~~
main.c:96:6: warning: function declaration isn't a prototype [-Wstrict-prototypes]
 bool objectOnTheBackLeft(){
      ^~~~~~~~~~~~~~~~~~~
main.c: In function 'main':
main.c:134:10: warning: unused variable 'prox6' [-Wunused-variable]
      int prox6 = get_calibrated_prox(6);
          ^~~~~
main.c:133:10: warning: unused variable 'prox5' [-Wunused-variable]
      int prox5 = get_calibrated_prox(5);
          ^~~~~
main.c:132:10: warning: unused variable 'prox4' [-Wunused-variable]
      int prox4 = get_calibrated_prox(4);
          ^~~~~
main.c:131:10: warning: unused variable 'prox3' [-Wunused-variable]
      int prox3 = get_calibrated_prox(3);
          ^~~~~
main.c:130:10: warning: unused variable 'prox2' [-Wunused-variable]
      int prox2 = get_calibrated_prox(2);
          ^~~~~
main.c:129:10: warning: unused variable 'prox1' [-Wunused-variable]
      int prox1 = get_calibrated_prox(1);
          ^~~~~
[1;34mLinking build/Project_template.elf[0m
[1;34mCreating build/Project_template.hex[0m
[1;34mCreating build/Project_template.bin[0m
[1;34mCreating build/Project_template.dmp[0m

   text	   data	    bss	    dec	    hex	filename
  56836	   3052	   7852	  67740	  1089c	build/Project_template.elf
[1;34mCreating build/Project_template.list[0m

[1;34mDone[0m
14:00:39 **** Incremental Build of configuration Default for project Exercise1 ****
make all 
make: Nothing to be done for 'all'.
14:00:40 **** Incremental Build of configuration Default for project Exercise1 ****
make all 
make: Nothing to be done for 'all'.
14:01:25 **** Incremental Build of configuration Default for project Exercise1 ****
make all 
[1;34mCompiling main.c[0m
main.c:26:6: warning: function declaration isn't a prototype [-Wstrict-prototypes]
 bool objectOnTheRight(){
      ^~~~~~~~~~~~~~~~
main.c:45:6: warning: function declaration isn't a prototype [-Wstrict-prototypes]
 bool objectOnTheLeft(){
      ^~~~~~~~~~~~~~~
main.c:62:6: warning: function declaration isn't a prototype [-Wstrict-prototypes]
 bool objectInTheFront(){
      ^~~~~~~~~~~~~~~~
main.c:80:6: warning: function declaration isn't a prototype [-Wstrict-prototypes]
 bool objectOnTheBackRight(){
      ^~~~~~~~~~~~~~~~~~~~
main.c:96:6: warning: function declaration isn't a prototype [-Wstrict-prototypes]
 bool objectOnTheBackLeft(){
      ^~~~~~~~~~~~~~~~~~~
main.c: In function 'main':
main.c:134:10: warning: unused variable 'prox6' [-Wunused-variable]
      int prox6 = get_calibrated_prox(6);
          ^~~~~
main.c:133:10: warning: unused variable 'prox5' [-Wunused-variable]
      int prox5 = get_calibrated_prox(5);
          ^~~~~
main.c:132:10: warning: unused variable 'prox4' [-Wunused-variable]
      int prox4 = get_calibrated_prox(4);
          ^~~~~
main.c:131:10: warning: unused variable 'prox3' [-Wunused-variable]
      int prox3 = get_calibrated_prox(3);
          ^~~~~
main.c:130:10: warning: unused variable 'prox2' [-Wunused-variable]
      int prox2 = get_calibrated_prox(2);
          ^~~~~
main.c:129:10: warning: unused variable 'prox1' [-Wunused-variable]
      int prox1 = get_calibrated_prox(1);
          ^~~~~
[1;34mLinking build/Project_template.elf[0m
[1;34mCreating build/Project_template.hex[0m
[1;34mCreating build/Project_template.bin[0m
[1;34mCreating build/Project_template.dmp[0m

   text	   data	    bss	    dec	    hex	filename
  56836	   3052	   7852	  67740	  1089c	build/Project_template.elf
[1;34mCreating build/Project_template.list[0m

[1;34mDone[0m
14:01:26 **** Incremental Build of configuration Default for project Exercise1 ****
make all 
make: Nothing to be done for 'all'.
14:02:44 **** Incremental Build of configuration Default for project Exercise1 ****
make all 
[1;34mCompiling main.c[0m
main.c:27:6: warning: function declaration isn't a prototype [-Wstrict-prototypes]
 void moveForward(){
      ^~~~~~~~~~~
main.c: In function 'moveForward':
main.c:24:22: error: expected ')' before ';' token
 #define MAX_SPEED 300;
                      ^
main.c:28:24: note: in expansion of macro 'MAX_SPEED'
   left_motor_set_speed(MAX_SPEED);
                        ^~~~~~~~~
main.c:24:22: error: expected ')' before ';' token
 #define MAX_SPEED 300;
                      ^
main.c:29:25: note: in expansion of macro 'MAX_SPEED'
   right_motor_set_speed(MAX_SPEED);
                         ^~~~~~~~~
main.c: At top level:
main.c:32:6: warning: function declaration isn't a prototype [-Wstrict-prototypes]
 void turnRight(){
      ^~~~~~~~~
main.c: In function 'turnRight':
main.c:24:22: error: expected ')' before ';' token
 #define MAX_SPEED 300;
                      ^
main.c:33:24: note: in expansion of macro 'MAX_SPEED'
   left_motor_set_speed(MAX_SPEED);
                        ^~~~~~~~~
main.c:24:22: error: expected ')' before ';' token
 #define MAX_SPEED 300;
                      ^
main.c:34:26: note: in expansion of macro 'MAX_SPEED'
   right_motor_set_speed(-MAX_SPEED);
                          ^~~~~~~~~
main.c: At top level:
main.c:37:6: warning: function declaration isn't a prototype [-Wstrict-prototypes]
 void turnLeft(){
      ^~~~~~~~
main.c: In function 'turnLeft':
main.c:24:22: error: expected ')' before ';' token
 #define MAX_SPEED 300;
                      ^
main.c:38:25: note: in expansion of macro 'MAX_SPEED'
   left_motor_set_speed(-MAX_SPEED);
                         ^~~~~~~~~
main.c:24:22: error: expected ')' before ';' token
 #define MAX_SPEED 300;
                      ^
main.c:39:25: note: in expansion of macro 'MAX_SPEED'
   right_motor_set_speed(MAX_SPEED);
                         ^~~~~~~~~
main.c: At top level:
main.c:42:6: warning: function declaration isn't a prototype [-Wstrict-prototypes]
 void stop(){
      ^~~~
main.c:47:6: warning: function declaration isn't a prototype [-Wstrict-prototypes]
 void bodyLedOn(){
      ^~~~~~~~~
main.c: In function 'bodyLedOn':
main.c:48:3: warning: implicit declaration of function 'set_body_led' [-Wimplicit-function-declaration]
   set_body_led(1);
   ^~~~~~~~~~~~
main.c: At top level:
main.c:51:6: warning: function declaration isn't a prototype [-Wstrict-prototypes]
 void bodyLedOff(){
      ^~~~~~~~~~
main.c:56:6: warning: function declaration isn't a prototype [-Wstrict-prototypes]
 bool objectOnTheRight(){
      ^~~~~~~~~~~~~~~~
main.c:77:6: warning: function declaration isn't a prototype [-Wstrict-prototypes]
 bool objectOnTheLeft(){
      ^~~~~~~~~~~~~~~
make: *** [../e-puck2_main-processor/ChibiOS//os/common/ports/ARMCMx/compilers/GCC/rules.mk:217: build/obj/main.o] Error 1
"make all" terminated with exit code 2. Build might be incomplete.
14:03:18 **** Incremental Build of configuration Default for project Exercise1 ****
make all 
[1;34mCompiling main.c[0m
main.c:27:6: warning: function declaration isn't a prototype [-Wstrict-prototypes]
 void moveForward(){
      ^~~~~~~~~~~
main.c: In function 'moveForward':
main.c:24:22: error: expected ')' before ';' token
 #define MAX_SPEED 300;
                      ^
main.c:28:24: note: in expansion of macro 'MAX_SPEED'
   left_motor_set_speed(MAX_SPEED);
                        ^~~~~~~~~
main.c:24:22: error: expected ')' before ';' token
 #define MAX_SPEED 300;
                      ^
main.c:29:25: note: in expansion of macro 'MAX_SPEED'
   right_motor_set_speed(MAX_SPEED);
                         ^~~~~~~~~
main.c: At top level:
main.c:32:6: warning: function declaration isn't a prototype [-Wstrict-prototypes]
 void turnRight(){
      ^~~~~~~~~
main.c: In function 'turnRight':
main.c:24:22: error: expected ')' before ';' token
 #define MAX_SPEED 300;
                      ^
main.c:33:24: note: in expansion of macro 'MAX_SPEED'
   left_motor_set_speed(MAX_SPEED);
                        ^~~~~~~~~
main.c:24:22: error: expected ')' before ';' token
 #define MAX_SPEED 300;
                      ^
main.c:34:26: note: in expansion of macro 'MAX_SPEED'
   right_motor_set_speed(-MAX_SPEED);
                          ^~~~~~~~~
main.c: At top level:
main.c:37:6: warning: function declaration isn't a prototype [-Wstrict-prototypes]
 void turnLeft(){
      ^~~~~~~~
main.c: In function 'turnLeft':
main.c:24:22: error: expected ')' before ';' token
 #define MAX_SPEED 300;
                      ^
main.c:38:25: note: in expansion of macro 'MAX_SPEED'
   left_motor_set_speed(-MAX_SPEED);
                         ^~~~~~~~~
main.c:24:22: error: expected ')' before ';' token
 #define MAX_SPEED 300;
                      ^
main.c:39:25: note: in expansion of macro 'MAX_SPEED'
   right_motor_set_speed(MAX_SPEED);
                         ^~~~~~~~~
main.c: At top level:
main.c:42:6: warning: function declaration isn't a prototype [-Wstrict-prototypes]
 void stop(){
      ^~~~
main.c:47:6: warning: function declaration isn't a prototype [-Wstrict-prototypes]
 void bodyLedOn(){
      ^~~~~~~~~
main.c: In function 'bodyLedOn':
main.c:48:3: warning: implicit declaration of function 'set_body_led' [-Wimplicit-function-declaration]
   set_body_led(1);
   ^~~~~~~~~~~~
main.c: At top level:
main.c:51:6: warning: function declaration isn't a prototype [-Wstrict-prototypes]
 void bodyLedOff(){
      ^~~~~~~~~~
main.c:56:6: warning: function declaration isn't a prototype [-Wstrict-prototypes]
 bool objectOnTheRight(){
      ^~~~~~~~~~~~~~~~
main.c:77:6: warning: function declaration isn't a prototype [-Wstrict-prototypes]
 bool objectOnTheLeft(){
      ^~~~~~~~~~~~~~~
make: *** [../e-puck2_main-processor/ChibiOS//os/common/ports/ARMCMx/compilers/GCC/rules.mk:217: build/obj/main.o] Error 1
"make all" terminated with exit code 2. Build might be incomplete.
14:04:05 **** Incremental Build of configuration Default for project Exercise1 ****
make all 
[1;34mCompiling main.c[0m
main.c:26:6: warning: function declaration isn't a prototype [-Wstrict-prototypes]
 bool objectOnTheRight(){
      ^~~~~~~~~~~~~~~~
main.c:44:6: warning: function declaration isn't a prototype [-Wstrict-prototypes]
 bool objectOnTheLeft(){
      ^~~~~~~~~~~~~~~
main.c:60:6: warning: function declaration isn't a prototype [-Wstrict-prototypes]
 bool trapped(){
      ^~~~~~~
main.c: In function 'main':
main.c:99:10: warning: the address of 'trapped' will always evaluate as 'true' [-Waddress]
       if(trapped){
          ^~~~~~~
[1;34mLinking build/Project_template.elf[0m
[1;34mCreating build/Project_template.hex[0m
[1;34mCreating build/Project_template.bin[0m
[1;34mCreating build/Project_template.dmp[0m

   text	   data	    bss	    dec	    hex	filename
  56420	   3052	   7852	  67324	  106fc	build/Project_template.elf
[1;34mCreating build/Project_template.list[0m

[1;34mDone[0m
14:04:33 **** Incremental Build of configuration Default for project Exercise1 ****
make all 
[1;34mCompiling main.c[0m
main.c:26:6: warning: function declaration isn't a prototype [-Wstrict-prototypes]
 bool objectOnTheRight(){
      ^~~~~~~~~~~~~~~~
main.c:44:6: warning: function declaration isn't a prototype [-Wstrict-prototypes]
 bool objectOnTheLeft(){
      ^~~~~~~~~~~~~~~
main.c:60:6: warning: function declaration isn't a prototype [-Wstrict-prototypes]
 bool trapped(){
      ^~~~~~~
main.c:78:6: warning: function declaration isn't a prototype [-Wstrict-prototypes]
 void moveForward(){
      ^~~~~~~~~~~
main.c: In function 'moveForward':
main.c:24:22: error: expected ')' before ';' token
 #define MAX_SPEED 300;
                      ^
main.c:79:24: note: in expansion of macro 'MAX_SPEED'
   left_motor_set_speed(MAX_SPEED);
                        ^~~~~~~~~
main.c:24:22: error: expected ')' before ';' token
 #define MAX_SPEED 300;
                      ^
main.c:80:25: note: in expansion of macro 'MAX_SPEED'
   right_motor_set_speed(MAX_SPEED);
                         ^~~~~~~~~
main.c: At top level:
main.c:83:6: warning: function declaration isn't a prototype [-Wstrict-prototypes]
 void turnRight(){
      ^~~~~~~~~
main.c: In function 'turnRight':
main.c:24:22: error: expected ')' before ';' token
 #define MAX_SPEED 300;
                      ^
main.c:84:24: note: in expansion of macro 'MAX_SPEED'
   left_motor_set_speed(MAX_SPEED);
                        ^~~~~~~~~
main.c:24:22: error: expected ')' before ';' token
 #define MAX_SPEED 300;
                      ^
main.c:85:26: note: in expansion of macro 'MAX_SPEED'
   right_motor_set_speed(-MAX_SPEED);
                          ^~~~~~~~~
main.c: At top level:
main.c:88:6: warning: function declaration isn't a prototype [-Wstrict-prototypes]
 void turnLeft(){
      ^~~~~~~~
main.c: In function 'turnLeft':
main.c:24:22: error: expected ')' before ';' token
 #define MAX_SPEED 300;
                      ^
main.c:89:25: note: in expansion of macro 'MAX_SPEED'
   left_motor_set_speed(-MAX_SPEED);
                         ^~~~~~~~~
main.c:24:22: error: expected ')' before ';' token
 #define MAX_SPEED 300;
                      ^
main.c:90:25: note: in expansion of macro 'MAX_SPEED'
   right_motor_set_speed(MAX_SPEED);
                         ^~~~~~~~~
main.c: At top level:
main.c:93:6: warning: function declaration isn't a prototype [-Wstrict-prototypes]
 void stop(){
      ^~~~
main.c:98:6: warning: function declaration isn't a prototype [-Wstrict-prototypes]
 void bodyLedOn(){
      ^~~~~~~~~
main.c: In function 'bodyLedOn':
main.c:99:3: warning: implicit declaration of function 'set_body_led' [-Wimplicit-function-declaration]
   set_body_led(1);
   ^~~~~~~~~~~~
main.c: At top level:
main.c:102:6: warning: function declaration isn't a prototype [-Wstrict-prototypes]
 void bodyLedOff(){
      ^~~~~~~~~~
main.c: In function 'main':
main.c:126:10: warning: the address of 'trapped' will always evaluate as 'true' [-Waddress]
       if(trapped){
          ^~~~~~~
make: *** [../e-puck2_main-processor/ChibiOS//os/common/ports/ARMCMx/compilers/GCC/rules.mk:217: build/obj/main.o] Error 1
"make all" terminated with exit code 2. Build might be incomplete.
14:05:04 **** Incremental Build of configuration Default for project Exercise1 ****
make all 
[1;34mCompiling main.c[0m
main.c:26:6: warning: function declaration isn't a prototype [-Wstrict-prototypes]
 bool objectOnTheRight(){
      ^~~~~~~~~~~~~~~~
main.c:44:6: warning: function declaration isn't a prototype [-Wstrict-prototypes]
 bool objectOnTheLeft(){
      ^~~~~~~~~~~~~~~
main.c:60:6: warning: function declaration isn't a prototype [-Wstrict-prototypes]
 bool trapped(){
      ^~~~~~~
main.c:80:6: warning: function declaration isn't a prototype [-Wstrict-prototypes]
 void bodyLedOn(){
      ^~~~~~~~~
main.c: In function 'bodyLedOn':
main.c:81:3: warning: implicit declaration of function 'set_body_led' [-Wimplicit-function-declaration]
   set_body_led(1);
   ^~~~~~~~~~~~
main.c: At top level:
main.c:84:6: warning: function declaration isn't a prototype [-Wstrict-prototypes]
 void bodyLedOff(){
      ^~~~~~~~~~
main.c: In function 'main':
main.c:108:10: warning: the address of 'trapped' will always evaluate as 'true' [-Waddress]
       if(trapped){
          ^~~~~~~
[1;34mLinking build/Project_template.elf[0m
[1;34mCreating build/Project_template.hex[0m
[1;34mCreating build/Project_template.bin[0m
[1;34mCreating build/Project_template.dmp[0m

   text	   data	    bss	    dec	    hex	filename
  56420	   3052	   7852	  67324	  106fc	build/Project_template.elf
[1;34mCreating build/Project_template.list[0m

[1;34mDone[0m
14:05:33 **** Incremental Build of configuration Default for project Exercise1 ****
make all 
[1;34mCompiling main.c[0m
main.c:26:6: warning: function declaration isn't a prototype [-Wstrict-prototypes]
 bool objectOnTheRight(){
      ^~~~~~~~~~~~~~~~
main.c:44:6: warning: function declaration isn't a prototype [-Wstrict-prototypes]
 bool objectOnTheLeft(){
      ^~~~~~~~~~~~~~~
main.c:60:6: warning: function declaration isn't a prototype [-Wstrict-prototypes]
 bool trapped(){
      ^~~~~~~
main.c:80:6: warning: function declaration isn't a prototype [-Wstrict-prototypes]
 void bodyLedOn(){
      ^~~~~~~~~
main.c: In function 'bodyLedOn':
main.c:81:3: warning: implicit declaration of function 'set_body_led' [-Wimplicit-function-declaration]
   set_body_led(1);
   ^~~~~~~~~~~~
main.c: At top level:
main.c:84:6: warning: function declaration isn't a prototype [-Wstrict-prototypes]
 void bodyLedOff(){
      ^~~~~~~~~~
main.c: In function 'main':
main.c:108:10: warning: the address of 'trapped' will always evaluate as 'true' [-Waddress]
       if(trapped){
          ^~~~~~~
[1;34mLinking build/Project_template.elf[0m
[1;34mCreating build/Project_template.hex[0m
[1;34mCreating build/Project_template.bin[0m
[1;34mCreating build/Project_template.dmp[0m

   text	   data	    bss	    dec	    hex	filename
  56500	   3052	   7852	  67404	  1074c	build/Project_template.elf
[1;34mCreating build/Project_template.list[0m

[1;34mDone[0m
14:05:35 **** Incremental Build of configuration Default for project Exercise1 ****
make all 
make: Nothing to be done for 'all'.
14:06:18 **** Incremental Build of configuration Default for project Exercise1 ****
make all 
[1;34mCompiling main.c[0m
main.c:26:6: warning: function declaration isn't a prototype [-Wstrict-prototypes]
 bool objectOnTheRight(){
      ^~~~~~~~~~~~~~~~
main.c:44:6: warning: function declaration isn't a prototype [-Wstrict-prototypes]
 bool objectOnTheLeft(){
      ^~~~~~~~~~~~~~~
main.c:60:6: warning: function declaration isn't a prototype [-Wstrict-prototypes]
 bool trapped(){
      ^~~~~~~
main.c:80:6: warning: function declaration isn't a prototype [-Wstrict-prototypes]
 void bodyLedOn(){
      ^~~~~~~~~
main.c: In function 'bodyLedOn':
main.c:81:3: warning: implicit declaration of function 'set_body_led' [-Wimplicit-function-declaration]
   set_body_led(1);
   ^~~~~~~~~~~~
main.c: At top level:
main.c:84:6: warning: function declaration isn't a prototype [-Wstrict-prototypes]
 void bodyLedOff(){
      ^~~~~~~~~~
[1;34mLinking build/Project_template.elf[0m
[1;34mCreating build/Project_template.hex[0m
[1;34mCreating build/Project_template.bin[0m
[1;34mCreating build/Project_template.dmp[0m

   text	   data	    bss	    dec	    hex	filename
  57092	   3052	   7852	  67996	  1099c	build/Project_template.elf
[1;34mCreating build/Project_template.list[0m

[1;34mDone[0m
14:06:22 **** Incremental Build of configuration Default for project Exercise1 ****
make all 
make: Nothing to be done for 'all'.
14:07:48 **** Incremental Build of configuration Default for project Exercise1 ****
make all 
[1;34mCompiling main.c[0m
main.c:26:6: warning: function declaration isn't a prototype [-Wstrict-prototypes]
 bool objectOnTheRight(){
      ^~~~~~~~~~~~~~~~
main.c:44:6: warning: function declaration isn't a prototype [-Wstrict-prototypes]
 bool objectOnTheLeft(){
      ^~~~~~~~~~~~~~~
main.c:60:6: warning: function declaration isn't a prototype [-Wstrict-prototypes]
 bool trapped(){
      ^~~~~~~
main.c:80:6: warning: function declaration isn't a prototype [-Wstrict-prototypes]
 void bodyLedOn(){
      ^~~~~~~~~
main.c: In function 'bodyLedOn':
main.c:81:3: warning: implicit declaration of function 'set_body_led' [-Wimplicit-function-declaration]
   set_body_led(1);
   ^~~~~~~~~~~~
main.c: At top level:
main.c:84:6: warning: function declaration isn't a prototype [-Wstrict-prototypes]
 void bodyLedOff(){
      ^~~~~~~~~~
[1;34mLinking build/Project_template.elf[0m
[1;34mCreating build/Project_template.hex[0m
[1;34mCreating build/Project_template.bin[0m
[1;34mCreating build/Project_template.dmp[0m

   text	   data	    bss	    dec	    hex	filename
  57092	   3052	   7852	  67996	  1099c	build/Project_template.elf
[1;34mCreating build/Project_template.list[0m

[1;34mDone[0m
14:07:51 **** Incremental Build of configuration Default for project Exercise1 ****
make all 
make: Nothing to be done for 'all'.
14:11:39 **** Incremental Build of configuration Default for project Exercise1 ****
make all 
[1;34mCompiling main.c[0m
main.c:26:6: warning: function declaration isn't a prototype [-Wstrict-prototypes]
 bool objectOnTheRight(){
      ^~~~~~~~~~~~~~~~
main.c:44:6: warning: function declaration isn't a prototype [-Wstrict-prototypes]
 bool objectOnTheLeft(){
      ^~~~~~~~~~~~~~~
main.c:60:6: warning: function declaration isn't a prototype [-Wstrict-prototypes]
 bool trapped(){
      ^~~~~~~
main.c:80:6: warning: function declaration isn't a prototype [-Wstrict-prototypes]
 void bodyLedOn(){
      ^~~~~~~~~
main.c: In function 'bodyLedOn':
main.c:81:3: warning: implicit declaration of function 'set_body_led' [-Wimplicit-function-declaration]
   set_body_led(1);
   ^~~~~~~~~~~~
main.c: At top level:
main.c:84:6: warning: function declaration isn't a prototype [-Wstrict-prototypes]
 void bodyLedOff(){
      ^~~~~~~~~~
[1;34mLinking build/Project_template.elf[0m
[1;34mCreating build/Project_template.hex[0m
[1;34mCreating build/Project_template.bin[0m
[1;34mCreating build/Project_template.dmp[0m

   text	   data	    bss	    dec	    hex	filename
  57092	   3052	   7852	  67996	  1099c	build/Project_template.elf
[1;34mCreating build/Project_template.list[0m

[1;34mDone[0m
14:11:41 **** Incremental Build of configuration Default for project Exercise1 ****
make all 
make: Nothing to be done for 'all'.
14:12:57 **** Incremental Build of configuration Default for project Exercise1 ****
make all 
[1;34mCompiling main.c[0m
main.c:26:6: warning: function declaration isn't a prototype [-Wstrict-prototypes]
 bool objectOnTheRight(){
      ^~~~~~~~~~~~~~~~
main.c:44:6: warning: function declaration isn't a prototype [-Wstrict-prototypes]
 bool objectOnTheLeft(){
      ^~~~~~~~~~~~~~~
main.c:60:6: warning: function declaration isn't a prototype [-Wstrict-prototypes]
 bool trapped(){
      ^~~~~~~
main.c:80:6: warning: function declaration isn't a prototype [-Wstrict-prototypes]
 void bodyLedOn(){
      ^~~~~~~~~
main.c: In function 'bodyLedOn':
main.c:81:3: warning: implicit declaration of function 'set_body_led' [-Wimplicit-function-declaration]
   set_body_led(1);
   ^~~~~~~~~~~~
main.c: At top level:
main.c:84:6: warning: function declaration isn't a prototype [-Wstrict-prototypes]
 void bodyLedOff(){
      ^~~~~~~~~~
[1;34mLinking build/Project_template.elf[0m
[1;34mCreating build/Project_template.hex[0m
[1;34mCreating build/Project_template.bin[0m
[1;34mCreating build/Project_template.dmp[0m

   text	   data	    bss	    dec	    hex	filename
  57092	   3052	   7852	  67996	  1099c	build/Project_template.elf
[1;34mCreating build/Project_template.list[0m

[1;34mDone[0m
14:12:59 **** Incremental Build of configuration Default for project Exercise1 ****
make all 
make: Nothing to be done for 'all'.
14:13:03 **** Incremental Build of configuration Default for project Exercise1 ****
make all 
make: Nothing to be done for 'all'.
14:13:10 **** Incremental Build of configuration Default for project Exercise1 ****
make all 
make: Nothing to be done for 'all'.
14:13:12 **** Incremental Build of configuration Default for project Exercise1 ****
make all 
make: Nothing to be done for 'all'.
14:13:14 **** Incremental Build of configuration Default for project Exercise1 ****
make all 
make: Nothing to be done for 'all'.
14:17:51 **** Incremental Build of configuration Default for project Exercise1 ****
make all 
[1;34mCompiling main.c[0m
main.c:26:6: warning: function declaration isn't a prototype [-Wstrict-prototypes]
 bool objectOnTheRight(){
      ^~~~~~~~~~~~~~~~
main.c:44:6: warning: function declaration isn't a prototype [-Wstrict-prototypes]
 bool objectOnTheLeft(){
      ^~~~~~~~~~~~~~~
[1;34mLinking build/Project_template.elf[0m
[1;34mCreating build/Project_template.hex[0m
[1;34mCreating build/Project_template.bin[0m
[1;34mCreating build/Project_template.dmp[0m

   text	   data	    bss	    dec	    hex	filename
  57124	   3052	   7852	  68028	  109bc	build/Project_template.elf
[1;34mCreating build/Project_template.list[0m

[1;34mDone[0m
14:17:53 **** Incremental Build of configuration Default for project Exercise1 ****
make all 
make: Nothing to be done for 'all'.
14:19:08 **** Incremental Build of configuration Default for project Exercise1 ****
make all 
[1;34mCompiling main.c[0m
main.c:26:6: warning: function declaration isn't a prototype [-Wstrict-prototypes]
 bool objectOnTheRight(){
      ^~~~~~~~~~~~~~~~
main.c:44:6: warning: function declaration isn't a prototype [-Wstrict-prototypes]
 bool objectOnTheLeft(){
      ^~~~~~~~~~~~~~~
[1;34mLinking build/Project_template.elf[0m
[1;34mCreating build/Project_template.hex[0m
[1;34mCreating build/Project_template.bin[0m
[1;34mCreating build/Project_template.dmp[0m

   text	   data	    bss	    dec	    hex	filename
  57124	   3052	   7852	  68028	  109bc	build/Project_template.elf
[1;34mCreating build/Project_template.list[0m

[1;34mDone[0m
14:19:10 **** Incremental Build of configuration Default for project Exercise1 ****
make all 
make: Nothing to be done for 'all'.
14:20:38 **** Incremental Build of configuration Default for project Exercise1 ****
make all 
[1;34mCompiling main.c[0m
main.c:26:6: warning: function declaration isn't a prototype [-Wstrict-prototypes]
 bool objectOnTheRight(){
      ^~~~~~~~~~~~~~~~
main.c:44:6: warning: function declaration isn't a prototype [-Wstrict-prototypes]
 bool objectOnTheLeft(){
      ^~~~~~~~~~~~~~~
[1;34mLinking build/Project_template.elf[0m
[1;34mCreating build/Project_template.hex[0m
[1;34mCreating build/Project_template.bin[0m
[1;34mCreating build/Project_template.dmp[0m

   text	   data	    bss	    dec	    hex	filename
  57108	   3052	   7852	  68012	  109ac	build/Project_template.elf
[1;34mCreating build/Project_template.list[0m

[1;34mDone[0m
14:20:40 **** Incremental Build of configuration Default for project Exercise1 ****
make all 
make: Nothing to be done for 'all'.
14:24:35 **** Incremental Build of configuration Default for project Exercise1 ****
make all 
[1;34mCompiling main.c[0m
main.c:26:6: warning: function declaration isn't a prototype [-Wstrict-prototypes]
 bool objectOnTheRight(){
      ^~~~~~~~~~~~~~~~
main.c:44:6: warning: function declaration isn't a prototype [-Wstrict-prototypes]
 bool objectOnTheLeft(){
      ^~~~~~~~~~~~~~~
[1;34mLinking build/Project_template.elf[0m
[1;34mCreating build/Project_template.hex[0m
[1;34mCreating build/Project_template.bin[0m
[1;34mCreating build/Project_template.dmp[0m

   text	   data	    bss	    dec	    hex	filename
  57108	   3052	   7852	  68012	  109ac	build/Project_template.elf
[1;34mCreating build/Project_template.list[0m

[1;34mDone[0m
14:24:38 **** Incremental Build of configuration Default for project Exercise1 ****
make all 
make: Nothing to be done for 'all'.
14:25:39 **** Incremental Build of configuration Default for project Exercise1 ****
make all 
[1;34mCompiling main.c[0m
main.c:26:6: warning: function declaration isn't a prototype [-Wstrict-prototypes]
 bool objectOnTheRight(){
      ^~~~~~~~~~~~~~~~
main.c:44:6: warning: function declaration isn't a prototype [-Wstrict-prototypes]
 bool objectOnTheLeft(){
      ^~~~~~~~~~~~~~~
[1;34mLinking build/Project_template.elf[0m
[1;34mCreating build/Project_template.hex[0m
[1;34mCreating build/Project_template.bin[0m
[1;34mCreating build/Project_template.dmp[0m

   text	   data	    bss	    dec	    hex	filename
  57108	   3052	   7852	  68012	  109ac	build/Project_template.elf
[1;34mCreating build/Project_template.list[0m

[1;34mDone[0m
14:25:43 **** Incremental Build of configuration Default for project Exercise1 ****
make all 
make: Nothing to be done for 'all'.
14:25:45 **** Incremental Build of configuration Default for project Exercise1 ****
make all 
make: Nothing to be done for 'all'.
14:29:12 **** Incremental Build of configuration Default for project Exercise1 ****
make all 
[1;34mCompiling main.c[0m
main.c: In function 'main':
main.c:69:9: warning: function declaration isn't a prototype [-Wstrict-prototypes]
    void init() {
         ^~~~
main.c:109:7: warning: function declaration isn't a prototype [-Wstrict-prototypes]
  void stop() {
       ^~~~
main.c:115:6: warning: 'main' is normally a non-static function [-Wmain]
  int main(void)
      ^~~~
main.c: In function 'main':
main.c:132:11: error: unknown type name 'send'
           send calibrated proximity values through bluetooth
           ^~~~
main.c:132:27: error: expected '=', ',', ';', 'asm' or '__attribute__' before 'proximity'
           send calibrated proximity values through bluetooth
                           ^~~~~~~~~
main.c:135:32: error: 'prox_str' undeclared (first use in this function); did you mean 'confstr'?
           str_length = sprintf(prox_str, "%d,%d,%d,%d,%d,%d,%d,%d\n",
                                ^~~~~~~~
                                confstr
main.c:135:32: note: each undeclared identifier is reported only once for each function it appears in
main.c:193:1: error: expected declaration or statement at end of input
 }
 ^
main.c:188:11: warning: unused variable '__stack_chk_guard' [-Wunused-variable]
 uintptr_t __stack_chk_guard = STACK_CHK_GUARD;
           ^~~~~~~~~~~~~~~~~
main.c: In function 'main':
main.c:193:1: error: expected declaration or statement at end of input
 }
 ^
At top level:
main.c:115:6: warning: 'main' defined but not used [-Wunused-function]
  int main(void)
      ^~~~
main.c:190:6: warning: '__stack_chk_fail' defined but not used [-Wunused-function]
 void __stack_chk_fail(void)
      ^~~~~~~~~~~~~~~~
main.c:109:7: warning: 'stop' defined but not used [-Wunused-function]
  void stop() {
       ^~~~
main.c:104:7: warning: 'turn_right' defined but not used [-Wunused-function]
  void turn_right(float speed) {
       ^~~~~~~~~~
main.c:99:7: warning: 'turn_left' defined but not used [-Wunused-function]
  void turn_left(float speed) {
       ^~~~~~~~~
main.c:94:7: warning: 'move_backward' defined but not used [-Wunused-function]
  void move_backward(float speed) {
       ^~~~~~~~~~~~~
main.c:89:7: warning: 'move_forward' defined but not used [-Wunused-function]
  void move_forward(float speed) {
       ^~~~~~~~~~~~
make: *** [../e-puck2_main-processor/ChibiOS//os/common/ports/ARMCMx/compilers/GCC/rules.mk:217: build/obj/main.o] Error 1
"make all" terminated with exit code 2. Build might be incomplete.
14:29:41 **** Incremental Build of configuration Default for project Exercise1 ****
make all 
[1;34mCompiling main.c[0m
main.c: In function 'main':
main.c:69:9: warning: function declaration isn't a prototype [-Wstrict-prototypes]
    void init() {
         ^~~~
main.c:109:7: warning: function declaration isn't a prototype [-Wstrict-prototypes]
  void stop() {
       ^~~~
main.c:115:6: warning: 'main' is normally a non-static function [-Wmain]
  int main(void)
      ^~~~
main.c: In function 'main':
main.c:192:1: error: expected declaration or statement at end of input
 }
 ^
main.c:187:11: warning: unused variable '__stack_chk_guard' [-Wunused-variable]
 uintptr_t __stack_chk_guard = STACK_CHK_GUARD;
           ^~~~~~~~~~~~~~~~~
main.c: In function 'main':
main.c:192:1: error: expected declaration or statement at end of input
 }
 ^
At top level:
main.c:115:6: warning: 'main' defined but not used [-Wunused-function]
  int main(void)
      ^~~~
main.c:189:6: warning: '__stack_chk_fail' defined but not used [-Wunused-function]
 void __stack_chk_fail(void)
      ^~~~~~~~~~~~~~~~
main.c:109:7: warning: 'stop' defined but not used [-Wunused-function]
  void stop() {
       ^~~~
main.c:104:7: warning: 'turn_right' defined but not used [-Wunused-function]
  void turn_right(float speed) {
       ^~~~~~~~~~
main.c:99:7: warning: 'turn_left' defined but not used [-Wunused-function]
  void turn_left(float speed) {
       ^~~~~~~~~
main.c:94:7: warning: 'move_backward' defined but not used [-Wunused-function]
  void move_backward(float speed) {
       ^~~~~~~~~~~~~
main.c:89:7: warning: 'move_forward' defined but not used [-Wunused-function]
  void move_forward(float speed) {
       ^~~~~~~~~~~~
make: *** [../e-puck2_main-processor/ChibiOS//os/common/ports/ARMCMx/compilers/GCC/rules.mk:217: build/obj/main.o] Error 1
"make all" terminated with exit code 2. Build might be incomplete.
14:30:00 **** Incremental Build of configuration Default for project Exercise1 ****
make all 
[1;34mCompiling main.c[0m
main.c: In function 'main':
main.c:69:9: warning: function declaration isn't a prototype [-Wstrict-prototypes]
    void init() {
         ^~~~
main.c:109:7: warning: function declaration isn't a prototype [-Wstrict-prototypes]
  void stop() {
       ^~~~
main.c:115:6: warning: 'main' is normally a non-static function [-Wmain]
  int main(void)
      ^~~~
main.c: In function 'main':
main.c:132:27: warning: comparison between signed and unsigned integer expressions [-Wsign-compare]
        if (get_selector() == ESTOP_SELECTOR) {
                           ^~
main.c:136:11: error: unknown type name 'send'
           send calibrated proximity values through bluetooth
           ^~~~
main.c:136:27: error: expected '=', ',', ';', 'asm' or '__attribute__' before 'proximity'
           send calibrated proximity values through bluetooth
                           ^~~~~~~~~
main.c:139:32: error: 'prox_str' undeclared (first use in this function); did you mean 'confstr'?
           str_length = sprintf(prox_str, "%d,%d,%d,%d,%d,%d,%d,%d\n",
                                ^~~~~~~~
                                confstr
main.c:139:32: note: each undeclared identifier is reported only once for each function it appears in
main.c:197:1: error: expected declaration or statement at end of input
 }
 ^
main.c:192:11: warning: unused variable '__stack_chk_guard' [-Wunused-variable]
 uintptr_t __stack_chk_guard = STACK_CHK_GUARD;
           ^~~~~~~~~~~~~~~~~
main.c:197:1: error: expected declaration or statement at end of input
 }
 ^
main.c: In function 'main':
main.c:197:1: error: expected declaration or statement at end of input
At top level:
main.c:115:6: warning: 'main' defined but not used [-Wunused-function]
  int main(void)
      ^~~~
main.c:194:6: warning: '__stack_chk_fail' defined but not used [-Wunused-function]
 void __stack_chk_fail(void)
      ^~~~~~~~~~~~~~~~
main.c:104:7: warning: 'turn_right' defined but not used [-Wunused-function]
  void turn_right(float speed) {
       ^~~~~~~~~~
main.c:99:7: warning: 'turn_left' defined but not used [-Wunused-function]
  void turn_left(float speed) {
       ^~~~~~~~~
main.c:94:7: warning: 'move_backward' defined but not used [-Wunused-function]
  void move_backward(float speed) {
       ^~~~~~~~~~~~~
main.c:89:7: warning: 'move_forward' defined but not used [-Wunused-function]
  void move_forward(float speed) {
       ^~~~~~~~~~~~
make: *** [../e-puck2_main-processor/ChibiOS//os/common/ports/ARMCMx/compilers/GCC/rules.mk:217: build/obj/main.o] Error 1
"make all" terminated with exit code 2. Build might be incomplete.
14:30:11 **** Incremental Build of configuration Default for project Exercise1 ****
make all 
[1;34mCompiling main.c[0m
main.c: In function 'main':
main.c:69:9: warning: function declaration isn't a prototype [-Wstrict-prototypes]
    void init() {
         ^~~~
main.c:109:7: warning: function declaration isn't a prototype [-Wstrict-prototypes]
  void stop() {
       ^~~~
main.c:115:6: warning: 'main' is normally a non-static function [-Wmain]
  int main(void)
      ^~~~
main.c: In function 'main':
main.c:132:27: warning: comparison between signed and unsigned integer expressions [-Wsign-compare]
        if (get_selector() == ESTOP_SELECTOR) {
                           ^~
main.c:196:1: error: expected declaration or statement at end of input
 }
 ^
main.c:191:11: warning: unused variable '__stack_chk_guard' [-Wunused-variable]
 uintptr_t __stack_chk_guard = STACK_CHK_GUARD;
           ^~~~~~~~~~~~~~~~~
main.c:196:1: error: expected declaration or statement at end of input
 }
 ^
main.c: In function 'main':
main.c:196:1: error: expected declaration or statement at end of input
At top level:
main.c:115:6: warning: 'main' defined but not used [-Wunused-function]
  int main(void)
      ^~~~
main.c:193:6: warning: '__stack_chk_fail' defined but not used [-Wunused-function]
 void __stack_chk_fail(void)
      ^~~~~~~~~~~~~~~~
main.c:104:7: warning: 'turn_right' defined but not used [-Wunused-function]
  void turn_right(float speed) {
       ^~~~~~~~~~
main.c:99:7: warning: 'turn_left' defined but not used [-Wunused-function]
  void turn_left(float speed) {
       ^~~~~~~~~
main.c:94:7: warning: 'move_backward' defined but not used [-Wunused-function]
  void move_backward(float speed) {
       ^~~~~~~~~~~~~
main.c:89:7: warning: 'move_forward' defined but not used [-Wunused-function]
  void move_forward(float speed) {
       ^~~~~~~~~~~~
make: *** [../e-puck2_main-processor/ChibiOS//os/common/ports/ARMCMx/compilers/GCC/rules.mk:217: build/obj/main.o] Error 1
"make all" terminated with exit code 2. Build might be incomplete.
14:30:58 **** Incremental Build of configuration Default for project Exercise1 ****
make all 
[1;34mCompiling main.c[0m
main.c:26:6: warning: function declaration isn't a prototype [-Wstrict-prototypes]
 bool objectOnTheRight(){
      ^~~~~~~~~~~~~~~~
main.c:44:6: warning: function declaration isn't a prototype [-Wstrict-prototypes]
 bool objectOnTheLeft(){
      ^~~~~~~~~~~~~~~
[1;34mLinking build/Project_template.elf[0m
[1;34mCreating build/Project_template.hex[0m
[1;34mCreating build/Project_template.bin[0m
[1;34mCreating build/Project_template.dmp[0m

   text	   data	    bss	    dec	    hex	filename
  55796	   3052	   7836	  66684	  1047c	build/Project_template.elf
[1;34mCreating build/Project_template.list[0m

[1;34mDone[0m
14:34:20 **** Incremental Build of configuration Default for project Exercise1 ****
make all 
[1;34mCompiling main.c[0m
main.c:27:6: warning: function declaration isn't a prototype [-Wstrict-prototypes]
 bool objectOnTheRight(){
      ^~~~~~~~~~~~~~~~
main.c:45:6: warning: function declaration isn't a prototype [-Wstrict-prototypes]
 bool objectOnTheLeft(){
      ^~~~~~~~~~~~~~~
main.c: In function 'main':
main.c:25:22: error: expected ')' before ';' token
 #define THRESHOLD 200;
                      ^
main.c:82:37: note: in expansion of macro 'THRESHOLD'
        if (get_calibrated_prox(5) > THRESHOLD && get_calibrated_prox(6) > THRESHOLD && get_calibrated_prox(7) > THRESHOLD) {
                                     ^~~~~~~~~
main.c:24:22: error: expected ')' before ';' token
 #define MAX_SPEED 400;
                      ^
main.c:83:30: note: in expansion of macro 'MAX_SPEED'
         left_motor_set_speed(MAX_SPEED);
                              ^~~~~~~~~
main.c:24:22: error: expected ')' before ';' token
 #define MAX_SPEED 400;
                      ^
main.c:84:32: note: in expansion of macro 'MAX_SPEED'
         right_motor_set_speed(-MAX_SPEED);
                                ^~~~~~~~~
main.c:25:22: error: expected ')' before ';' token
 #define THRESHOLD 200;
                      ^
main.c:85:44: note: in expansion of macro 'THRESHOLD'
        } else if (get_calibrated_prox(0) > THRESHOLD && get_calibrated_prox(1) > THRESHOLD && get_calibrated_prox(2) > THRESHOLD) {
                                            ^~~~~~~~~
main.c:24:22: error: expected ')' before ';' token
 #define MAX_SPEED 400;
                      ^
main.c:86:31: note: in expansion of macro 'MAX_SPEED'
         left_motor_set_speed(-MAX_SPEED);
                               ^~~~~~~~~
main.c:24:22: error: expected ')' before ';' token
 #define MAX_SPEED 400;
                      ^
main.c:87:31: note: in expansion of macro 'MAX_SPEED'
         right_motor_set_speed(MAX_SPEED);
                               ^~~~~~~~~
main.c:25:22: error: expected ')' before ';' token
 #define THRESHOLD 200;
                      ^
main.c:88:46: note: in expansion of macro 'THRESHOLD'
          } else if (get_calibrated_prox(0) > THRESHOLD && get_calibrated_prox(1) > THRESHOLD) {
                                              ^~~~~~~~~
main.c:89:12: error: unknown type name 't'
            t          left_motor_set_speed(-MAX_SPEED);
            ^
main.c:89:44: error: expected declaration specifiers or '...' before '-' token
            t          left_motor_set_speed(-MAX_SPEED);
                                            ^
main.c:89:44: warning: function declaration isn't a prototype [-Wstrict-prototypes]
main.c:89:23: error: conflicting types for 'left_motor_set_speed'
            t          left_motor_set_speed(-MAX_SPEED);
                       ^~~~~~~~~~~~~~~~~~~~
In file included from main.c:17:0:
../e-puck2_main-processor/src/motors.h:17:6: note: previous declaration of 'left_motor_set_speed' was here
 void left_motor_set_speed(int speed);
      ^~~~~~~~~~~~~~~~~~~~
main.c:24:22: error: expected ')' before ';' token
 #define MAX_SPEED 400;
                      ^
main.c:90:31: note: in expansion of macro 'MAX_SPEED'
         right_motor_set_speed(MAX_SPEED);
                               ^~~~~~~~~
main.c:25:22: error: expected ')' before ';' token
 #define THRESHOLD 200;
                      ^
main.c:91:46: note: in expansion of macro 'THRESHOLD'
          } else if (get_calibrated_prox(5) > THRESHOLD && get_calibrated_prox(6) > THRESHOLD) {
                                              ^~~~~~~~~
main.c:24:22: error: expected ')' before ';' token
 #define MAX_SPEED 400;
                      ^
main.c:92:32: note: in expansion of macro 'MAX_SPEED'
           left_motor_set_speed(MAX_SPEED);
                                ^~~~~~~~~
main.c:24:22: error: expected ')' before ';' token
 #define MAX_SPEED 400;
                      ^
main.c:93:34: note: in expansion of macro 'MAX_SPEED'
           right_motor_set_speed(-MAX_SPEED);
                                  ^~~~~~~~~
main.c:25:22: error: expected ')' before ';' token
 #define THRESHOLD 200;
                      ^
main.c:94:46: note: in expansion of macro 'THRESHOLD'
          } else if (get_calibrated_prox(0) > THRESHOLD) {
                                              ^~~~~~~~~
main.c:24:22: error: expected ')' before ';' token
 #define MAX_SPEED 400;
                      ^
main.c:95:33: note: in expansion of macro 'MAX_SPEED'
           left_motor_set_speed(-MAX_SPEED);
                                 ^~~~~~~~~
main.c:24:22: error: expected ')' before ';' token
 #define MAX_SPEED 400;
                      ^
main.c:96:33: note: in expansion of macro 'MAX_SPEED'
           right_motor_set_speed(MAX_SPEED);
                                 ^~~~~~~~~
main.c:25:22: error: expected ')' before ';' token
 #define THRESHOLD 200;
                      ^
main.c:97:46: note: in expansion of macro 'THRESHOLD'
          } else if (get_calibrated_prox(5) > THRESHOLD) {
                                              ^~~~~~~~~
main.c:24:22: error: expected ')' before ';' token
 #define MAX_SPEED 400;
                      ^
main.c:98:32: note: in expansion of macro 'MAX_SPEED'
           left_motor_set_speed(MAX_SPEED);
                                ^~~~~~~~~
main.c:24:22: error: expected ')' before ';' token
 #define MAX_SPEED 400;
                      ^
main.c:99:34: note: in expansion of macro 'MAX_SPEED'
           right_motor_set_speed(-MAX_SPEED);
                                  ^~~~~~~~~
main.c:24:22: error: expected ')' before ';' token
 #define MAX_SPEED 400;
                      ^
main.c:101:33: note: in expansion of macro 'MAX_SPEED'
            left_motor_set_speed(MAX_SPEED);
                                 ^~~~~~~~~
main.c:24:22: error: expected ')' before ';' token
 #define MAX_SPEED 400;
                      ^
main.c:102:31: note: in expansion of macro 'MAX_SPEED'
         right_motor_set_speed(MAX_SPEED);
                               ^~~~~~~~~
main.c:114:1: error: expected declaration or statement at end of input
 }
 ^
main.c:109:11: warning: unused variable '__stack_chk_guard' [-Wunused-variable]
 uintptr_t __stack_chk_guard = STACK_CHK_GUARD;
           ^~~~~~~~~~~~~~~~~
At top level:
main.c:111:6: warning: '__stack_chk_fail' defined but not used [-Wunused-function]
 void __stack_chk_fail(void)
      ^~~~~~~~~~~~~~~~
make: *** [../e-puck2_main-processor/ChibiOS//os/common/ports/ARMCMx/compilers/GCC/rules.mk:217: build/obj/main.o] Error 1
"make all" terminated with exit code 2. Build might be incomplete.
14:35:37 **** Incremental Build of configuration Default for project Exercise1 ****
make all 
[1;34mCompiling main.c[0m
main.c:26:6: warning: function declaration isn't a prototype [-Wstrict-prototypes]
 bool objectOnTheRight(){
      ^~~~~~~~~~~~~~~~
main.c:44:6: warning: function declaration isn't a prototype [-Wstrict-prototypes]
 bool objectOnTheLeft(){
      ^~~~~~~~~~~~~~~
[1;34mLinking build/Project_template.elf[0m
[1;34mCreating build/Project_template.hex[0m
[1;34mCreating build/Project_template.bin[0m
[1;34mCreating build/Project_template.dmp[0m

   text	   data	    bss	    dec	    hex	filename
  57108	   3052	   7852	  68012	  109ac	build/Project_template.elf
[1;34mCreating build/Project_template.list[0m

[1;34mDone[0m
14:35:49 **** Incremental Build of configuration Default for project Exercise1 ****
make all 
[1;34mCompiling main.c[0m
main.c:26:6: warning: function declaration isn't a prototype [-Wstrict-prototypes]
 bool objectOnTheRight(){
      ^~~~~~~~~~~~~~~~
main.c:44:6: warning: function declaration isn't a prototype [-Wstrict-prototypes]
 bool objectOnTheLeft(){
      ^~~~~~~~~~~~~~~
[1;34mLinking build/Project_template.elf[0m
[1;34mCreating build/Project_template.hex[0m
[1;34mCreating build/Project_template.bin[0m
[1;34mCreating build/Project_template.dmp[0m

   text	   data	    bss	    dec	    hex	filename
  57108	   3052	   7852	  68012	  109ac	build/Project_template.elf
[1;34mCreating build/Project_template.list[0m

[1;34mDone[0m
14:38:01 **** Incremental Build of configuration Default for project Exercise1 ****
make all 
[1;34mCompiling main.c[0m
main.c:26:6: warning: function declaration isn't a prototype [-Wstrict-prototypes]
 bool objectOnTheRight(){
      ^~~~~~~~~~~~~~~~
main.c:44:6: warning: function declaration isn't a prototype [-Wstrict-prototypes]
 bool objectOnTheLeft(){
      ^~~~~~~~~~~~~~~
main.c: In function 'main':
main.c:105:45: error: 'THRESHOLD' undeclared (first use in this function)
         } else if (get_calibrated_prox(0) > THRESHOLD && get_calibrated_prox(1) > THRESHOLD && get_calibrated_prox(2) > THRESHOLD) {
                                             ^~~~~~~~~
main.c:105:45: note: each undeclared identifier is reported only once for each function it appears in
main.c:115:11: warning: implicit declaration of function 'turn_left' [-Wimplicit-function-declaration]
           turn_left(MAX_SPEED);
           ^~~~~~~~~
main.c:24:22: error: expected ')' before ';' token
 #define MAX_SPEED 400;
                      ^
main.c:115:21: note: in expansion of macro 'MAX_SPEED'
           turn_left(MAX_SPEED);
                     ^~~~~~~~~
main.c:137:1: error: expected declaration or statement at end of input
 }
 ^
main.c:132:11: warning: unused variable '__stack_chk_guard' [-Wunused-variable]
 uintptr_t __stack_chk_guard = STACK_CHK_GUARD;
           ^~~~~~~~~~~~~~~~~
At top level:
main.c:134:6: warning: '__stack_chk_fail' defined but not used [-Wunused-function]
 void __stack_chk_fail(void)
      ^~~~~~~~~~~~~~~~
make: *** [../e-puck2_main-processor/ChibiOS//os/common/ports/ARMCMx/compilers/GCC/rules.mk:217: build/obj/main.o] Error 1
"make all" terminated with exit code 2. Build might be incomplete.
14:38:10 **** Incremental Build of configuration Default for project Exercise1 ****
make all 
[1;34mCompiling main.c[0m
main.c:26:6: warning: function declaration isn't a prototype [-Wstrict-prototypes]
 bool objectOnTheRight(){
      ^~~~~~~~~~~~~~~~
main.c:44:6: warning: function declaration isn't a prototype [-Wstrict-prototypes]
 bool objectOnTheLeft(){
      ^~~~~~~~~~~~~~~
main.c: In function 'main':
main.c:105:45: error: 'THRESHOLD' undeclared (first use in this function)
         } else if (get_calibrated_prox(0) > THRESHOLD && get_calibrated_prox(1) > THRESHOLD && get_calibrated_prox(2) > THRESHOLD) {
                                             ^~~~~~~~~
main.c:105:45: note: each undeclared identifier is reported only once for each function it appears in
main.c:115:11: warning: implicit declaration of function 'turn_left' [-Wimplicit-function-declaration]
           turn_left(MAX_SPEED);
           ^~~~~~~~~
main.c:24:22: error: expected ')' before ';' token
 #define MAX_SPEED 400;
                      ^
main.c:115:21: note: in expansion of macro 'MAX_SPEED'
           turn_left(MAX_SPEED);
                     ^~~~~~~~~
make: *** [../e-puck2_main-processor/ChibiOS//os/common/ports/ARMCMx/compilers/GCC/rules.mk:217: build/obj/main.o] Error 1
"make all" terminated with exit code 2. Build might be incomplete.
14:38:24 **** Incremental Build of configuration Default for project Exercise1 ****
make all 
[1;34mCompiling main.c[0m
main.c:26:6: warning: function declaration isn't a prototype [-Wstrict-prototypes]
 bool objectOnTheRight(){
      ^~~~~~~~~~~~~~~~
main.c:44:6: warning: function declaration isn't a prototype [-Wstrict-prototypes]
 bool objectOnTheLeft(){
      ^~~~~~~~~~~~~~~
main.c: In function 'main':
main.c:104:45: error: 'THRESHOLD' undeclared (first use in this function)
         } else if (get_calibrated_prox(0) > THRESHOLD && get_calibrated_prox(1) > THRESHOLD && get_calibrated_prox(2) > THRESHOLD) {
                                             ^~~~~~~~~
main.c:104:45: note: each undeclared identifier is reported only once for each function it appears in
main.c:114:11: warning: implicit declaration of function 'turn_left' [-Wimplicit-function-declaration]
           turn_left(MAX_SPEED);
           ^~~~~~~~~
main.c:24:22: error: expected ')' before ';' token
 #define MAX_SPEED 400;
                      ^
main.c:114:21: note: in expansion of macro 'MAX_SPEED'
           turn_left(MAX_SPEED);
                     ^~~~~~~~~
make: *** [../e-puck2_main-processor/ChibiOS//os/common/ports/ARMCMx/compilers/GCC/rules.mk:217: build/obj/main.o] Error 1
"make all" terminated with exit code 2. Build might be incomplete.
14:38:56 **** Incremental Build of configuration Default for project Exercise1 ****
make all 
[1;34mCompiling main.c[0m
main.c:26:6: warning: function declaration isn't a prototype [-Wstrict-prototypes]
 bool objectOnTheRight(){
      ^~~~~~~~~~~~~~~~
main.c:44:6: warning: function declaration isn't a prototype [-Wstrict-prototypes]
 bool objectOnTheLeft(){
      ^~~~~~~~~~~~~~~
main.c: In function 'main':
main.c:114:11: warning: implicit declaration of function 'turn_left' [-Wimplicit-function-declaration]
           turn_left(MAX_SPEED);
           ^~~~~~~~~
main.c:24:22: error: expected ')' before ';' token
 #define MAX_SPEED 400;
                      ^
main.c:114:21: note: in expansion of macro 'MAX_SPEED'
           turn_left(MAX_SPEED);
                     ^~~~~~~~~
make: *** [../e-puck2_main-processor/ChibiOS//os/common/ports/ARMCMx/compilers/GCC/rules.mk:217: build/obj/main.o] Error 1
"make all" terminated with exit code 2. Build might be incomplete.
14:39:04 **** Incremental Build of configuration Default for project Exercise1 ****
make all 
[1;34mCompiling main.c[0m
main.c:26:6: warning: function declaration isn't a prototype [-Wstrict-prototypes]
 bool objectOnTheRight(){
      ^~~~~~~~~~~~~~~~
main.c:44:6: warning: function declaration isn't a prototype [-Wstrict-prototypes]
 bool objectOnTheLeft(){
      ^~~~~~~~~~~~~~~
main.c: In function 'main':
main.c:114:11: warning: implicit declaration of function 'turn_left' [-Wimplicit-function-declaration]
           turn_left(MAX_SPEED);
           ^~~~~~~~~
main.c:124:7: warning: 'right_speed' may be used uninitialized in this function [-Wmaybe-uninitialized]
       right_motor_set_speed(right_speed);
       ^~~~~~~~~~~~~~~~~~~~~~~~~~~~~~~~~~
main.c:123:7: warning: 'left_speed' may be used uninitialized in this function [-Wmaybe-uninitialized]
       left_motor_set_speed(left_speed);
       ^~~~~~~~~~~~~~~~~~~~~~~~~~~~~~~~
[1;34mLinking build/Project_template.elf[0m
build/obj/main.o: In function `main':
/home/acse-lab/Documents/Team1C/Exercise1//main.c:114: undefined reference to `turn_left'
collect2: error: ld returned 1 exit status
make: *** [../e-puck2_main-processor/ChibiOS//os/common/ports/ARMCMx/compilers/GCC/rules.mk:244: build/Project_template.elf] Error 1
"make all" terminated with exit code 2. Build might be incomplete.
14:39:23 **** Incremental Build of configuration Default for project Exercise1 ****
make all 
[1;34mCompiling main.c[0m
main.c:26:6: warning: function declaration isn't a prototype [-Wstrict-prototypes]
 bool objectOnTheRight(){
      ^~~~~~~~~~~~~~~~
main.c:44:6: warning: function declaration isn't a prototype [-Wstrict-prototypes]
 bool objectOnTheLeft(){
      ^~~~~~~~~~~~~~~
main.c: In function 'main':
main.c:114:11: error: unknown type name 't'
           t          left_speed = -MAX_SPEED;
           ^
main.c:114:22: warning: unused variable 'left_speed' [-Wunused-variable]
           t          left_speed = -MAX_SPEED;
                      ^~~~~~~~~~
make: *** [../e-puck2_main-processor/ChibiOS//os/common/ports/ARMCMx/compilers/GCC/rules.mk:217: build/obj/main.o] Error 1
"make all" terminated with exit code 2. Build might be incomplete.
14:39:31 **** Incremental Build of configuration Default for project Exercise1 ****
make all 
[1;34mCompiling main.c[0m
main.c:26:6: warning: function declaration isn't a prototype [-Wstrict-prototypes]
 bool objectOnTheRight(){
      ^~~~~~~~~~~~~~~~
main.c:44:6: warning: function declaration isn't a prototype [-Wstrict-prototypes]
 bool objectOnTheLeft(){
      ^~~~~~~~~~~~~~~
[1;34mLinking build/Project_template.elf[0m
[1;34mCreating build/Project_template.hex[0m
[1;34mCreating build/Project_template.bin[0m
[1;34mCreating build/Project_template.dmp[0m

   text	   data	    bss	    dec	    hex	filename
  56644	   3052	   7852	  67548	  107dc	build/Project_template.elf
[1;34mCreating build/Project_template.list[0m

[1;34mDone[0m
14:39:36 **** Incremental Build of configuration Default for project Exercise1 ****
make all 
make: Nothing to be done for 'all'.
14:40:59 **** Incremental Build of configuration Default for project Exercise1 ****
make all 
[1;34mCompiling main.c[0m
main.c:26:6: warning: function declaration isn't a prototype [-Wstrict-prototypes]
 bool objectOnTheRight(){
      ^~~~~~~~~~~~~~~~
main.c:44:6: warning: function declaration isn't a prototype [-Wstrict-prototypes]
 bool objectOnTheLeft(){
      ^~~~~~~~~~~~~~~
[1;34mLinking build/Project_template.elf[0m
[1;34mCreating build/Project_template.hex[0m
[1;34mCreating build/Project_template.bin[0m
[1;34mCreating build/Project_template.dmp[0m

   text	   data	    bss	    dec	    hex	filename
  57108	   3052	   7852	  68012	  109ac	build/Project_template.elf
[1;34mCreating build/Project_template.list[0m

[1;34mDone[0m
14:41:03 **** Incremental Build of configuration Default for project Exercise1 ****
make all 
make: Nothing to be done for 'all'.
14:41:07 **** Incremental Build of configuration Default for project Exercise1 ****
make all 
make: Nothing to be done for 'all'.
14:41:08 **** Incremental Build of configuration Default for project Exercise1 ****
make all 
make: Nothing to be done for 'all'.
14:42:19 **** Incremental Build of configuration Default for project Exercise1 ****
make all 
[1;34mCompiling main.c[0m
main.c:26:6: warning: function declaration isn't a prototype [-Wstrict-prototypes]
 bool objectOnTheRight(){
      ^~~~~~~~~~~~~~~~
main.c:44:6: warning: function declaration isn't a prototype [-Wstrict-prototypes]
 bool objectOnTheLeft(){
      ^~~~~~~~~~~~~~~
[1;34mLinking build/Project_template.elf[0m
[1;34mCreating build/Project_template.hex[0m
[1;34mCreating build/Project_template.bin[0m
[1;34mCreating build/Project_template.dmp[0m

   text	   data	    bss	    dec	    hex	filename
  56996	   3052	   7852	  67900	  1093c	build/Project_template.elf
[1;34mCreating build/Project_template.list[0m

[1;34mDone[0m
14:42:22 **** Incremental Build of configuration Default for project Exercise1 ****
make all 
make: Nothing to be done for 'all'.
14:42:26 **** Incremental Build of configuration Default for project Exercise1 ****
make all 
make: Nothing to be done for 'all'.
14:42:28 **** Incremental Build of configuration Default for project Exercise1 ****
make all 
make: Nothing to be done for 'all'.
14:42:29 **** Incremental Build of configuration Default for project Exercise1 ****
make all 
make: Nothing to be done for 'all'.
14:42:45 **** Incremental Build of configuration Default for project Exercise1 ****
make all 
make: Nothing to be done for 'all'.
14:42:46 **** Incremental Build of configuration Default for project Exercise1 ****
make all 
make: Nothing to be done for 'all'.
14:44:31 **** Incremental Build of configuration Default for project Exercise1 ****
make all 
[1;34mCompiling main.c[0m
main.c:26:6: warning: function declaration isn't a prototype [-Wstrict-prototypes]
 bool objectOnTheRight(){
      ^~~~~~~~~~~~~~~~
main.c:44:6: warning: function declaration isn't a prototype [-Wstrict-prototypes]
 bool objectOnTheLeft(){
      ^~~~~~~~~~~~~~~
[1;34mLinking build/Project_template.elf[0m
[1;34mCreating build/Project_template.hex[0m
[1;34mCreating build/Project_template.bin[0m
[1;34mCreating build/Project_template.dmp[0m

   text	   data	    bss	    dec	    hex	filename
  56996	   3052	   7852	  67900	  1093c	build/Project_template.elf
[1;34mCreating build/Project_template.list[0m

[1;34mDone[0m
14:44:33 **** Incremental Build of configuration Default for project Exercise1 ****
make all 
make: Nothing to be done for 'all'.
14:44:35 **** Incremental Build of configuration Default for project Exercise1 ****
make all 
make: Nothing to be done for 'all'.
14:47:06 **** Incremental Build of configuration Default for project Exercise1 ****
make all 
[1;34mCompiling main.c[0m
main.c:26:6: warning: function declaration isn't a prototype [-Wstrict-prototypes]
 bool objectOnTheRight(){
      ^~~~~~~~~~~~~~~~
main.c:44:6: warning: function declaration isn't a prototype [-Wstrict-prototypes]
 bool objectOnTheLeft(){
      ^~~~~~~~~~~~~~~
main.c:62:6: warning: function declaration isn't a prototype [-Wstrict-prototypes]
 bool objectOnTheFront(){
      ^~~~~~~~~~~~~~~~
[1;34mLinking build/Project_template.elf[0m
[1;34mCreating build/Project_template.hex[0m
[1;34mCreating build/Project_template.bin[0m
[1;34mCreating build/Project_template.dmp[0m

   text	   data	    bss	    dec	    hex	filename
  57108	   3052	   7852	  68012	  109ac	build/Project_template.elf
[1;34mCreating build/Project_template.list[0m

[1;34mDone[0m
14:47:08 **** Incremental Build of configuration Default for project Exercise1 ****
make all 
make: Nothing to be done for 'all'.
14:47:11 **** Incremental Build of configuration Default for project Exercise1 ****
make all 
make: Nothing to be done for 'all'.
14:47:13 **** Incremental Build of configuration Default for project Exercise1 ****
make all 
make: Nothing to be done for 'all'.
14:50:06 **** Incremental Build of configuration Default for project Exercise1 ****
make all 
[1;34mCompiling main.c[0m
main.c:26:6: warning: function declaration isn't a prototype [-Wstrict-prototypes]
 bool objectOnTheRight(){
      ^~~~~~~~~~~~~~~~
main.c:44:6: warning: function declaration isn't a prototype [-Wstrict-prototypes]
 bool objectOnTheLeft(){
      ^~~~~~~~~~~~~~~
main.c:62:6: warning: function declaration isn't a prototype [-Wstrict-prototypes]
 bool objectOnTheFront(){
      ^~~~~~~~~~~~~~~~
[1;34mLinking build/Project_template.elf[0m
[1;34mCreating build/Project_template.hex[0m
[1;34mCreating build/Project_template.bin[0m
[1;34mCreating build/Project_template.dmp[0m

   text	   data	    bss	    dec	    hex	filename
  57172	   3052	   7852	  68076	  109ec	build/Project_template.elf
[1;34mCreating build/Project_template.list[0m

[1;34mDone[0m
14:50:08 **** Incremental Build of configuration Default for project Exercise1 ****
make all 
make: Nothing to be done for 'all'.
